[0.922s] Invoking command in '/home/ubumtu/robot_ws/build/m_pubsub': PYTHONPATH=/home/ubumtu/robot_ws/build/m_pubsub/prefix_override:/home/ubumtu/robot_ws/install/m_pubsub/lib/python3.8/site-packages:${PYTHONPATH} /usr/bin/python3 setup.py develop --editable --build-directory /home/ubumtu/robot_ws/build/m_pubsub/build --no-deps install_data
[1.214s] running develop
[1.376s] running egg_info
[1.376s] creating m_pubsub.egg-info
[1.376s] writing m_pubsub.egg-info/PKG-INFO
[1.376s] writing dependency_links to m_pubsub.egg-info/dependency_links.txt
[1.377s] writing entry points to m_pubsub.egg-info/entry_points.txt
[1.377s] writing requirements to m_pubsub.egg-info/requires.txt
[1.377s] writing top-level names to m_pubsub.egg-info/top_level.txt
[1.419s] writing manifest file 'm_pubsub.egg-info/SOURCES.txt'
[1.457s] reading manifest file 'm_pubsub.egg-info/SOURCES.txt'
[1.458s] writing manifest file 'm_pubsub.egg-info/SOURCES.txt'
[1.500s] running build_ext
[1.501s] Creating /home/ubumtu/robot_ws/install/m_pubsub/lib/python3.8/site-packages/site.py
[1.503s] Creating /home/ubumtu/robot_ws/install/m_pubsub/lib/python3.8/site-packages/m-pubsub.egg-link (link to .)
[1.504s] Installing mp script to /home/ubumtu/robot_ws/install/m_pubsub/lib/m_pubsub
[1.505s] Installing ms script to /home/ubumtu/robot_ws/install/m_pubsub/lib/m_pubsub
[1.506s] 
[1.507s] Installed /home/ubumtu/robot_ws/build/m_pubsub
[1.507s] running install_data
[1.507s] creating /home/ubumtu/robot_ws/install/m_pubsub/share/ament_index
[1.507s] creating /home/ubumtu/robot_ws/install/m_pubsub/share/ament_index/resource_index
[1.507s] creating /home/ubumtu/robot_ws/install/m_pubsub/share/ament_index/resource_index/packages
[1.507s] copying resource/m_pubsub -> /home/ubumtu/robot_ws/install/m_pubsub/share/ament_index/resource_index/packages
[1.508s] copying package.xml -> /home/ubumtu/robot_ws/install/m_pubsub/share/m_pubsub
[1.537s] Invoked command in '/home/ubumtu/robot_ws/build/m_pubsub' returned '0': PYTHONPATH=/home/ubumtu/robot_ws/build/m_pubsub/prefix_override:/home/ubumtu/robot_ws/install/m_pubsub/lib/python3.8/site-packages:${PYTHONPATH} /usr/bin/python3 setup.py develop --editable --build-directory /home/ubumtu/robot_ws/build/m_pubsub/build --no-deps install_data
