[1.423s] Invoking command in '/home/ubumtu/robot_ws/build/m_pubsub': PYTHONPATH=/home/ubumtu/robot_ws/build/m_pubsub/prefix_override:/home/ubumtu/robot_ws/install/m_pubsub/lib/python3.8/site-packages:${PYTHONPATH} /usr/bin/python3 setup.py develop --editable --build-directory /home/ubumtu/robot_ws/build/m_pubsub/build --no-deps install_data
[1.852s] running develop
[2.090s] running egg_info
[2.090s] writing m_pubsub.egg-info/PKG-INFO
[2.090s] writing dependency_links to m_pubsub.egg-info/dependency_links.txt
[2.090s] writing entry points to m_pubsub.egg-info/entry_points.txt
[2.090s] writing requirements to m_pubsub.egg-info/requires.txt
[2.090s] writing top-level names to m_pubsub.egg-info/top_level.txt
[2.150s] reading manifest file 'm_pubsub.egg-info/SOURCES.txt'
[2.152s] writing manifest file 'm_pubsub.egg-info/SOURCES.txt'
[2.199s] running build_ext
[2.200s] Creating /home/ubumtu/robot_ws/install/m_pubsub/lib/python3.8/site-packages/m-pubsub.egg-link (link to .)
[2.206s] Installing mp script to /home/ubumtu/robot_ws/install/m_pubsub/lib/m_pubsub
[2.206s] Installing ms script to /home/ubumtu/robot_ws/install/m_pubsub/lib/m_pubsub
[2.207s] Installing mst script to /home/ubumtu/robot_ws/install/m_pubsub/lib/m_pubsub
[2.207s] Installing mts script to /home/ubumtu/robot_ws/install/m_pubsub/lib/m_pubsub
[2.207s] 
[2.207s] Installed /home/ubumtu/robot_ws/build/m_pubsub
[2.207s] running install_data
[2.315s] Invoked command in '/home/ubumtu/robot_ws/build/m_pubsub' returned '0': PYTHONPATH=/home/ubumtu/robot_ws/build/m_pubsub/prefix_override:/home/ubumtu/robot_ws/install/m_pubsub/lib/python3.8/site-packages:${PYTHONPATH} /usr/bin/python3 setup.py develop --editable --build-directory /home/ubumtu/robot_ws/build/m_pubsub/build --no-deps install_data
