[1.156s] Invoking command in '/home/ubumtu/robot_ws/build/m_pubsub': PYTHONPATH=/home/ubumtu/robot_ws/build/m_pubsub/prefix_override:/home/ubumtu/robot_ws/install/m_pubsub/lib/python3.8/site-packages:${PYTHONPATH} /usr/bin/python3 setup.py develop --editable --build-directory /home/ubumtu/robot_ws/build/m_pubsub/build --no-deps install_data
[1.475s] running develop
[1.667s] running egg_info
[1.668s] writing m_pubsub.egg-info/PKG-INFO
[1.668s] writing dependency_links to m_pubsub.egg-info/dependency_links.txt
[1.669s] writing entry points to m_pubsub.egg-info/entry_points.txt
[1.670s] writing requirements to m_pubsub.egg-info/requires.txt
[1.673s] writing top-level names to m_pubsub.egg-info/top_level.txt
[1.715s] reading manifest file 'm_pubsub.egg-info/SOURCES.txt'
[1.716s] writing manifest file 'm_pubsub.egg-info/SOURCES.txt'
[1.764s] running build_ext
[1.765s] Creating /home/ubumtu/robot_ws/install/m_pubsub/lib/python3.8/site-packages/m-pubsub.egg-link (link to .)
[1.767s] Installing mp script to /home/ubumtu/robot_ws/install/m_pubsub/lib/m_pubsub
[1.767s] Installing ms script to /home/ubumtu/robot_ws/install/m_pubsub/lib/m_pubsub
[1.768s] Installing mst script to /home/ubumtu/robot_ws/install/m_pubsub/lib/m_pubsub
[1.768s] Installing mts script to /home/ubumtu/robot_ws/install/m_pubsub/lib/m_pubsub
[1.769s] 
[1.769s] Installed /home/ubumtu/robot_ws/build/m_pubsub
[1.770s] running install_data
[1.829s] Invoked command in '/home/ubumtu/robot_ws/build/m_pubsub' returned '0': PYTHONPATH=/home/ubumtu/robot_ws/build/m_pubsub/prefix_override:/home/ubumtu/robot_ws/install/m_pubsub/lib/python3.8/site-packages:${PYTHONPATH} /usr/bin/python3 setup.py develop --editable --build-directory /home/ubumtu/robot_ws/build/m_pubsub/build --no-deps install_data
