[1.162s] Invoking command in '/home/ubumtu/robot_ws/build/m_pubsub': PYTHONPATH=/home/ubumtu/robot_ws/build/m_pubsub/prefix_override:/home/ubumtu/robot_ws/install/m_pubsub/lib/python3.8/site-packages:${PYTHONPATH} /usr/bin/python3 setup.py develop --editable --build-directory /home/ubumtu/robot_ws/build/m_pubsub/build --no-deps install_data
[1.463s] running develop
[1.646s] running egg_info
[1.646s] writing m_pubsub.egg-info/PKG-INFO
[1.647s] writing dependency_links to m_pubsub.egg-info/dependency_links.txt
[1.648s] writing entry points to m_pubsub.egg-info/entry_points.txt
[1.648s] writing requirements to m_pubsub.egg-info/requires.txt
[1.649s] writing top-level names to m_pubsub.egg-info/top_level.txt
[1.690s] reading manifest file 'm_pubsub.egg-info/SOURCES.txt'
[1.692s] writing manifest file 'm_pubsub.egg-info/SOURCES.txt'
[1.737s] running build_ext
[1.738s] Creating /home/ubumtu/robot_ws/install/m_pubsub/lib/python3.8/site-packages/m-pubsub.egg-link (link to .)
[1.739s] Installing mp script to /home/ubumtu/robot_ws/install/m_pubsub/lib/m_pubsub
[1.740s] Installing ms script to /home/ubumtu/robot_ws/install/m_pubsub/lib/m_pubsub
[1.740s] Installing mst script to /home/ubumtu/robot_ws/install/m_pubsub/lib/m_pubsub
[1.741s] Installing mts script to /home/ubumtu/robot_ws/install/m_pubsub/lib/m_pubsub
[1.741s] 
[1.742s] Installed /home/ubumtu/robot_ws/build/m_pubsub
[1.742s] running install_data
[1.778s] Invoked command in '/home/ubumtu/robot_ws/build/m_pubsub' returned '0': PYTHONPATH=/home/ubumtu/robot_ws/build/m_pubsub/prefix_override:/home/ubumtu/robot_ws/install/m_pubsub/lib/python3.8/site-packages:${PYTHONPATH} /usr/bin/python3 setup.py develop --editable --build-directory /home/ubumtu/robot_ws/build/m_pubsub/build --no-deps install_data
