[0.230s] DEBUG:colcon:Command line arguments: ['/usr/bin/colcon', 'build', '--symlink-install']
[0.230s] DEBUG:colcon:Parsed command line arguments: Namespace(allow_overriding=[], ament_cmake_args=None, base_paths=['.'], build_base='build', catkin_cmake_args=None, catkin_skip_building_tests=False, cmake_args=None, cmake_clean_cache=False, cmake_clean_first=False, cmake_force_configure=False, cmake_target=None, cmake_target_skip_unavailable=False, continue_on_error=False, event_handlers=None, executor='parallel', ignore_user_meta=False, install_base='install', log_base=None, log_level=None, main=<bound method BuildVerb.main of <colcon_core.verb.build.BuildVerb object at 0x7f10551a2850>>, merge_install=False, metas=['./colcon.meta'], packages_above=None, packages_above_and_dependencies=None, packages_above_depth=None, packages_end=None, packages_ignore=None, packages_ignore_regex=None, packages_select=None, packages_select_build_failed=False, packages_select_by_dep=None, packages_select_regex=None, packages_select_test_failures=False, packages_skip=None, packages_skip_build_finished=False, packages_skip_by_dep=None, packages_skip_regex=None, packages_skip_test_passed=False, packages_skip_up_to=None, packages_start=None, packages_up_to=None, packages_up_to_regex=None, parallel_workers=2, paths=None, symlink_install=True, test_result_base=None, verb_extension=<colcon_core.verb.build.BuildVerb object at 0x7f10551a2850>, verb_name='build', verb_parser=<colcon_defaults.argument_parser.defaults.DefaultArgumentsDecorator object at 0x7f10551a2dc0>)
[0.265s] Level 1:colcon.colcon_core.package_discovery:discover_packages(colcon_meta) check parameters
[0.266s] Level 1:colcon.colcon_core.package_discovery:discover_packages(recursive) check parameters
[0.266s] Level 1:colcon.colcon_core.package_discovery:discover_packages(ignore) check parameters
[0.266s] Level 1:colcon.colcon_core.package_discovery:discover_packages(path) check parameters
[0.266s] Level 1:colcon.colcon_core.package_discovery:discover_packages(colcon_meta) discover
[0.266s] Level 1:colcon.colcon_core.package_discovery:discover_packages(recursive) discover
[0.266s] INFO:colcon.colcon_core.package_discovery:Crawling recursively for packages in '/home/ubumtu/robot_ws'
[0.266s] Level 1:colcon.colcon_core.package_identification:_identify(.) by extensions ['ignore', 'ignore_ament_install']
[0.266s] Level 1:colcon.colcon_core.package_identification:_identify(.) by extension 'ignore'
[0.267s] Level 1:colcon.colcon_core.package_identification:_identify(.) by extension 'ignore_ament_install'
[0.267s] Level 1:colcon.colcon_core.package_identification:_identify(.) by extensions ['colcon_pkg']
[0.267s] Level 1:colcon.colcon_core.package_identification:_identify(.) by extension 'colcon_pkg'
[0.267s] Level 1:colcon.colcon_core.package_identification:_identify(.) by extensions ['colcon_meta']
[0.267s] Level 1:colcon.colcon_core.package_identification:_identify(.) by extension 'colcon_meta'
[0.267s] Level 1:colcon.colcon_core.package_identification:_identify(.) by extensions ['ros']
[0.267s] Level 1:colcon.colcon_core.package_identification:_identify(.) by extension 'ros'
[0.289s] Level 1:colcon.colcon_core.package_identification:_identify(.) by extensions ['cmake', 'python']
[0.289s] Level 1:colcon.colcon_core.package_identification:_identify(.) by extension 'cmake'
[0.289s] Level 1:colcon.colcon_core.package_identification:_identify(.) by extension 'python'
[0.289s] Level 1:colcon.colcon_core.package_identification:_identify(.) by extensions ['python_setup_py']
[0.289s] Level 1:colcon.colcon_core.package_identification:_identify(.) by extension 'python_setup_py'
[0.289s] Level 1:colcon.colcon_core.package_identification:_identify(build) by extensions ['ignore', 'ignore_ament_install']
[0.290s] Level 1:colcon.colcon_core.package_identification:_identify(build) by extension 'ignore'
[0.290s] Level 1:colcon.colcon_core.package_identification:_identify(build) ignored
[0.290s] Level 1:colcon.colcon_core.package_identification:_identify(install) by extensions ['ignore', 'ignore_ament_install']
[0.290s] Level 1:colcon.colcon_core.package_identification:_identify(install) by extension 'ignore'
[0.290s] Level 1:colcon.colcon_core.package_identification:_identify(install) ignored
[0.290s] Level 1:colcon.colcon_core.package_identification:_identify(log) by extensions ['ignore', 'ignore_ament_install']
[0.290s] Level 1:colcon.colcon_core.package_identification:_identify(log) by extension 'ignore'
[0.291s] Level 1:colcon.colcon_core.package_identification:_identify(log) ignored
[0.291s] Level 1:colcon.colcon_core.package_identification:_identify(src) by extensions ['ignore', 'ignore_ament_install']
[0.291s] Level 1:colcon.colcon_core.package_identification:_identify(src) by extension 'ignore'
[0.291s] Level 1:colcon.colcon_core.package_identification:_identify(src) by extension 'ignore_ament_install'
[0.291s] Level 1:colcon.colcon_core.package_identification:_identify(src) by extensions ['colcon_pkg']
[0.291s] Level 1:colcon.colcon_core.package_identification:_identify(src) by extension 'colcon_pkg'
[0.291s] Level 1:colcon.colcon_core.package_identification:_identify(src) by extensions ['colcon_meta']
[0.291s] Level 1:colcon.colcon_core.package_identification:_identify(src) by extension 'colcon_meta'
[0.292s] Level 1:colcon.colcon_core.package_identification:_identify(src) by extensions ['ros']
[0.292s] Level 1:colcon.colcon_core.package_identification:_identify(src) by extension 'ros'
[0.292s] Level 1:colcon.colcon_core.package_identification:_identify(src) by extensions ['cmake', 'python']
[0.292s] Level 1:colcon.colcon_core.package_identification:_identify(src) by extension 'cmake'
[0.292s] Level 1:colcon.colcon_core.package_identification:_identify(src) by extension 'python'
[0.292s] Level 1:colcon.colcon_core.package_identification:_identify(src) by extensions ['python_setup_py']
[0.292s] Level 1:colcon.colcon_core.package_identification:_identify(src) by extension 'python_setup_py'
[0.292s] Level 1:colcon.colcon_core.package_identification:_identify(src/m_pubsub) by extensions ['ignore', 'ignore_ament_install']
[0.293s] Level 1:colcon.colcon_core.package_identification:_identify(src/m_pubsub) by extension 'ignore'
[0.293s] Level 1:colcon.colcon_core.package_identification:_identify(src/m_pubsub) by extension 'ignore_ament_install'
[0.293s] Level 1:colcon.colcon_core.package_identification:_identify(src/m_pubsub) by extensions ['colcon_pkg']
[0.293s] Level 1:colcon.colcon_core.package_identification:_identify(src/m_pubsub) by extension 'colcon_pkg'
[0.293s] Level 1:colcon.colcon_core.package_identification:_identify(src/m_pubsub) by extensions ['colcon_meta']
[0.293s] Level 1:colcon.colcon_core.package_identification:_identify(src/m_pubsub) by extension 'colcon_meta'
[0.293s] Level 1:colcon.colcon_core.package_identification:_identify(src/m_pubsub) by extensions ['ros']
[0.293s] Level 1:colcon.colcon_core.package_identification:_identify(src/m_pubsub) by extension 'ros'
[0.296s] DEBUG:colcon.colcon_core.package_identification:Package 'src/m_pubsub' with type 'ros.ament_python' and name 'm_pubsub'
[0.296s] Level 1:colcon.colcon_core.package_identification:_identify(src/move_turtle_pkg) by extensions ['ignore', 'ignore_ament_install']
[0.297s] Level 1:colcon.colcon_core.package_identification:_identify(src/move_turtle_pkg) by extension 'ignore'
[0.297s] Level 1:colcon.colcon_core.package_identification:_identify(src/move_turtle_pkg) by extension 'ignore_ament_install'
[0.297s] Level 1:colcon.colcon_core.package_identification:_identify(src/move_turtle_pkg) by extensions ['colcon_pkg']
[0.297s] Level 1:colcon.colcon_core.package_identification:_identify(src/move_turtle_pkg) by extension 'colcon_pkg'
[0.297s] Level 1:colcon.colcon_core.package_identification:_identify(src/move_turtle_pkg) by extensions ['colcon_meta']
[0.297s] Level 1:colcon.colcon_core.package_identification:_identify(src/move_turtle_pkg) by extension 'colcon_meta'
[0.297s] Level 1:colcon.colcon_core.package_identification:_identify(src/move_turtle_pkg) by extensions ['ros']
[0.297s] Level 1:colcon.colcon_core.package_identification:_identify(src/move_turtle_pkg) by extension 'ros'
[0.298s] DEBUG:colcon.colcon_core.package_identification:Package 'src/move_turtle_pkg' with type 'ros.ament_python' and name 'move_turtle_pkg'
[0.298s] Level 1:colcon.colcon_core.package_identification:_identify(src/mt_pubsub) by extensions ['ignore', 'ignore_ament_install']
[0.298s] Level 1:colcon.colcon_core.package_identification:_identify(src/mt_pubsub) by extension 'ignore'
[0.298s] Level 1:colcon.colcon_core.package_identification:_identify(src/mt_pubsub) by extension 'ignore_ament_install'
[0.299s] Level 1:colcon.colcon_core.package_identification:_identify(src/mt_pubsub) by extensions ['colcon_pkg']
[0.299s] Level 1:colcon.colcon_core.package_identification:_identify(src/mt_pubsub) by extension 'colcon_pkg'
[0.299s] Level 1:colcon.colcon_core.package_identification:_identify(src/mt_pubsub) by extensions ['colcon_meta']
[0.299s] Level 1:colcon.colcon_core.package_identification:_identify(src/mt_pubsub) by extension 'colcon_meta'
[0.299s] Level 1:colcon.colcon_core.package_identification:_identify(src/mt_pubsub) by extensions ['ros']
[0.299s] Level 1:colcon.colcon_core.package_identification:_identify(src/mt_pubsub) by extension 'ros'
[0.300s] DEBUG:colcon.colcon_core.package_identification:Package 'src/mt_pubsub' with type 'ros.ament_python' and name 'mt_pubsub'
[0.300s] Level 1:colcon.colcon_core.package_discovery:discover_packages(recursive) using defaults
[0.300s] Level 1:colcon.colcon_core.package_discovery:discover_packages(ignore) discover
[0.300s] Level 1:colcon.colcon_core.package_discovery:discover_packages(ignore) using defaults
[0.300s] Level 1:colcon.colcon_core.package_discovery:discover_packages(path) discover
[0.300s] Level 1:colcon.colcon_core.package_discovery:discover_packages(path) using defaults
[0.331s] Level 1:colcon.colcon_core.package_discovery:discover_packages(prefix_path) check parameters
[0.331s] Level 1:colcon.colcon_core.package_discovery:discover_packages(prefix_path) discover
[0.336s] DEBUG:colcon.colcon_installed_package_information.package_discovery:Found 3 installed packages in /home/ubumtu/robot_ws/install
[0.339s] DEBUG:colcon.colcon_installed_package_information.package_discovery:Found 258 installed packages in /opt/ros/foxy
[0.341s] Level 1:colcon.colcon_core.package_discovery:discover_packages(prefix_path) using defaults
[0.432s] Level 5:colcon.colcon_core.verb:set package 'm_pubsub' build argument 'cmake_args' from command line to 'None'
[0.432s] Level 5:colcon.colcon_core.verb:set package 'm_pubsub' build argument 'cmake_target' from command line to 'None'
[0.433s] Level 5:colcon.colcon_core.verb:set package 'm_pubsub' build argument 'cmake_target_skip_unavailable' from command line to 'False'
[0.433s] Level 5:colcon.colcon_core.verb:set package 'm_pubsub' build argument 'cmake_clean_cache' from command line to 'False'
[0.433s] Level 5:colcon.colcon_core.verb:set package 'm_pubsub' build argument 'cmake_clean_first' from command line to 'False'
[0.433s] Level 5:colcon.colcon_core.verb:set package 'm_pubsub' build argument 'cmake_force_configure' from command line to 'False'
[0.433s] Level 5:colcon.colcon_core.verb:set package 'm_pubsub' build argument 'ament_cmake_args' from command line to 'None'
[0.433s] Level 5:colcon.colcon_core.verb:set package 'm_pubsub' build argument 'catkin_cmake_args' from command line to 'None'
[0.433s] Level 5:colcon.colcon_core.verb:set package 'm_pubsub' build argument 'catkin_skip_building_tests' from command line to 'False'
[0.433s] DEBUG:colcon.colcon_core.verb:Building package 'm_pubsub' with the following arguments: {'ament_cmake_args': None, 'build_base': '/home/ubumtu/robot_ws/build/m_pubsub', 'catkin_cmake_args': None, 'catkin_skip_building_tests': False, 'cmake_args': None, 'cmake_clean_cache': False, 'cmake_clean_first': False, 'cmake_force_configure': False, 'cmake_target': None, 'cmake_target_skip_unavailable': False, 'install_base': '/home/ubumtu/robot_ws/install/m_pubsub', 'merge_install': False, 'path': '/home/ubumtu/robot_ws/src/m_pubsub', 'symlink_install': True, 'test_result_base': None}
[0.436s] Level 5:colcon.colcon_core.verb:set package 'move_turtle_pkg' build argument 'cmake_args' from command line to 'None'
[0.436s] Level 5:colcon.colcon_core.verb:set package 'move_turtle_pkg' build argument 'cmake_target' from command line to 'None'
[0.436s] Level 5:colcon.colcon_core.verb:set package 'move_turtle_pkg' build argument 'cmake_target_skip_unavailable' from command line to 'False'
[0.437s] Level 5:colcon.colcon_core.verb:set package 'move_turtle_pkg' build argument 'cmake_clean_cache' from command line to 'False'
[0.437s] Level 5:colcon.colcon_core.verb:set package 'move_turtle_pkg' build argument 'cmake_clean_first' from command line to 'False'
[0.437s] Level 5:colcon.colcon_core.verb:set package 'move_turtle_pkg' build argument 'cmake_force_configure' from command line to 'False'
[0.437s] Level 5:colcon.colcon_core.verb:set package 'move_turtle_pkg' build argument 'ament_cmake_args' from command line to 'None'
[0.437s] Level 5:colcon.colcon_core.verb:set package 'move_turtle_pkg' build argument 'catkin_cmake_args' from command line to 'None'
[0.437s] Level 5:colcon.colcon_core.verb:set package 'move_turtle_pkg' build argument 'catkin_skip_building_tests' from command line to 'False'
[0.437s] DEBUG:colcon.colcon_core.verb:Building package 'move_turtle_pkg' with the following arguments: {'ament_cmake_args': None, 'build_base': '/home/ubumtu/robot_ws/build/move_turtle_pkg', 'catkin_cmake_args': None, 'catkin_skip_building_tests': False, 'cmake_args': None, 'cmake_clean_cache': False, 'cmake_clean_first': False, 'cmake_force_configure': False, 'cmake_target': None, 'cmake_target_skip_unavailable': False, 'install_base': '/home/ubumtu/robot_ws/install/move_turtle_pkg', 'merge_install': False, 'path': '/home/ubumtu/robot_ws/src/move_turtle_pkg', 'symlink_install': True, 'test_result_base': None}
[0.439s] Level 5:colcon.colcon_core.verb:set package 'mt_pubsub' build argument 'cmake_args' from command line to 'None'
[0.439s] Level 5:colcon.colcon_core.verb:set package 'mt_pubsub' build argument 'cmake_target' from command line to 'None'
[0.439s] Level 5:colcon.colcon_core.verb:set package 'mt_pubsub' build argument 'cmake_target_skip_unavailable' from command line to 'False'
[0.440s] Level 5:colcon.colcon_core.verb:set package 'mt_pubsub' build argument 'cmake_clean_cache' from command line to 'False'
[0.440s] Level 5:colcon.colcon_core.verb:set package 'mt_pubsub' build argument 'cmake_clean_first' from command line to 'False'
[0.440s] Level 5:colcon.colcon_core.verb:set package 'mt_pubsub' build argument 'cmake_force_configure' from command line to 'False'
[0.440s] Level 5:colcon.colcon_core.verb:set package 'mt_pubsub' build argument 'ament_cmake_args' from command line to 'None'
[0.440s] Level 5:colcon.colcon_core.verb:set package 'mt_pubsub' build argument 'catkin_cmake_args' from command line to 'None'
[0.440s] Level 5:colcon.colcon_core.verb:set package 'mt_pubsub' build argument 'catkin_skip_building_tests' from command line to 'False'
[0.440s] DEBUG:colcon.colcon_core.verb:Building package 'mt_pubsub' with the following arguments: {'ament_cmake_args': None, 'build_base': '/home/ubumtu/robot_ws/build/mt_pubsub', 'catkin_cmake_args': None, 'catkin_skip_building_tests': False, 'cmake_args': None, 'cmake_clean_cache': False, 'cmake_clean_first': False, 'cmake_force_configure': False, 'cmake_target': None, 'cmake_target_skip_unavailable': False, 'install_base': '/home/ubumtu/robot_ws/install/mt_pubsub', 'merge_install': False, 'path': '/home/ubumtu/robot_ws/src/mt_pubsub', 'symlink_install': True, 'test_result_base': None}
[0.442s] INFO:colcon.colcon_core.executor:Executing jobs using 'parallel' executor
[0.453s] DEBUG:colcon.colcon_parallel_executor.executor.parallel:run_until_complete
[0.453s] INFO:colcon.colcon_ros.task.ament_python.build:Building ROS package in '/home/ubumtu/robot_ws/src/m_pubsub' with build type 'ament_python'
[0.454s] Level 1:colcon.colcon_core.shell:create_environment_hook('m_pubsub', 'ament_prefix_path')
[0.462s] INFO:colcon.colcon_core.plugin_system:Skipping extension 'colcon_core.shell.bat': Not used on non-Windows systems
[0.462s] INFO:colcon.colcon_core.shell:Creating environment hook '/home/ubumtu/robot_ws/install/m_pubsub/share/m_pubsub/hook/ament_prefix_path.ps1'
[0.463s] INFO:colcon.colcon_core.shell:Creating environment descriptor '/home/ubumtu/robot_ws/install/m_pubsub/share/m_pubsub/hook/ament_prefix_path.dsv'
[0.464s] INFO:colcon.colcon_core.shell:Creating environment hook '/home/ubumtu/robot_ws/install/m_pubsub/share/m_pubsub/hook/ament_prefix_path.sh'
[0.468s] INFO:colcon.colcon_core.shell:Skip shell extension 'powershell' for command environment: Not usable outside of PowerShell
[0.468s] DEBUG:colcon.colcon_core.shell:Skip shell extension 'dsv' for command environment
[0.479s] INFO:colcon.colcon_ros.task.ament_python.build:Building ROS package in '/home/ubumtu/robot_ws/src/move_turtle_pkg' with build type 'ament_python'
[0.479s] Level 1:colcon.colcon_core.shell:create_environment_hook('move_turtle_pkg', 'ament_prefix_path')
[0.483s] INFO:colcon.colcon_core.shell:Creating environment hook '/home/ubumtu/robot_ws/install/move_turtle_pkg/share/move_turtle_pkg/hook/ament_prefix_path.ps1'
[0.485s] INFO:colcon.colcon_core.shell:Creating environment descriptor '/home/ubumtu/robot_ws/install/move_turtle_pkg/share/move_turtle_pkg/hook/ament_prefix_path.dsv'
[0.486s] INFO:colcon.colcon_core.shell:Creating environment hook '/home/ubumtu/robot_ws/install/move_turtle_pkg/share/move_turtle_pkg/hook/ament_prefix_path.sh'
[0.490s] INFO:colcon.colcon_core.shell:Skip shell extension 'powershell' for command environment: Not usable outside of PowerShell
[0.490s] DEBUG:colcon.colcon_core.shell:Skip shell extension 'dsv' for command environment
[0.786s] INFO:colcon.colcon_core.task.python.build:Building Python package in '/home/ubumtu/robot_ws/src/m_pubsub'
[0.790s] INFO:colcon.colcon_core.shell:Skip shell extension 'powershell' for command environment: Not usable outside of PowerShell
[0.790s] DEBUG:colcon.colcon_core.shell:Skip shell extension 'dsv' for command environment
[1.086s] INFO:colcon.colcon_core.task.python.build:Building Python package in '/home/ubumtu/robot_ws/src/move_turtle_pkg'
[1.091s] INFO:colcon.colcon_core.shell:Skip shell extension 'powershell' for command environment: Not usable outside of PowerShell
[1.091s] DEBUG:colcon.colcon_core.shell:Skip shell extension 'dsv' for command environment
[1.595s] DEBUG:colcon.colcon_core.event_handler.log_command:Invoking command in '/home/ubumtu/robot_ws/build/move_turtle_pkg': PYTHONPATH=/home/ubumtu/robot_ws/build/move_turtle_pkg/prefix_override:/home/ubumtu/robot_ws/install/move_turtle_pkg/lib/python3.8/site-packages:${PYTHONPATH} /usr/bin/python3 setup.py develop --editable --build-directory /home/ubumtu/robot_ws/build/move_turtle_pkg/build --no-deps install_data
[1.604s] DEBUG:colcon.colcon_core.event_handler.log_command:Invoking command in '/home/ubumtu/robot_ws/build/m_pubsub': PYTHONPATH=/home/ubumtu/robot_ws/build/m_pubsub/prefix_override:/home/ubumtu/robot_ws/install/m_pubsub/lib/python3.8/site-packages:${PYTHONPATH} /usr/bin/python3 setup.py develop --editable --build-directory /home/ubumtu/robot_ws/build/m_pubsub/build --no-deps install_data
[2.240s] Level 1:colcon.colcon_core.shell:create_environment_hook('m_pubsub', 'pythonpath_develop')
[2.244s] INFO:colcon.colcon_core.shell:Creating environment hook '/home/ubumtu/robot_ws/build/m_pubsub/share/m_pubsub/hook/pythonpath_develop.ps1'
[2.246s] INFO:colcon.colcon_core.shell:Creating environment descriptor '/home/ubumtu/robot_ws/build/m_pubsub/share/m_pubsub/hook/pythonpath_develop.dsv'
[2.247s] DEBUG:colcon.colcon_core.event_handler.log_command:Invoked command in '/home/ubumtu/robot_ws/build/m_pubsub' returned '0': PYTHONPATH=/home/ubumtu/robot_ws/build/m_pubsub/prefix_override:/home/ubumtu/robot_ws/install/m_pubsub/lib/python3.8/site-packages:${PYTHONPATH} /usr/bin/python3 setup.py develop --editable --build-directory /home/ubumtu/robot_ws/build/m_pubsub/build --no-deps install_data
[2.247s] INFO:colcon.colcon_core.shell:Creating environment hook '/home/ubumtu/robot_ws/build/m_pubsub/share/m_pubsub/hook/pythonpath_develop.sh'
[2.257s] Level 1:colcon.colcon_core.environment:checking '/home/ubumtu/robot_ws/install/m_pubsub' for CMake module files
[2.258s] Level 1:colcon.colcon_core.environment:checking '/home/ubumtu/robot_ws/install/m_pubsub' for CMake config files
[2.259s] Level 1:colcon.colcon_core.environment:checking '/home/ubumtu/robot_ws/install/m_pubsub/lib'
[2.259s] Level 1:colcon.colcon_core.environment:checking '/home/ubumtu/robot_ws/install/m_pubsub/bin'
[2.259s] Level 1:colcon.colcon_core.environment:checking '/home/ubumtu/robot_ws/install/m_pubsub/lib/pkgconfig/m_pubsub.pc'
[2.260s] Level 1:colcon.colcon_core.environment:checking '/home/ubumtu/robot_ws/install/m_pubsub/lib/python3.8/site-packages'
[2.260s] Level 1:colcon.colcon_core.shell:create_environment_hook('m_pubsub', 'pythonpath')
[2.263s] INFO:colcon.colcon_core.shell:Creating environment hook '/home/ubumtu/robot_ws/install/m_pubsub/share/m_pubsub/hook/pythonpath.ps1'
[2.266s] INFO:colcon.colcon_core.shell:Creating environment descriptor '/home/ubumtu/robot_ws/install/m_pubsub/share/m_pubsub/hook/pythonpath.dsv'
[2.267s] INFO:colcon.colcon_core.shell:Creating environment hook '/home/ubumtu/robot_ws/install/m_pubsub/share/m_pubsub/hook/pythonpath.sh'
[2.267s] Level 1:colcon.colcon_core.environment:checking '/home/ubumtu/robot_ws/install/m_pubsub/bin'
[2.267s] Level 1:colcon.colcon_core.environment:create_environment_scripts_only(m_pubsub)
[2.272s] INFO:colcon.colcon_core.shell:Creating package script '/home/ubumtu/robot_ws/install/m_pubsub/share/m_pubsub/package.ps1'
[2.274s] INFO:colcon.colcon_core.shell:Creating package descriptor '/home/ubumtu/robot_ws/install/m_pubsub/share/m_pubsub/package.dsv'
[2.275s] INFO:colcon.colcon_core.shell:Creating package script '/home/ubumtu/robot_ws/install/m_pubsub/share/m_pubsub/package.sh'
[2.276s] INFO:colcon.colcon_core.shell:Creating package script '/home/ubumtu/robot_ws/install/m_pubsub/share/m_pubsub/package.bash'
[2.277s] INFO:colcon.colcon_core.shell:Creating package script '/home/ubumtu/robot_ws/install/m_pubsub/share/m_pubsub/package.zsh'
[2.279s] Level 1:colcon.colcon_core.environment:create_file_with_runtime_dependencies(/home/ubumtu/robot_ws/install/m_pubsub/share/colcon-core/packages/m_pubsub)
[2.280s] INFO:colcon.colcon_ros.task.ament_python.build:Building ROS package in '/home/ubumtu/robot_ws/src/mt_pubsub' with build type 'ament_python'
[2.281s] Level 1:colcon.colcon_core.shell:create_environment_hook('mt_pubsub', 'ament_prefix_path')
[2.285s] INFO:colcon.colcon_core.shell:Creating environment hook '/home/ubumtu/robot_ws/install/mt_pubsub/share/mt_pubsub/hook/ament_prefix_path.ps1'
[2.286s] INFO:colcon.colcon_core.shell:Creating environment descriptor '/home/ubumtu/robot_ws/install/mt_pubsub/share/mt_pubsub/hook/ament_prefix_path.dsv'
[2.286s] INFO:colcon.colcon_core.shell:Creating environment hook '/home/ubumtu/robot_ws/install/mt_pubsub/share/mt_pubsub/hook/ament_prefix_path.sh'
[2.291s] INFO:colcon.colcon_core.shell:Skip shell extension 'powershell' for command environment: Not usable outside of PowerShell
[2.291s] DEBUG:colcon.colcon_core.shell:Skip shell extension 'dsv' for command environment
[2.306s] Level 1:colcon.colcon_core.shell:create_environment_hook('move_turtle_pkg', 'pythonpath_develop')
[2.311s] INFO:colcon.colcon_core.shell:Creating environment hook '/home/ubumtu/robot_ws/build/move_turtle_pkg/share/move_turtle_pkg/hook/pythonpath_develop.ps1'
[2.313s] DEBUG:colcon.colcon_core.event_handler.log_command:Invoked command in '/home/ubumtu/robot_ws/build/move_turtle_pkg' returned '0': PYTHONPATH=/home/ubumtu/robot_ws/build/move_turtle_pkg/prefix_override:/home/ubumtu/robot_ws/install/move_turtle_pkg/lib/python3.8/site-packages:${PYTHONPATH} /usr/bin/python3 setup.py develop --editable --build-directory /home/ubumtu/robot_ws/build/move_turtle_pkg/build --no-deps install_data
[2.313s] INFO:colcon.colcon_core.shell:Creating environment descriptor '/home/ubumtu/robot_ws/build/move_turtle_pkg/share/move_turtle_pkg/hook/pythonpath_develop.dsv'
[2.314s] INFO:colcon.colcon_core.shell:Creating environment hook '/home/ubumtu/robot_ws/build/move_turtle_pkg/share/move_turtle_pkg/hook/pythonpath_develop.sh'
[2.320s] Level 1:colcon.colcon_core.environment:checking '/home/ubumtu/robot_ws/install/move_turtle_pkg' for CMake module files
[2.321s] Level 1:colcon.colcon_core.environment:checking '/home/ubumtu/robot_ws/install/move_turtle_pkg' for CMake config files
[2.321s] Level 1:colcon.colcon_core.environment:checking '/home/ubumtu/robot_ws/install/move_turtle_pkg/lib'
[2.321s] Level 1:colcon.colcon_core.environment:checking '/home/ubumtu/robot_ws/install/move_turtle_pkg/bin'
[2.322s] Level 1:colcon.colcon_core.environment:checking '/home/ubumtu/robot_ws/install/move_turtle_pkg/lib/pkgconfig/move_turtle_pkg.pc'
[2.322s] Level 1:colcon.colcon_core.environment:checking '/home/ubumtu/robot_ws/install/move_turtle_pkg/lib/python3.8/site-packages'
[2.322s] Level 1:colcon.colcon_core.shell:create_environment_hook('move_turtle_pkg', 'pythonpath')
[2.326s] INFO:colcon.colcon_core.shell:Creating environment hook '/home/ubumtu/robot_ws/install/move_turtle_pkg/share/move_turtle_pkg/hook/pythonpath.ps1'
[2.326s] INFO:colcon.colcon_core.shell:Creating environment descriptor '/home/ubumtu/robot_ws/install/move_turtle_pkg/share/move_turtle_pkg/hook/pythonpath.dsv'
[2.327s] INFO:colcon.colcon_core.shell:Creating environment hook '/home/ubumtu/robot_ws/install/move_turtle_pkg/share/move_turtle_pkg/hook/pythonpath.sh'
[2.328s] Level 1:colcon.colcon_core.environment:checking '/home/ubumtu/robot_ws/install/move_turtle_pkg/bin'
[2.328s] Level 1:colcon.colcon_core.environment:create_environment_scripts_only(move_turtle_pkg)
[2.332s] INFO:colcon.colcon_core.shell:Creating package script '/home/ubumtu/robot_ws/install/move_turtle_pkg/share/move_turtle_pkg/package.ps1'
[2.333s] INFO:colcon.colcon_core.shell:Creating package descriptor '/home/ubumtu/robot_ws/install/move_turtle_pkg/share/move_turtle_pkg/package.dsv'
[2.333s] INFO:colcon.colcon_core.shell:Creating package script '/home/ubumtu/robot_ws/install/move_turtle_pkg/share/move_turtle_pkg/package.sh'
[2.334s] INFO:colcon.colcon_core.shell:Creating package script '/home/ubumtu/robot_ws/install/move_turtle_pkg/share/move_turtle_pkg/package.bash'
[2.335s] INFO:colcon.colcon_core.shell:Creating package script '/home/ubumtu/robot_ws/install/move_turtle_pkg/share/move_turtle_pkg/package.zsh'
[2.335s] Level 1:colcon.colcon_core.environment:create_file_with_runtime_dependencies(/home/ubumtu/robot_ws/install/move_turtle_pkg/share/colcon-core/packages/move_turtle_pkg)
[2.628s] INFO:colcon.colcon_core.task.python.build:Building Python package in '/home/ubumtu/robot_ws/src/mt_pubsub'
[2.633s] INFO:colcon.colcon_core.shell:Skip shell extension 'powershell' for command environment: Not usable outside of PowerShell
[2.633s] DEBUG:colcon.colcon_core.shell:Skip shell extension 'dsv' for command environment
[3.130s] DEBUG:colcon.colcon_core.event_handler.log_command:Invoking command in '/home/ubumtu/robot_ws/build/mt_pubsub': PYTHONPATH=/home/ubumtu/robot_ws/build/mt_pubsub/prefix_override:/home/ubumtu/robot_ws/install/mt_pubsub/lib/python3.8/site-packages:${PYTHONPATH} /usr/bin/python3 setup.py develop --editable --build-directory /home/ubumtu/robot_ws/build/mt_pubsub/build --no-deps install_data
[3.705s] Level 1:colcon.colcon_core.shell:create_environment_hook('mt_pubsub', 'pythonpath_develop')
[3.710s] INFO:colcon.colcon_core.shell:Creating environment hook '/home/ubumtu/robot_ws/build/mt_pubsub/share/mt_pubsub/hook/pythonpath_develop.ps1'
[3.711s] DEBUG:colcon.colcon_core.event_handler.log_command:Invoked command in '/home/ubumtu/robot_ws/build/mt_pubsub' returned '0': PYTHONPATH=/home/ubumtu/robot_ws/build/mt_pubsub/prefix_override:/home/ubumtu/robot_ws/install/mt_pubsub/lib/python3.8/site-packages:${PYTHONPATH} /usr/bin/python3 setup.py develop --editable --build-directory /home/ubumtu/robot_ws/build/mt_pubsub/build --no-deps install_data
[3.711s] INFO:colcon.colcon_core.shell:Creating environment descriptor '/home/ubumtu/robot_ws/build/mt_pubsub/share/mt_pubsub/hook/pythonpath_develop.dsv'
[3.712s] INFO:colcon.colcon_core.shell:Creating environment hook '/home/ubumtu/robot_ws/build/mt_pubsub/share/mt_pubsub/hook/pythonpath_develop.sh'
[3.718s] Level 1:colcon.colcon_core.environment:checking '/home/ubumtu/robot_ws/install/mt_pubsub' for CMake module files
[3.718s] Level 1:colcon.colcon_core.environment:checking '/home/ubumtu/robot_ws/install/mt_pubsub' for CMake config files
[3.719s] Level 1:colcon.colcon_core.environment:checking '/home/ubumtu/robot_ws/install/mt_pubsub/lib'
[3.719s] Level 1:colcon.colcon_core.environment:checking '/home/ubumtu/robot_ws/install/mt_pubsub/bin'
[3.720s] Level 1:colcon.colcon_core.environment:checking '/home/ubumtu/robot_ws/install/mt_pubsub/lib/pkgconfig/mt_pubsub.pc'
[3.720s] Level 1:colcon.colcon_core.environment:checking '/home/ubumtu/robot_ws/install/mt_pubsub/lib/python3.8/site-packages'
[3.720s] Level 1:colcon.colcon_core.shell:create_environment_hook('mt_pubsub', 'pythonpath')
[3.724s] INFO:colcon.colcon_core.shell:Creating environment hook '/home/ubumtu/robot_ws/install/mt_pubsub/share/mt_pubsub/hook/pythonpath.ps1'
[3.725s] INFO:colcon.colcon_core.shell:Creating environment descriptor '/home/ubumtu/robot_ws/install/mt_pubsub/share/mt_pubsub/hook/pythonpath.dsv'
[3.725s] INFO:colcon.colcon_core.shell:Creating environment hook '/home/ubumtu/robot_ws/install/mt_pubsub/share/mt_pubsub/hook/pythonpath.sh'
[3.726s] Level 1:colcon.colcon_core.environment:checking '/home/ubumtu/robot_ws/install/mt_pubsub/bin'
[3.726s] Level 1:colcon.colcon_core.environment:create_environment_scripts_only(mt_pubsub)
[3.730s] INFO:colcon.colcon_core.shell:Creating package script '/home/ubumtu/robot_ws/install/mt_pubsub/share/mt_pubsub/package.ps1'
[3.731s] INFO:colcon.colcon_core.shell:Creating package descriptor '/home/ubumtu/robot_ws/install/mt_pubsub/share/mt_pubsub/package.dsv'
[3.732s] INFO:colcon.colcon_core.shell:Creating package script '/home/ubumtu/robot_ws/install/mt_pubsub/share/mt_pubsub/package.sh'
[3.733s] INFO:colcon.colcon_core.shell:Creating package script '/home/ubumtu/robot_ws/install/mt_pubsub/share/mt_pubsub/package.bash'
[3.733s] INFO:colcon.colcon_core.shell:Creating package script '/home/ubumtu/robot_ws/install/mt_pubsub/share/mt_pubsub/package.zsh'
[3.734s] Level 1:colcon.colcon_core.environment:create_file_with_runtime_dependencies(/home/ubumtu/robot_ws/install/mt_pubsub/share/colcon-core/packages/mt_pubsub)
[3.734s] DEBUG:colcon.colcon_parallel_executor.executor.parallel:closing loop
[3.735s] DEBUG:colcon.colcon_parallel_executor.executor.parallel:loop closed
[3.735s] DEBUG:colcon.colcon_parallel_executor.executor.parallel:run_until_complete finished with '0'
[3.735s] DEBUG:colcon.colcon_core.event_reactor:joining thread
[3.750s] INFO:colcon.colcon_core.plugin_system:Skipping extension 'colcon_notification.desktop_notification.terminal_notifier': Not used on non-Darwin systems
[3.750s] INFO:colcon.colcon_core.plugin_system:Skipping extension 'colcon_notification.desktop_notification.win32': Not used on non-Windows systems
[3.751s] INFO:colcon.colcon_notification.desktop_notification:Sending desktop notification using 'notify2'
[3.774s] DEBUG:colcon.colcon_core.event_reactor:joined thread
[3.778s] INFO:colcon.colcon_core.shell:Creating prefix script '/home/ubumtu/robot_ws/install/local_setup.ps1'
[3.779s] INFO:colcon.colcon_core.shell:Creating prefix util module '/home/ubumtu/robot_ws/install/_local_setup_util_ps1.py'
[3.781s] INFO:colcon.colcon_core.shell:Creating prefix chain script '/home/ubumtu/robot_ws/install/setup.ps1'
[3.783s] INFO:colcon.colcon_core.shell:Creating prefix script '/home/ubumtu/robot_ws/install/local_setup.sh'
[3.785s] INFO:colcon.colcon_core.shell:Creating prefix util module '/home/ubumtu/robot_ws/install/_local_setup_util_sh.py'
[3.786s] INFO:colcon.colcon_core.shell:Creating prefix chain script '/home/ubumtu/robot_ws/install/setup.sh'
[3.788s] INFO:colcon.colcon_core.shell:Creating prefix script '/home/ubumtu/robot_ws/install/local_setup.bash'
[3.789s] INFO:colcon.colcon_core.shell:Creating prefix chain script '/home/ubumtu/robot_ws/install/setup.bash'
[3.794s] INFO:colcon.colcon_core.shell:Creating prefix script '/home/ubumtu/robot_ws/install/local_setup.zsh'
[3.795s] INFO:colcon.colcon_core.shell:Creating prefix chain script '/home/ubumtu/robot_ws/install/setup.zsh'
