[1.344s] Invoking command in '/home/ubumtu/robot_ws/build/m_pubsub': PYTHONPATH=/home/ubumtu/robot_ws/build/m_pubsub/prefix_override:/home/ubumtu/robot_ws/install/m_pubsub/lib/python3.8/site-packages:${PYTHONPATH} /usr/bin/python3 setup.py develop --editable --build-directory /home/ubumtu/robot_ws/build/m_pubsub/build --no-deps install_data
[1.728s] running develop
[1.973s] running egg_info
[1.973s] writing m_pubsub.egg-info/PKG-INFO
[1.974s] writing dependency_links to m_pubsub.egg-info/dependency_links.txt
[1.975s] writing entry points to m_pubsub.egg-info/entry_points.txt
[1.976s] writing requirements to m_pubsub.egg-info/requires.txt
[1.976s] writing top-level names to m_pubsub.egg-info/top_level.txt
[2.053s] reading manifest file 'm_pubsub.egg-info/SOURCES.txt'
[2.054s] writing manifest file 'm_pubsub.egg-info/SOURCES.txt'
[2.104s] running build_ext
[2.105s] Creating /home/ubumtu/robot_ws/install/m_pubsub/lib/python3.8/site-packages/m-pubsub.egg-link (link to .)
[2.107s] Installing mp script to /home/ubumtu/robot_ws/install/m_pubsub/lib/m_pubsub
[2.107s] Installing ms script to /home/ubumtu/robot_ws/install/m_pubsub/lib/m_pubsub
[2.108s] Installing mst script to /home/ubumtu/robot_ws/install/m_pubsub/lib/m_pubsub
[2.108s] Installing mts script to /home/ubumtu/robot_ws/install/m_pubsub/lib/m_pubsub
[2.109s] 
[2.109s] Installed /home/ubumtu/robot_ws/build/m_pubsub
[2.109s] running install_data
[2.465s] Invoked command in '/home/ubumtu/robot_ws/build/m_pubsub' returned '0': PYTHONPATH=/home/ubumtu/robot_ws/build/m_pubsub/prefix_override:/home/ubumtu/robot_ws/install/m_pubsub/lib/python3.8/site-packages:${PYTHONPATH} /usr/bin/python3 setup.py develop --editable --build-directory /home/ubumtu/robot_ws/build/m_pubsub/build --no-deps install_data
