[1.125s] Invoking command in '/home/ubumtu/robot_ws/build/mt_pubsub': PYTHONPATH=/home/ubumtu/robot_ws/build/mt_pubsub/prefix_override:/home/ubumtu/robot_ws/install/mt_pubsub/lib/python3.8/site-packages:${PYTHONPATH} /usr/bin/python3 setup.py develop --editable --build-directory /home/ubumtu/robot_ws/build/mt_pubsub/build --no-deps install_data
[1.418s] running develop
[1.600s] running egg_info
[1.600s] creating mt_pubsub.egg-info
[1.601s] writing mt_pubsub.egg-info/PKG-INFO
[1.601s] writing dependency_links to mt_pubsub.egg-info/dependency_links.txt
[1.602s] writing entry points to mt_pubsub.egg-info/entry_points.txt
[1.602s] writing requirements to mt_pubsub.egg-info/requires.txt
[1.603s] writing top-level names to mt_pubsub.egg-info/top_level.txt
[1.605s] writing manifest file 'mt_pubsub.egg-info/SOURCES.txt'
[1.647s] reading manifest file 'mt_pubsub.egg-info/SOURCES.txt'
[1.648s] writing manifest file 'mt_pubsub.egg-info/SOURCES.txt'
[1.693s] running build_ext
[1.694s] Creating /home/ubumtu/robot_ws/install/mt_pubsub/lib/python3.8/site-packages/site.py
[1.696s] Creating /home/ubumtu/robot_ws/install/mt_pubsub/lib/python3.8/site-packages/mt-pubsub.egg-link (link to .)
[1.698s] Installing msgp script to /home/ubumtu/robot_ws/install/mt_pubsub/lib/mt_pubsub
[1.699s] Installing mtp script to /home/ubumtu/robot_ws/install/mt_pubsub/lib/mt_pubsub
[1.700s] Installing mts script to /home/ubumtu/robot_ws/install/mt_pubsub/lib/mt_pubsub
[1.701s] 
[1.701s] Installed /home/ubumtu/robot_ws/build/mt_pubsub
[1.702s] running install_data
[1.702s] creating /home/ubumtu/robot_ws/install/mt_pubsub/share/ament_index
[1.705s] creating /home/ubumtu/robot_ws/install/mt_pubsub/share/ament_index/resource_index
[1.706s] creating /home/ubumtu/robot_ws/install/mt_pubsub/share/ament_index/resource_index/packages
[1.706s] copying resource/mt_pubsub -> /home/ubumtu/robot_ws/install/mt_pubsub/share/ament_index/resource_index/packages
[1.707s] copying package.xml -> /home/ubumtu/robot_ws/install/mt_pubsub/share/mt_pubsub
[1.783s] Invoked command in '/home/ubumtu/robot_ws/build/mt_pubsub' returned '0': PYTHONPATH=/home/ubumtu/robot_ws/build/mt_pubsub/prefix_override:/home/ubumtu/robot_ws/install/mt_pubsub/lib/python3.8/site-packages:${PYTHONPATH} /usr/bin/python3 setup.py develop --editable --build-directory /home/ubumtu/robot_ws/build/mt_pubsub/build --no-deps install_data
