[1.161s] Invoking command in '/home/ubumtu/robot_ws/build/m_pubsub': PYTHONPATH=/home/ubumtu/robot_ws/build/m_pubsub/prefix_override:/home/ubumtu/robot_ws/install/m_pubsub/lib/python3.8/site-packages:${PYTHONPATH} /usr/bin/python3 setup.py develop --editable --build-directory /home/ubumtu/robot_ws/build/m_pubsub/build --no-deps install_data
[1.617s] running develop
[1.795s] running egg_info
[1.796s] writing m_pubsub.egg-info/PKG-INFO
[1.797s] writing dependency_links to m_pubsub.egg-info/dependency_links.txt
[1.797s] writing entry points to m_pubsub.egg-info/entry_points.txt
[1.798s] writing requirements to m_pubsub.egg-info/requires.txt
[1.798s] writing top-level names to m_pubsub.egg-info/top_level.txt
[1.838s] reading manifest file 'm_pubsub.egg-info/SOURCES.txt'
[1.839s] writing manifest file 'm_pubsub.egg-info/SOURCES.txt'
[1.885s] running build_ext
[1.886s] Creating /home/ubumtu/robot_ws/install/m_pubsub/lib/python3.8/site-packages/m-pubsub.egg-link (link to .)
[1.887s] Installing mp script to /home/ubumtu/robot_ws/install/m_pubsub/lib/m_pubsub
[1.888s] Installing ms script to /home/ubumtu/robot_ws/install/m_pubsub/lib/m_pubsub
[1.888s] Installing mst script to /home/ubumtu/robot_ws/install/m_pubsub/lib/m_pubsub
[1.889s] Installing mts script to /home/ubumtu/robot_ws/install/m_pubsub/lib/m_pubsub
[1.890s] 
[1.890s] Installed /home/ubumtu/robot_ws/build/m_pubsub
[1.890s] running install_data
[1.959s] Invoked command in '/home/ubumtu/robot_ws/build/m_pubsub' returned '0': PYTHONPATH=/home/ubumtu/robot_ws/build/m_pubsub/prefix_override:/home/ubumtu/robot_ws/install/m_pubsub/lib/python3.8/site-packages:${PYTHONPATH} /usr/bin/python3 setup.py develop --editable --build-directory /home/ubumtu/robot_ws/build/m_pubsub/build --no-deps install_data
