[0.228s] DEBUG:colcon:Command line arguments: ['/usr/bin/colcon', 'build', '--symlink-install']
[0.228s] DEBUG:colcon:Parsed command line arguments: Namespace(allow_overriding=[], ament_cmake_args=None, base_paths=['.'], build_base='build', catkin_cmake_args=None, catkin_skip_building_tests=False, cmake_args=None, cmake_clean_cache=False, cmake_clean_first=False, cmake_force_configure=False, cmake_target=None, cmake_target_skip_unavailable=False, continue_on_error=False, event_handlers=None, executor='parallel', ignore_user_meta=False, install_base='install', log_base=None, log_level=None, main=<bound method BuildVerb.main of <colcon_core.verb.build.BuildVerb object at 0x7f50234da880>>, merge_install=False, metas=['./colcon.meta'], packages_above=None, packages_above_and_dependencies=None, packages_above_depth=None, packages_end=None, packages_ignore=None, packages_ignore_regex=None, packages_select=None, packages_select_build_failed=False, packages_select_by_dep=None, packages_select_regex=None, packages_select_test_failures=False, packages_skip=None, packages_skip_build_finished=False, packages_skip_by_dep=None, packages_skip_regex=None, packages_skip_test_passed=False, packages_skip_up_to=None, packages_start=None, packages_up_to=None, packages_up_to_regex=None, parallel_workers=2, paths=None, symlink_install=True, test_result_base=None, verb_extension=<colcon_core.verb.build.BuildVerb object at 0x7f50234da880>, verb_name='build', verb_parser=<colcon_defaults.argument_parser.defaults.DefaultArgumentsDecorator object at 0x7f50234dadf0>)
[0.261s] Level 1:colcon.colcon_core.package_discovery:discover_packages(colcon_meta) check parameters
[0.261s] Level 1:colcon.colcon_core.package_discovery:discover_packages(recursive) check parameters
[0.261s] Level 1:colcon.colcon_core.package_discovery:discover_packages(ignore) check parameters
[0.261s] Level 1:colcon.colcon_core.package_discovery:discover_packages(path) check parameters
[0.261s] Level 1:colcon.colcon_core.package_discovery:discover_packages(colcon_meta) discover
[0.262s] Level 1:colcon.colcon_core.package_discovery:discover_packages(recursive) discover
[0.262s] INFO:colcon.colcon_core.package_discovery:Crawling recursively for packages in '/home/ubumtu/robot_ws'
[0.262s] Level 1:colcon.colcon_core.package_identification:_identify(.) by extensions ['ignore', 'ignore_ament_install']
[0.262s] Level 1:colcon.colcon_core.package_identification:_identify(.) by extension 'ignore'
[0.262s] Level 1:colcon.colcon_core.package_identification:_identify(.) by extension 'ignore_ament_install'
[0.262s] Level 1:colcon.colcon_core.package_identification:_identify(.) by extensions ['colcon_pkg']
[0.262s] Level 1:colcon.colcon_core.package_identification:_identify(.) by extension 'colcon_pkg'
[0.262s] Level 1:colcon.colcon_core.package_identification:_identify(.) by extensions ['colcon_meta']
[0.263s] Level 1:colcon.colcon_core.package_identification:_identify(.) by extension 'colcon_meta'
[0.263s] Level 1:colcon.colcon_core.package_identification:_identify(.) by extensions ['ros']
[0.263s] Level 1:colcon.colcon_core.package_identification:_identify(.) by extension 'ros'
[0.285s] Level 1:colcon.colcon_core.package_identification:_identify(.) by extensions ['cmake', 'python']
[0.285s] Level 1:colcon.colcon_core.package_identification:_identify(.) by extension 'cmake'
[0.285s] Level 1:colcon.colcon_core.package_identification:_identify(.) by extension 'python'
[0.285s] Level 1:colcon.colcon_core.package_identification:_identify(.) by extensions ['python_setup_py']
[0.285s] Level 1:colcon.colcon_core.package_identification:_identify(.) by extension 'python_setup_py'
[0.286s] Level 1:colcon.colcon_core.package_identification:_identify(build) by extensions ['ignore', 'ignore_ament_install']
[0.286s] Level 1:colcon.colcon_core.package_identification:_identify(build) by extension 'ignore'
[0.286s] Level 1:colcon.colcon_core.package_identification:_identify(build) ignored
[0.286s] Level 1:colcon.colcon_core.package_identification:_identify(install) by extensions ['ignore', 'ignore_ament_install']
[0.286s] Level 1:colcon.colcon_core.package_identification:_identify(install) by extension 'ignore'
[0.286s] Level 1:colcon.colcon_core.package_identification:_identify(install) ignored
[0.287s] Level 1:colcon.colcon_core.package_identification:_identify(log) by extensions ['ignore', 'ignore_ament_install']
[0.287s] Level 1:colcon.colcon_core.package_identification:_identify(log) by extension 'ignore'
[0.287s] Level 1:colcon.colcon_core.package_identification:_identify(log) ignored
[0.287s] Level 1:colcon.colcon_core.package_identification:_identify(opencv_test) by extensions ['ignore', 'ignore_ament_install']
[0.287s] Level 1:colcon.colcon_core.package_identification:_identify(opencv_test) by extension 'ignore'
[0.287s] Level 1:colcon.colcon_core.package_identification:_identify(opencv_test) by extension 'ignore_ament_install'
[0.287s] Level 1:colcon.colcon_core.package_identification:_identify(opencv_test) by extensions ['colcon_pkg']
[0.288s] Level 1:colcon.colcon_core.package_identification:_identify(opencv_test) by extension 'colcon_pkg'
[0.288s] Level 1:colcon.colcon_core.package_identification:_identify(opencv_test) by extensions ['colcon_meta']
[0.288s] Level 1:colcon.colcon_core.package_identification:_identify(opencv_test) by extension 'colcon_meta'
[0.288s] Level 1:colcon.colcon_core.package_identification:_identify(opencv_test) by extensions ['ros']
[0.288s] Level 1:colcon.colcon_core.package_identification:_identify(opencv_test) by extension 'ros'
[0.288s] Level 1:colcon.colcon_core.package_identification:_identify(opencv_test) by extensions ['cmake', 'python']
[0.288s] Level 1:colcon.colcon_core.package_identification:_identify(opencv_test) by extension 'cmake'
[0.288s] Level 1:colcon.colcon_core.package_identification:_identify(opencv_test) by extension 'python'
[0.288s] Level 1:colcon.colcon_core.package_identification:_identify(opencv_test) by extensions ['python_setup_py']
[0.289s] Level 1:colcon.colcon_core.package_identification:_identify(opencv_test) by extension 'python_setup_py'
[0.289s] Level 1:colcon.colcon_core.package_identification:_identify(src) by extensions ['ignore', 'ignore_ament_install']
[0.289s] Level 1:colcon.colcon_core.package_identification:_identify(src) by extension 'ignore'
[0.289s] Level 1:colcon.colcon_core.package_identification:_identify(src) by extension 'ignore_ament_install'
[0.289s] Level 1:colcon.colcon_core.package_identification:_identify(src) by extensions ['colcon_pkg']
[0.289s] Level 1:colcon.colcon_core.package_identification:_identify(src) by extension 'colcon_pkg'
[0.289s] Level 1:colcon.colcon_core.package_identification:_identify(src) by extensions ['colcon_meta']
[0.289s] Level 1:colcon.colcon_core.package_identification:_identify(src) by extension 'colcon_meta'
[0.289s] Level 1:colcon.colcon_core.package_identification:_identify(src) by extensions ['ros']
[0.290s] Level 1:colcon.colcon_core.package_identification:_identify(src) by extension 'ros'
[0.290s] Level 1:colcon.colcon_core.package_identification:_identify(src) by extensions ['cmake', 'python']
[0.290s] Level 1:colcon.colcon_core.package_identification:_identify(src) by extension 'cmake'
[0.290s] Level 1:colcon.colcon_core.package_identification:_identify(src) by extension 'python'
[0.290s] Level 1:colcon.colcon_core.package_identification:_identify(src) by extensions ['python_setup_py']
[0.290s] Level 1:colcon.colcon_core.package_identification:_identify(src) by extension 'python_setup_py'
[0.290s] Level 1:colcon.colcon_core.package_identification:_identify(src/m_pubsub) by extensions ['ignore', 'ignore_ament_install']
[0.290s] Level 1:colcon.colcon_core.package_identification:_identify(src/m_pubsub) by extension 'ignore'
[0.291s] Level 1:colcon.colcon_core.package_identification:_identify(src/m_pubsub) by extension 'ignore_ament_install'
[0.291s] Level 1:colcon.colcon_core.package_identification:_identify(src/m_pubsub) by extensions ['colcon_pkg']
[0.291s] Level 1:colcon.colcon_core.package_identification:_identify(src/m_pubsub) by extension 'colcon_pkg'
[0.291s] Level 1:colcon.colcon_core.package_identification:_identify(src/m_pubsub) by extensions ['colcon_meta']
[0.291s] Level 1:colcon.colcon_core.package_identification:_identify(src/m_pubsub) by extension 'colcon_meta'
[0.291s] Level 1:colcon.colcon_core.package_identification:_identify(src/m_pubsub) by extensions ['ros']
[0.291s] Level 1:colcon.colcon_core.package_identification:_identify(src/m_pubsub) by extension 'ros'
[0.294s] DEBUG:colcon.colcon_core.package_identification:Package 'src/m_pubsub' with type 'ros.ament_python' and name 'm_pubsub'
[0.294s] Level 1:colcon.colcon_core.package_identification:_identify(src/move_turtle_pkg) by extensions ['ignore', 'ignore_ament_install']
[0.294s] Level 1:colcon.colcon_core.package_identification:_identify(src/move_turtle_pkg) by extension 'ignore'
[0.295s] Level 1:colcon.colcon_core.package_identification:_identify(src/move_turtle_pkg) by extension 'ignore_ament_install'
[0.295s] Level 1:colcon.colcon_core.package_identification:_identify(src/move_turtle_pkg) by extensions ['colcon_pkg']
[0.295s] Level 1:colcon.colcon_core.package_identification:_identify(src/move_turtle_pkg) by extension 'colcon_pkg'
[0.295s] Level 1:colcon.colcon_core.package_identification:_identify(src/move_turtle_pkg) by extensions ['colcon_meta']
[0.295s] Level 1:colcon.colcon_core.package_identification:_identify(src/move_turtle_pkg) by extension 'colcon_meta'
[0.295s] Level 1:colcon.colcon_core.package_identification:_identify(src/move_turtle_pkg) by extensions ['ros']
[0.295s] Level 1:colcon.colcon_core.package_identification:_identify(src/move_turtle_pkg) by extension 'ros'
[0.296s] DEBUG:colcon.colcon_core.package_identification:Package 'src/move_turtle_pkg' with type 'ros.ament_python' and name 'move_turtle_pkg'
[0.296s] Level 1:colcon.colcon_core.package_identification:_identify(src/mt_pubsub) by extensions ['ignore', 'ignore_ament_install']
[0.296s] Level 1:colcon.colcon_core.package_identification:_identify(src/mt_pubsub) by extension 'ignore'
[0.296s] Level 1:colcon.colcon_core.package_identification:_identify(src/mt_pubsub) by extension 'ignore_ament_install'
[0.296s] Level 1:colcon.colcon_core.package_identification:_identify(src/mt_pubsub) by extensions ['colcon_pkg']
[0.296s] Level 1:colcon.colcon_core.package_identification:_identify(src/mt_pubsub) by extension 'colcon_pkg'
[0.297s] Level 1:colcon.colcon_core.package_identification:_identify(src/mt_pubsub) by extensions ['colcon_meta']
[0.297s] Level 1:colcon.colcon_core.package_identification:_identify(src/mt_pubsub) by extension 'colcon_meta'
[0.297s] Level 1:colcon.colcon_core.package_identification:_identify(src/mt_pubsub) by extensions ['ros']
[0.297s] Level 1:colcon.colcon_core.package_identification:_identify(src/mt_pubsub) by extension 'ros'
[0.297s] DEBUG:colcon.colcon_core.package_identification:Package 'src/mt_pubsub' with type 'ros.ament_python' and name 'mt_pubsub'
[0.298s] Level 1:colcon.colcon_core.package_identification:_identify(src/test_interface) by extensions ['ignore', 'ignore_ament_install']
[0.298s] Level 1:colcon.colcon_core.package_identification:_identify(src/test_interface) by extension 'ignore'
[0.298s] Level 1:colcon.colcon_core.package_identification:_identify(src/test_interface) by extension 'ignore_ament_install'
[0.298s] Level 1:colcon.colcon_core.package_identification:_identify(src/test_interface) by extensions ['colcon_pkg']
[0.298s] Level 1:colcon.colcon_core.package_identification:_identify(src/test_interface) by extension 'colcon_pkg'
[0.298s] Level 1:colcon.colcon_core.package_identification:_identify(src/test_interface) by extensions ['colcon_meta']
[0.298s] Level 1:colcon.colcon_core.package_identification:_identify(src/test_interface) by extension 'colcon_meta'
[0.298s] Level 1:colcon.colcon_core.package_identification:_identify(src/test_interface) by extensions ['ros']
[0.298s] Level 1:colcon.colcon_core.package_identification:_identify(src/test_interface) by extension 'ros'
[0.299s] DEBUG:colcon.colcon_core.package_identification:Package 'src/test_interface' with type 'ros.ament_cmake' and name 'test_interface'
[0.299s] Level 1:colcon.colcon_core.package_identification:_identify(src/test_num) by extensions ['ignore', 'ignore_ament_install']
[0.299s] Level 1:colcon.colcon_core.package_identification:_identify(src/test_num) by extension 'ignore'
[0.300s] Level 1:colcon.colcon_core.package_identification:_identify(src/test_num) by extension 'ignore_ament_install'
[0.300s] Level 1:colcon.colcon_core.package_identification:_identify(src/test_num) by extensions ['colcon_pkg']
[0.300s] Level 1:colcon.colcon_core.package_identification:_identify(src/test_num) by extension 'colcon_pkg'
[0.300s] Level 1:colcon.colcon_core.package_identification:_identify(src/test_num) by extensions ['colcon_meta']
[0.300s] Level 1:colcon.colcon_core.package_identification:_identify(src/test_num) by extension 'colcon_meta'
[0.300s] Level 1:colcon.colcon_core.package_identification:_identify(src/test_num) by extensions ['ros']
[0.300s] Level 1:colcon.colcon_core.package_identification:_identify(src/test_num) by extension 'ros'
[0.301s] DEBUG:colcon.colcon_core.package_identification:Package 'src/test_num' with type 'ros.ament_python' and name 'test_num'
[0.301s] Level 1:colcon.colcon_core.package_discovery:discover_packages(recursive) using defaults
[0.301s] Level 1:colcon.colcon_core.package_discovery:discover_packages(ignore) discover
[0.301s] Level 1:colcon.colcon_core.package_discovery:discover_packages(ignore) using defaults
[0.301s] Level 1:colcon.colcon_core.package_discovery:discover_packages(path) discover
[0.301s] Level 1:colcon.colcon_core.package_discovery:discover_packages(path) using defaults
[0.332s] Level 1:colcon.colcon_core.package_discovery:discover_packages(prefix_path) check parameters
[0.332s] Level 1:colcon.colcon_core.package_discovery:discover_packages(prefix_path) discover
[0.337s] DEBUG:colcon.colcon_installed_package_information.package_discovery:Found 5 installed packages in /home/ubumtu/robot_ws/install
[0.340s] DEBUG:colcon.colcon_installed_package_information.package_discovery:Found 258 installed packages in /opt/ros/foxy
[0.341s] Level 1:colcon.colcon_core.package_discovery:discover_packages(prefix_path) using defaults
[0.432s] Level 5:colcon.colcon_core.verb:set package 'm_pubsub' build argument 'cmake_args' from command line to 'None'
[0.432s] Level 5:colcon.colcon_core.verb:set package 'm_pubsub' build argument 'cmake_target' from command line to 'None'
[0.432s] Level 5:colcon.colcon_core.verb:set package 'm_pubsub' build argument 'cmake_target_skip_unavailable' from command line to 'False'
[0.433s] Level 5:colcon.colcon_core.verb:set package 'm_pubsub' build argument 'cmake_clean_cache' from command line to 'False'
[0.433s] Level 5:colcon.colcon_core.verb:set package 'm_pubsub' build argument 'cmake_clean_first' from command line to 'False'
[0.433s] Level 5:colcon.colcon_core.verb:set package 'm_pubsub' build argument 'cmake_force_configure' from command line to 'False'
[0.433s] Level 5:colcon.colcon_core.verb:set package 'm_pubsub' build argument 'ament_cmake_args' from command line to 'None'
[0.433s] Level 5:colcon.colcon_core.verb:set package 'm_pubsub' build argument 'catkin_cmake_args' from command line to 'None'
[0.433s] Level 5:colcon.colcon_core.verb:set package 'm_pubsub' build argument 'catkin_skip_building_tests' from command line to 'False'
[0.433s] DEBUG:colcon.colcon_core.verb:Building package 'm_pubsub' with the following arguments: {'ament_cmake_args': None, 'build_base': '/home/ubumtu/robot_ws/build/m_pubsub', 'catkin_cmake_args': None, 'catkin_skip_building_tests': False, 'cmake_args': None, 'cmake_clean_cache': False, 'cmake_clean_first': False, 'cmake_force_configure': False, 'cmake_target': None, 'cmake_target_skip_unavailable': False, 'install_base': '/home/ubumtu/robot_ws/install/m_pubsub', 'merge_install': False, 'path': '/home/ubumtu/robot_ws/src/m_pubsub', 'symlink_install': True, 'test_result_base': None}
[0.435s] Level 5:colcon.colcon_core.verb:set package 'move_turtle_pkg' build argument 'cmake_args' from command line to 'None'
[0.435s] Level 5:colcon.colcon_core.verb:set package 'move_turtle_pkg' build argument 'cmake_target' from command line to 'None'
[0.435s] Level 5:colcon.colcon_core.verb:set package 'move_turtle_pkg' build argument 'cmake_target_skip_unavailable' from command line to 'False'
[0.435s] Level 5:colcon.colcon_core.verb:set package 'move_turtle_pkg' build argument 'cmake_clean_cache' from command line to 'False'
[0.435s] Level 5:colcon.colcon_core.verb:set package 'move_turtle_pkg' build argument 'cmake_clean_first' from command line to 'False'
[0.435s] Level 5:colcon.colcon_core.verb:set package 'move_turtle_pkg' build argument 'cmake_force_configure' from command line to 'False'
[0.436s] Level 5:colcon.colcon_core.verb:set package 'move_turtle_pkg' build argument 'ament_cmake_args' from command line to 'None'
[0.436s] Level 5:colcon.colcon_core.verb:set package 'move_turtle_pkg' build argument 'catkin_cmake_args' from command line to 'None'
[0.436s] Level 5:colcon.colcon_core.verb:set package 'move_turtle_pkg' build argument 'catkin_skip_building_tests' from command line to 'False'
[0.436s] DEBUG:colcon.colcon_core.verb:Building package 'move_turtle_pkg' with the following arguments: {'ament_cmake_args': None, 'build_base': '/home/ubumtu/robot_ws/build/move_turtle_pkg', 'catkin_cmake_args': None, 'catkin_skip_building_tests': False, 'cmake_args': None, 'cmake_clean_cache': False, 'cmake_clean_first': False, 'cmake_force_configure': False, 'cmake_target': None, 'cmake_target_skip_unavailable': False, 'install_base': '/home/ubumtu/robot_ws/install/move_turtle_pkg', 'merge_install': False, 'path': '/home/ubumtu/robot_ws/src/move_turtle_pkg', 'symlink_install': True, 'test_result_base': None}
[0.438s] Level 5:colcon.colcon_core.verb:set package 'mt_pubsub' build argument 'cmake_args' from command line to 'None'
[0.438s] Level 5:colcon.colcon_core.verb:set package 'mt_pubsub' build argument 'cmake_target' from command line to 'None'
[0.438s] Level 5:colcon.colcon_core.verb:set package 'mt_pubsub' build argument 'cmake_target_skip_unavailable' from command line to 'False'
[0.438s] Level 5:colcon.colcon_core.verb:set package 'mt_pubsub' build argument 'cmake_clean_cache' from command line to 'False'
[0.438s] Level 5:colcon.colcon_core.verb:set package 'mt_pubsub' build argument 'cmake_clean_first' from command line to 'False'
[0.438s] Level 5:colcon.colcon_core.verb:set package 'mt_pubsub' build argument 'cmake_force_configure' from command line to 'False'
[0.438s] Level 5:colcon.colcon_core.verb:set package 'mt_pubsub' build argument 'ament_cmake_args' from command line to 'None'
[0.438s] Level 5:colcon.colcon_core.verb:set package 'mt_pubsub' build argument 'catkin_cmake_args' from command line to 'None'
[0.438s] Level 5:colcon.colcon_core.verb:set package 'mt_pubsub' build argument 'catkin_skip_building_tests' from command line to 'False'
[0.438s] DEBUG:colcon.colcon_core.verb:Building package 'mt_pubsub' with the following arguments: {'ament_cmake_args': None, 'build_base': '/home/ubumtu/robot_ws/build/mt_pubsub', 'catkin_cmake_args': None, 'catkin_skip_building_tests': False, 'cmake_args': None, 'cmake_clean_cache': False, 'cmake_clean_first': False, 'cmake_force_configure': False, 'cmake_target': None, 'cmake_target_skip_unavailable': False, 'install_base': '/home/ubumtu/robot_ws/install/mt_pubsub', 'merge_install': False, 'path': '/home/ubumtu/robot_ws/src/mt_pubsub', 'symlink_install': True, 'test_result_base': None}
[0.440s] Level 5:colcon.colcon_core.verb:set package 'test_interface' build argument 'cmake_args' from command line to 'None'
[0.440s] Level 5:colcon.colcon_core.verb:set package 'test_interface' build argument 'cmake_target' from command line to 'None'
[0.440s] Level 5:colcon.colcon_core.verb:set package 'test_interface' build argument 'cmake_target_skip_unavailable' from command line to 'False'
[0.440s] Level 5:colcon.colcon_core.verb:set package 'test_interface' build argument 'cmake_clean_cache' from command line to 'False'
[0.440s] Level 5:colcon.colcon_core.verb:set package 'test_interface' build argument 'cmake_clean_first' from command line to 'False'
[0.441s] Level 5:colcon.colcon_core.verb:set package 'test_interface' build argument 'cmake_force_configure' from command line to 'False'
[0.441s] Level 5:colcon.colcon_core.verb:set package 'test_interface' build argument 'ament_cmake_args' from command line to 'None'
[0.441s] Level 5:colcon.colcon_core.verb:set package 'test_interface' build argument 'catkin_cmake_args' from command line to 'None'
[0.441s] Level 5:colcon.colcon_core.verb:set package 'test_interface' build argument 'catkin_skip_building_tests' from command line to 'False'
[0.441s] DEBUG:colcon.colcon_core.verb:Building package 'test_interface' with the following arguments: {'ament_cmake_args': None, 'build_base': '/home/ubumtu/robot_ws/build/test_interface', 'catkin_cmake_args': None, 'catkin_skip_building_tests': False, 'cmake_args': None, 'cmake_clean_cache': False, 'cmake_clean_first': False, 'cmake_force_configure': False, 'cmake_target': None, 'cmake_target_skip_unavailable': False, 'install_base': '/home/ubumtu/robot_ws/install/test_interface', 'merge_install': False, 'path': '/home/ubumtu/robot_ws/src/test_interface', 'symlink_install': True, 'test_result_base': None}
[0.443s] Level 5:colcon.colcon_core.verb:set package 'test_num' build argument 'cmake_args' from command line to 'None'
[0.443s] Level 5:colcon.colcon_core.verb:set package 'test_num' build argument 'cmake_target' from command line to 'None'
[0.443s] Level 5:colcon.colcon_core.verb:set package 'test_num' build argument 'cmake_target_skip_unavailable' from command line to 'False'
[0.443s] Level 5:colcon.colcon_core.verb:set package 'test_num' build argument 'cmake_clean_cache' from command line to 'False'
[0.443s] Level 5:colcon.colcon_core.verb:set package 'test_num' build argument 'cmake_clean_first' from command line to 'False'
[0.443s] Level 5:colcon.colcon_core.verb:set package 'test_num' build argument 'cmake_force_configure' from command line to 'False'
[0.443s] Level 5:colcon.colcon_core.verb:set package 'test_num' build argument 'ament_cmake_args' from command line to 'None'
[0.443s] Level 5:colcon.colcon_core.verb:set package 'test_num' build argument 'catkin_cmake_args' from command line to 'None'
[0.443s] Level 5:colcon.colcon_core.verb:set package 'test_num' build argument 'catkin_skip_building_tests' from command line to 'False'
[0.443s] DEBUG:colcon.colcon_core.verb:Building package 'test_num' with the following arguments: {'ament_cmake_args': None, 'build_base': '/home/ubumtu/robot_ws/build/test_num', 'catkin_cmake_args': None, 'catkin_skip_building_tests': False, 'cmake_args': None, 'cmake_clean_cache': False, 'cmake_clean_first': False, 'cmake_force_configure': False, 'cmake_target': None, 'cmake_target_skip_unavailable': False, 'install_base': '/home/ubumtu/robot_ws/install/test_num', 'merge_install': False, 'path': '/home/ubumtu/robot_ws/src/test_num', 'symlink_install': True, 'test_result_base': None}
[0.445s] INFO:colcon.colcon_core.executor:Executing jobs using 'parallel' executor
[0.456s] DEBUG:colcon.colcon_parallel_executor.executor.parallel:run_until_complete
[0.457s] INFO:colcon.colcon_ros.task.ament_python.build:Building ROS package in '/home/ubumtu/robot_ws/src/m_pubsub' with build type 'ament_python'
[0.457s] Level 1:colcon.colcon_core.shell:create_environment_hook('m_pubsub', 'ament_prefix_path')
[0.465s] INFO:colcon.colcon_core.plugin_system:Skipping extension 'colcon_core.shell.bat': Not used on non-Windows systems
[0.465s] INFO:colcon.colcon_core.shell:Creating environment hook '/home/ubumtu/robot_ws/install/m_pubsub/share/m_pubsub/hook/ament_prefix_path.ps1'
[0.466s] INFO:colcon.colcon_core.shell:Creating environment descriptor '/home/ubumtu/robot_ws/install/m_pubsub/share/m_pubsub/hook/ament_prefix_path.dsv'
[0.467s] INFO:colcon.colcon_core.shell:Creating environment hook '/home/ubumtu/robot_ws/install/m_pubsub/share/m_pubsub/hook/ament_prefix_path.sh'
[0.471s] INFO:colcon.colcon_core.shell:Skip shell extension 'powershell' for command environment: Not usable outside of PowerShell
[0.471s] DEBUG:colcon.colcon_core.shell:Skip shell extension 'dsv' for command environment
[0.482s] INFO:colcon.colcon_ros.task.ament_python.build:Building ROS package in '/home/ubumtu/robot_ws/src/move_turtle_pkg' with build type 'ament_python'
[0.482s] Level 1:colcon.colcon_core.shell:create_environment_hook('move_turtle_pkg', 'ament_prefix_path')
[0.487s] INFO:colcon.colcon_core.shell:Creating environment hook '/home/ubumtu/robot_ws/install/move_turtle_pkg/share/move_turtle_pkg/hook/ament_prefix_path.ps1'
[0.489s] INFO:colcon.colcon_core.shell:Creating environment descriptor '/home/ubumtu/robot_ws/install/move_turtle_pkg/share/move_turtle_pkg/hook/ament_prefix_path.dsv'
[0.489s] INFO:colcon.colcon_core.shell:Creating environment hook '/home/ubumtu/robot_ws/install/move_turtle_pkg/share/move_turtle_pkg/hook/ament_prefix_path.sh'
[0.494s] INFO:colcon.colcon_core.shell:Skip shell extension 'powershell' for command environment: Not usable outside of PowerShell
[0.494s] DEBUG:colcon.colcon_core.shell:Skip shell extension 'dsv' for command environment
[0.797s] INFO:colcon.colcon_core.task.python.build:Building Python package in '/home/ubumtu/robot_ws/src/m_pubsub'
[0.802s] INFO:colcon.colcon_core.shell:Skip shell extension 'powershell' for command environment: Not usable outside of PowerShell
[0.802s] DEBUG:colcon.colcon_core.shell:Skip shell extension 'dsv' for command environment
[1.105s] INFO:colcon.colcon_core.task.python.build:Building Python package in '/home/ubumtu/robot_ws/src/move_turtle_pkg'
[1.110s] INFO:colcon.colcon_core.shell:Skip shell extension 'powershell' for command environment: Not usable outside of PowerShell
[1.110s] DEBUG:colcon.colcon_core.shell:Skip shell extension 'dsv' for command environment
[1.599s] DEBUG:colcon.colcon_core.event_handler.log_command:Invoking command in '/home/ubumtu/robot_ws/build/move_turtle_pkg': PYTHONPATH=/home/ubumtu/robot_ws/build/move_turtle_pkg/prefix_override:/home/ubumtu/robot_ws/install/move_turtle_pkg/lib/python3.8/site-packages:${PYTHONPATH} /usr/bin/python3 setup.py develop --editable --build-directory /home/ubumtu/robot_ws/build/move_turtle_pkg/build --no-deps install_data
[1.637s] DEBUG:colcon.colcon_core.event_handler.log_command:Invoking command in '/home/ubumtu/robot_ws/build/m_pubsub': PYTHONPATH=/home/ubumtu/robot_ws/build/m_pubsub/prefix_override:/home/ubumtu/robot_ws/install/m_pubsub/lib/python3.8/site-packages:${PYTHONPATH} /usr/bin/python3 setup.py develop --editable --build-directory /home/ubumtu/robot_ws/build/m_pubsub/build --no-deps install_data
[2.195s] Level 1:colcon.colcon_core.shell:create_environment_hook('move_turtle_pkg', 'pythonpath_develop')
[2.199s] INFO:colcon.colcon_core.shell:Creating environment hook '/home/ubumtu/robot_ws/build/move_turtle_pkg/share/move_turtle_pkg/hook/pythonpath_develop.ps1'
[2.200s] DEBUG:colcon.colcon_core.event_handler.log_command:Invoked command in '/home/ubumtu/robot_ws/build/move_turtle_pkg' returned '0': PYTHONPATH=/home/ubumtu/robot_ws/build/move_turtle_pkg/prefix_override:/home/ubumtu/robot_ws/install/move_turtle_pkg/lib/python3.8/site-packages:${PYTHONPATH} /usr/bin/python3 setup.py develop --editable --build-directory /home/ubumtu/robot_ws/build/move_turtle_pkg/build --no-deps install_data
[2.201s] INFO:colcon.colcon_core.shell:Creating environment descriptor '/home/ubumtu/robot_ws/build/move_turtle_pkg/share/move_turtle_pkg/hook/pythonpath_develop.dsv'
[2.202s] INFO:colcon.colcon_core.shell:Creating environment hook '/home/ubumtu/robot_ws/build/move_turtle_pkg/share/move_turtle_pkg/hook/pythonpath_develop.sh'
[2.211s] Level 1:colcon.colcon_core.environment:checking '/home/ubumtu/robot_ws/install/move_turtle_pkg' for CMake module files
[2.212s] Level 1:colcon.colcon_core.environment:checking '/home/ubumtu/robot_ws/install/move_turtle_pkg' for CMake config files
[2.214s] Level 1:colcon.colcon_core.environment:checking '/home/ubumtu/robot_ws/install/move_turtle_pkg/lib'
[2.214s] Level 1:colcon.colcon_core.environment:checking '/home/ubumtu/robot_ws/install/move_turtle_pkg/bin'
[2.214s] Level 1:colcon.colcon_core.environment:checking '/home/ubumtu/robot_ws/install/move_turtle_pkg/lib/pkgconfig/move_turtle_pkg.pc'
[2.215s] Level 1:colcon.colcon_core.environment:checking '/home/ubumtu/robot_ws/install/move_turtle_pkg/lib/python3.8/site-packages'
[2.216s] Level 1:colcon.colcon_core.shell:create_environment_hook('move_turtle_pkg', 'pythonpath')
[2.220s] INFO:colcon.colcon_core.shell:Creating environment hook '/home/ubumtu/robot_ws/install/move_turtle_pkg/share/move_turtle_pkg/hook/pythonpath.ps1'
[2.222s] INFO:colcon.colcon_core.shell:Creating environment descriptor '/home/ubumtu/robot_ws/install/move_turtle_pkg/share/move_turtle_pkg/hook/pythonpath.dsv'
[2.223s] INFO:colcon.colcon_core.shell:Creating environment hook '/home/ubumtu/robot_ws/install/move_turtle_pkg/share/move_turtle_pkg/hook/pythonpath.sh'
[2.224s] Level 1:colcon.colcon_core.environment:checking '/home/ubumtu/robot_ws/install/move_turtle_pkg/bin'
[2.224s] Level 1:colcon.colcon_core.environment:create_environment_scripts_only(move_turtle_pkg)
[2.228s] INFO:colcon.colcon_core.shell:Creating package script '/home/ubumtu/robot_ws/install/move_turtle_pkg/share/move_turtle_pkg/package.ps1'
[2.229s] INFO:colcon.colcon_core.shell:Creating package descriptor '/home/ubumtu/robot_ws/install/move_turtle_pkg/share/move_turtle_pkg/package.dsv'
[2.230s] INFO:colcon.colcon_core.shell:Creating package script '/home/ubumtu/robot_ws/install/move_turtle_pkg/share/move_turtle_pkg/package.sh'
[2.231s] INFO:colcon.colcon_core.shell:Creating package script '/home/ubumtu/robot_ws/install/move_turtle_pkg/share/move_turtle_pkg/package.bash'
[2.232s] INFO:colcon.colcon_core.shell:Creating package script '/home/ubumtu/robot_ws/install/move_turtle_pkg/share/move_turtle_pkg/package.zsh'
[2.233s] Level 1:colcon.colcon_core.environment:create_file_with_runtime_dependencies(/home/ubumtu/robot_ws/install/move_turtle_pkg/share/colcon-core/packages/move_turtle_pkg)
[2.234s] INFO:colcon.colcon_ros.task.ament_python.build:Building ROS package in '/home/ubumtu/robot_ws/src/mt_pubsub' with build type 'ament_python'
[2.235s] Level 1:colcon.colcon_core.shell:create_environment_hook('mt_pubsub', 'ament_prefix_path')
[2.239s] INFO:colcon.colcon_core.shell:Creating environment hook '/home/ubumtu/robot_ws/install/mt_pubsub/share/mt_pubsub/hook/ament_prefix_path.ps1'
[2.240s] INFO:colcon.colcon_core.shell:Creating environment descriptor '/home/ubumtu/robot_ws/install/mt_pubsub/share/mt_pubsub/hook/ament_prefix_path.dsv'
[2.241s] INFO:colcon.colcon_core.shell:Creating environment hook '/home/ubumtu/robot_ws/install/mt_pubsub/share/mt_pubsub/hook/ament_prefix_path.sh'
[2.246s] INFO:colcon.colcon_core.shell:Skip shell extension 'powershell' for command environment: Not usable outside of PowerShell
[2.246s] DEBUG:colcon.colcon_core.shell:Skip shell extension 'dsv' for command environment
[2.257s] Level 1:colcon.colcon_core.shell:create_environment_hook('m_pubsub', 'pythonpath_develop')
[2.258s] DEBUG:colcon.colcon_core.event_handler.log_command:Invoked command in '/home/ubumtu/robot_ws/build/m_pubsub' returned '0': PYTHONPATH=/home/ubumtu/robot_ws/build/m_pubsub/prefix_override:/home/ubumtu/robot_ws/install/m_pubsub/lib/python3.8/site-packages:${PYTHONPATH} /usr/bin/python3 setup.py develop --editable --build-directory /home/ubumtu/robot_ws/build/m_pubsub/build --no-deps install_data
[2.263s] INFO:colcon.colcon_core.shell:Creating environment hook '/home/ubumtu/robot_ws/build/m_pubsub/share/m_pubsub/hook/pythonpath_develop.ps1'
[2.265s] INFO:colcon.colcon_core.shell:Creating environment descriptor '/home/ubumtu/robot_ws/build/m_pubsub/share/m_pubsub/hook/pythonpath_develop.dsv'
[2.266s] INFO:colcon.colcon_core.shell:Creating environment hook '/home/ubumtu/robot_ws/build/m_pubsub/share/m_pubsub/hook/pythonpath_develop.sh'
[2.279s] Level 1:colcon.colcon_core.environment:checking '/home/ubumtu/robot_ws/install/m_pubsub' for CMake module files
[2.280s] Level 1:colcon.colcon_core.environment:checking '/home/ubumtu/robot_ws/install/m_pubsub' for CMake config files
[2.281s] Level 1:colcon.colcon_core.environment:checking '/home/ubumtu/robot_ws/install/m_pubsub/lib'
[2.281s] Level 1:colcon.colcon_core.environment:checking '/home/ubumtu/robot_ws/install/m_pubsub/bin'
[2.281s] Level 1:colcon.colcon_core.environment:checking '/home/ubumtu/robot_ws/install/m_pubsub/lib/pkgconfig/m_pubsub.pc'
[2.282s] Level 1:colcon.colcon_core.environment:checking '/home/ubumtu/robot_ws/install/m_pubsub/lib/python3.8/site-packages'
[2.282s] Level 1:colcon.colcon_core.shell:create_environment_hook('m_pubsub', 'pythonpath')
[2.286s] INFO:colcon.colcon_core.shell:Creating environment hook '/home/ubumtu/robot_ws/install/m_pubsub/share/m_pubsub/hook/pythonpath.ps1'
[2.286s] INFO:colcon.colcon_core.shell:Creating environment descriptor '/home/ubumtu/robot_ws/install/m_pubsub/share/m_pubsub/hook/pythonpath.dsv'
[2.287s] INFO:colcon.colcon_core.shell:Creating environment hook '/home/ubumtu/robot_ws/install/m_pubsub/share/m_pubsub/hook/pythonpath.sh'
[2.288s] Level 1:colcon.colcon_core.environment:checking '/home/ubumtu/robot_ws/install/m_pubsub/bin'
[2.288s] Level 1:colcon.colcon_core.environment:create_environment_scripts_only(m_pubsub)
[2.292s] INFO:colcon.colcon_core.shell:Creating package script '/home/ubumtu/robot_ws/install/m_pubsub/share/m_pubsub/package.ps1'
[2.296s] INFO:colcon.colcon_core.shell:Creating package descriptor '/home/ubumtu/robot_ws/install/m_pubsub/share/m_pubsub/package.dsv'
[2.297s] INFO:colcon.colcon_core.shell:Creating package script '/home/ubumtu/robot_ws/install/m_pubsub/share/m_pubsub/package.sh'
[2.298s] INFO:colcon.colcon_core.shell:Creating package script '/home/ubumtu/robot_ws/install/m_pubsub/share/m_pubsub/package.bash'
[2.299s] INFO:colcon.colcon_core.shell:Creating package script '/home/ubumtu/robot_ws/install/m_pubsub/share/m_pubsub/package.zsh'
[2.299s] Level 1:colcon.colcon_core.environment:create_file_with_runtime_dependencies(/home/ubumtu/robot_ws/install/m_pubsub/share/colcon-core/packages/m_pubsub)
[2.300s] INFO:colcon.colcon_ros.task.ament_cmake.build:Building ROS package in '/home/ubumtu/robot_ws/src/test_interface' with build type 'ament_cmake'
[2.301s] INFO:colcon.colcon_cmake.task.cmake.build:Building CMake package in '/home/ubumtu/robot_ws/src/test_interface'
[2.304s] INFO:colcon.colcon_core.shell:Skip shell extension 'powershell' for command environment: Not usable outside of PowerShell
[2.305s] DEBUG:colcon.colcon_core.shell:Skip shell extension 'dsv' for command environment
[2.598s] INFO:colcon.colcon_core.task.python.build:Building Python package in '/home/ubumtu/robot_ws/src/mt_pubsub'
[2.603s] INFO:colcon.colcon_core.shell:Skip shell extension 'powershell' for command environment: Not usable outside of PowerShell
[2.603s] DEBUG:colcon.colcon_core.shell:Skip shell extension 'dsv' for command environment
[2.621s] DEBUG:colcon.colcon_core.event_handler.log_command:Invoking command in '/home/ubumtu/robot_ws/build/test_interface': CMAKE_PREFIX_PATH=/home/ubumtu/robot_ws/install/mt_pubsub:/home/ubumtu/robot_ws/install/move_turtle_pkg:/home/ubumtu/robot_ws/install/m_pubsub:/opt/ros/foxy /usr/bin/cmake --build /home/ubumtu/robot_ws/build/test_interface -- -j2 -l2
[3.066s] DEBUG:colcon.colcon_core.event_handler.log_command:Invoked command in '/home/ubumtu/robot_ws/build/test_interface' returned '0': CMAKE_PREFIX_PATH=/home/ubumtu/robot_ws/install/mt_pubsub:/home/ubumtu/robot_ws/install/move_turtle_pkg:/home/ubumtu/robot_ws/install/m_pubsub:/opt/ros/foxy /usr/bin/cmake --build /home/ubumtu/robot_ws/build/test_interface -- -j2 -l2
[3.185s] DEBUG:colcon.colcon_core.event_handler.log_command:Invoking command in '/home/ubumtu/robot_ws/build/test_interface': CMAKE_PREFIX_PATH=/home/ubumtu/robot_ws/install/mt_pubsub:/home/ubumtu/robot_ws/install/move_turtle_pkg:/home/ubumtu/robot_ws/install/m_pubsub:/opt/ros/foxy /usr/bin/cmake --install /home/ubumtu/robot_ws/build/test_interface
[3.192s] DEBUG:colcon.colcon_core.event_handler.log_command:Invoking command in '/home/ubumtu/robot_ws/build/mt_pubsub': PYTHONPATH=/home/ubumtu/robot_ws/build/mt_pubsub/prefix_override:/home/ubumtu/robot_ws/install/mt_pubsub/lib/python3.8/site-packages:${PYTHONPATH} /usr/bin/python3 setup.py develop --editable --build-directory /home/ubumtu/robot_ws/build/mt_pubsub/build --no-deps install_data
[3.335s] Level 1:colcon.colcon_core.environment:create_environment_scripts_only(test_interface)
[3.341s] Level 1:colcon.colcon_core.environment:checking '/home/ubumtu/robot_ws/install/test_interface' for CMake module files
[3.341s] DEBUG:colcon.colcon_core.event_handler.log_command:Invoked command in '/home/ubumtu/robot_ws/build/test_interface' returned '0': CMAKE_PREFIX_PATH=/home/ubumtu/robot_ws/install/mt_pubsub:/home/ubumtu/robot_ws/install/move_turtle_pkg:/home/ubumtu/robot_ws/install/m_pubsub:/opt/ros/foxy /usr/bin/cmake --install /home/ubumtu/robot_ws/build/test_interface
[3.344s] Level 1:colcon.colcon_core.environment:checking '/home/ubumtu/robot_ws/install/test_interface' for CMake config files
[3.345s] Level 1:colcon.colcon_core.shell:create_environment_hook('test_interface', 'cmake_prefix_path')
[3.349s] INFO:colcon.colcon_core.shell:Creating environment hook '/home/ubumtu/robot_ws/install/test_interface/share/test_interface/hook/cmake_prefix_path.ps1'
[3.350s] INFO:colcon.colcon_core.shell:Creating environment descriptor '/home/ubumtu/robot_ws/install/test_interface/share/test_interface/hook/cmake_prefix_path.dsv'
[3.351s] INFO:colcon.colcon_core.shell:Creating environment hook '/home/ubumtu/robot_ws/install/test_interface/share/test_interface/hook/cmake_prefix_path.sh'
[3.352s] Level 1:colcon.colcon_core.environment:checking '/home/ubumtu/robot_ws/install/test_interface/lib'
[3.352s] Level 1:colcon.colcon_core.shell:create_environment_hook('test_interface', 'ld_library_path_lib')
[3.356s] INFO:colcon.colcon_core.shell:Creating environment hook '/home/ubumtu/robot_ws/install/test_interface/share/test_interface/hook/ld_library_path_lib.ps1'
[3.357s] INFO:colcon.colcon_core.shell:Creating environment descriptor '/home/ubumtu/robot_ws/install/test_interface/share/test_interface/hook/ld_library_path_lib.dsv'
[3.357s] INFO:colcon.colcon_core.shell:Creating environment hook '/home/ubumtu/robot_ws/install/test_interface/share/test_interface/hook/ld_library_path_lib.sh'
[3.358s] Level 1:colcon.colcon_core.environment:checking '/home/ubumtu/robot_ws/install/test_interface/bin'
[3.358s] Level 1:colcon.colcon_core.environment:checking '/home/ubumtu/robot_ws/install/test_interface/lib/pkgconfig/test_interface.pc'
[3.358s] Level 1:colcon.colcon_core.environment:checking '/home/ubumtu/robot_ws/install/test_interface/lib/python3.8/site-packages'
[3.359s] Level 1:colcon.colcon_core.shell:create_environment_hook('test_interface', 'pythonpath')
[3.364s] INFO:colcon.colcon_core.shell:Creating environment hook '/home/ubumtu/robot_ws/install/test_interface/share/test_interface/hook/pythonpath.ps1'
[3.364s] INFO:colcon.colcon_core.shell:Creating environment descriptor '/home/ubumtu/robot_ws/install/test_interface/share/test_interface/hook/pythonpath.dsv'
[3.365s] INFO:colcon.colcon_core.shell:Creating environment hook '/home/ubumtu/robot_ws/install/test_interface/share/test_interface/hook/pythonpath.sh'
[3.366s] Level 1:colcon.colcon_core.environment:checking '/home/ubumtu/robot_ws/install/test_interface/bin'
[3.369s] INFO:colcon.colcon_core.shell:Creating package script '/home/ubumtu/robot_ws/install/test_interface/share/test_interface/package.ps1'
[3.370s] INFO:colcon.colcon_core.shell:Creating package descriptor '/home/ubumtu/robot_ws/install/test_interface/share/test_interface/package.dsv'
[3.371s] INFO:colcon.colcon_core.shell:Creating package script '/home/ubumtu/robot_ws/install/test_interface/share/test_interface/package.sh'
[3.372s] INFO:colcon.colcon_core.shell:Creating package script '/home/ubumtu/robot_ws/install/test_interface/share/test_interface/package.bash'
[3.378s] INFO:colcon.colcon_core.shell:Creating package script '/home/ubumtu/robot_ws/install/test_interface/share/test_interface/package.zsh'
[3.379s] Level 1:colcon.colcon_core.environment:create_file_with_runtime_dependencies(/home/ubumtu/robot_ws/install/test_interface/share/colcon-core/packages/test_interface)
[3.503s] Level 1:colcon.colcon_core.environment:create_environment_scripts_only(test_interface)
[3.510s] Level 1:colcon.colcon_core.environment:checking '/home/ubumtu/robot_ws/install/test_interface' for CMake module files
[3.511s] Level 1:colcon.colcon_core.environment:checking '/home/ubumtu/robot_ws/install/test_interface' for CMake config files
[3.511s] Level 1:colcon.colcon_core.shell:create_environment_hook('test_interface', 'cmake_prefix_path')
[3.516s] INFO:colcon.colcon_core.shell:Creating environment hook '/home/ubumtu/robot_ws/install/test_interface/share/test_interface/hook/cmake_prefix_path.ps1'
[3.516s] INFO:colcon.colcon_core.shell:Creating environment descriptor '/home/ubumtu/robot_ws/install/test_interface/share/test_interface/hook/cmake_prefix_path.dsv'
[3.517s] INFO:colcon.colcon_core.shell:Creating environment hook '/home/ubumtu/robot_ws/install/test_interface/share/test_interface/hook/cmake_prefix_path.sh'
[3.518s] Level 1:colcon.colcon_core.environment:checking '/home/ubumtu/robot_ws/install/test_interface/lib'
[3.518s] Level 1:colcon.colcon_core.shell:create_environment_hook('test_interface', 'ld_library_path_lib')
[3.522s] INFO:colcon.colcon_core.shell:Creating environment hook '/home/ubumtu/robot_ws/install/test_interface/share/test_interface/hook/ld_library_path_lib.ps1'
[3.522s] INFO:colcon.colcon_core.shell:Creating environment descriptor '/home/ubumtu/robot_ws/install/test_interface/share/test_interface/hook/ld_library_path_lib.dsv'
[3.523s] INFO:colcon.colcon_core.shell:Creating environment hook '/home/ubumtu/robot_ws/install/test_interface/share/test_interface/hook/ld_library_path_lib.sh'
[3.524s] Level 1:colcon.colcon_core.environment:checking '/home/ubumtu/robot_ws/install/test_interface/bin'
[3.524s] Level 1:colcon.colcon_core.environment:checking '/home/ubumtu/robot_ws/install/test_interface/lib/pkgconfig/test_interface.pc'
[3.524s] Level 1:colcon.colcon_core.environment:checking '/home/ubumtu/robot_ws/install/test_interface/lib/python3.8/site-packages'
[3.524s] Level 1:colcon.colcon_core.shell:create_environment_hook('test_interface', 'pythonpath')
[3.528s] INFO:colcon.colcon_core.shell:Creating environment hook '/home/ubumtu/robot_ws/install/test_interface/share/test_interface/hook/pythonpath.ps1'
[3.528s] INFO:colcon.colcon_core.shell:Creating environment descriptor '/home/ubumtu/robot_ws/install/test_interface/share/test_interface/hook/pythonpath.dsv'
[3.529s] INFO:colcon.colcon_core.shell:Creating environment hook '/home/ubumtu/robot_ws/install/test_interface/share/test_interface/hook/pythonpath.sh'
[3.530s] Level 1:colcon.colcon_core.environment:checking '/home/ubumtu/robot_ws/install/test_interface/bin'
[3.534s] INFO:colcon.colcon_core.shell:Creating package script '/home/ubumtu/robot_ws/install/test_interface/share/test_interface/package.ps1'
[3.535s] INFO:colcon.colcon_core.shell:Creating package descriptor '/home/ubumtu/robot_ws/install/test_interface/share/test_interface/package.dsv'
[3.536s] INFO:colcon.colcon_core.shell:Creating package script '/home/ubumtu/robot_ws/install/test_interface/share/test_interface/package.sh'
[3.537s] INFO:colcon.colcon_core.shell:Creating package script '/home/ubumtu/robot_ws/install/test_interface/share/test_interface/package.bash'
[3.537s] INFO:colcon.colcon_core.shell:Creating package script '/home/ubumtu/robot_ws/install/test_interface/share/test_interface/package.zsh'
[3.538s] Level 1:colcon.colcon_core.environment:create_file_with_runtime_dependencies(/home/ubumtu/robot_ws/install/test_interface/share/colcon-core/packages/test_interface)
[3.540s] INFO:colcon.colcon_ros.task.ament_python.build:Building ROS package in '/home/ubumtu/robot_ws/src/test_num' with build type 'ament_python'
[3.540s] Level 1:colcon.colcon_core.shell:create_environment_hook('test_num', 'ament_prefix_path')
[3.543s] INFO:colcon.colcon_core.shell:Creating environment hook '/home/ubumtu/robot_ws/install/test_num/share/test_num/hook/ament_prefix_path.ps1'
[3.544s] INFO:colcon.colcon_core.shell:Creating environment descriptor '/home/ubumtu/robot_ws/install/test_num/share/test_num/hook/ament_prefix_path.dsv'
[3.545s] INFO:colcon.colcon_core.shell:Creating environment hook '/home/ubumtu/robot_ws/install/test_num/share/test_num/hook/ament_prefix_path.sh'
[3.549s] INFO:colcon.colcon_core.shell:Skip shell extension 'powershell' for command environment: Not usable outside of PowerShell
[3.549s] DEBUG:colcon.colcon_core.shell:Skip shell extension 'dsv' for command environment
[3.872s] INFO:colcon.colcon_core.task.python.build:Building Python package in '/home/ubumtu/robot_ws/src/test_num'
[3.877s] INFO:colcon.colcon_core.shell:Skip shell extension 'powershell' for command environment: Not usable outside of PowerShell
[3.877s] DEBUG:colcon.colcon_core.shell:Skip shell extension 'dsv' for command environment
[3.888s] Level 1:colcon.colcon_core.shell:create_environment_hook('mt_pubsub', 'pythonpath_develop')
[3.893s] INFO:colcon.colcon_core.shell:Creating environment hook '/home/ubumtu/robot_ws/build/mt_pubsub/share/mt_pubsub/hook/pythonpath_develop.ps1'
[3.894s] DEBUG:colcon.colcon_core.event_handler.log_command:Invoked command in '/home/ubumtu/robot_ws/build/mt_pubsub' returned '0': PYTHONPATH=/home/ubumtu/robot_ws/build/mt_pubsub/prefix_override:/home/ubumtu/robot_ws/install/mt_pubsub/lib/python3.8/site-packages:${PYTHONPATH} /usr/bin/python3 setup.py develop --editable --build-directory /home/ubumtu/robot_ws/build/mt_pubsub/build --no-deps install_data
[3.895s] INFO:colcon.colcon_core.shell:Creating environment descriptor '/home/ubumtu/robot_ws/build/mt_pubsub/share/mt_pubsub/hook/pythonpath_develop.dsv'
[3.896s] INFO:colcon.colcon_core.shell:Creating environment hook '/home/ubumtu/robot_ws/build/mt_pubsub/share/mt_pubsub/hook/pythonpath_develop.sh'
[3.902s] Level 1:colcon.colcon_core.environment:checking '/home/ubumtu/robot_ws/install/mt_pubsub' for CMake module files
[3.902s] Level 1:colcon.colcon_core.environment:checking '/home/ubumtu/robot_ws/install/mt_pubsub' for CMake config files
[3.903s] Level 1:colcon.colcon_core.environment:checking '/home/ubumtu/robot_ws/install/mt_pubsub/lib'
[3.903s] Level 1:colcon.colcon_core.environment:checking '/home/ubumtu/robot_ws/install/mt_pubsub/bin'
[3.903s] Level 1:colcon.colcon_core.environment:checking '/home/ubumtu/robot_ws/install/mt_pubsub/lib/pkgconfig/mt_pubsub.pc'
[3.904s] Level 1:colcon.colcon_core.environment:checking '/home/ubumtu/robot_ws/install/mt_pubsub/lib/python3.8/site-packages'
[3.904s] Level 1:colcon.colcon_core.shell:create_environment_hook('mt_pubsub', 'pythonpath')
[3.907s] INFO:colcon.colcon_core.shell:Creating environment hook '/home/ubumtu/robot_ws/install/mt_pubsub/share/mt_pubsub/hook/pythonpath.ps1'
[3.909s] INFO:colcon.colcon_core.shell:Creating environment descriptor '/home/ubumtu/robot_ws/install/mt_pubsub/share/mt_pubsub/hook/pythonpath.dsv'
[3.909s] INFO:colcon.colcon_core.shell:Creating environment hook '/home/ubumtu/robot_ws/install/mt_pubsub/share/mt_pubsub/hook/pythonpath.sh'
[3.910s] Level 1:colcon.colcon_core.environment:checking '/home/ubumtu/robot_ws/install/mt_pubsub/bin'
[3.910s] Level 1:colcon.colcon_core.environment:create_environment_scripts_only(mt_pubsub)
[3.914s] INFO:colcon.colcon_core.shell:Creating package script '/home/ubumtu/robot_ws/install/mt_pubsub/share/mt_pubsub/package.ps1'
[3.915s] INFO:colcon.colcon_core.shell:Creating package descriptor '/home/ubumtu/robot_ws/install/mt_pubsub/share/mt_pubsub/package.dsv'
[3.916s] INFO:colcon.colcon_core.shell:Creating package script '/home/ubumtu/robot_ws/install/mt_pubsub/share/mt_pubsub/package.sh'
[3.917s] INFO:colcon.colcon_core.shell:Creating package script '/home/ubumtu/robot_ws/install/mt_pubsub/share/mt_pubsub/package.bash'
[3.917s] INFO:colcon.colcon_core.shell:Creating package script '/home/ubumtu/robot_ws/install/mt_pubsub/share/mt_pubsub/package.zsh'
[3.918s] Level 1:colcon.colcon_core.environment:create_file_with_runtime_dependencies(/home/ubumtu/robot_ws/install/mt_pubsub/share/colcon-core/packages/mt_pubsub)
[4.413s] DEBUG:colcon.colcon_core.event_handler.log_command:Invoking command in '/home/ubumtu/robot_ws/build/test_num': PYTHONPATH=/home/ubumtu/robot_ws/build/test_num/prefix_override:/home/ubumtu/robot_ws/install/test_num/lib/python3.8/site-packages:${PYTHONPATH} /usr/bin/python3 setup.py develop --editable --build-directory /home/ubumtu/robot_ws/build/test_num/build --no-deps install_data
[5.004s] Level 1:colcon.colcon_core.shell:create_environment_hook('test_num', 'pythonpath_develop')
[5.008s] INFO:colcon.colcon_core.shell:Creating environment hook '/home/ubumtu/robot_ws/build/test_num/share/test_num/hook/pythonpath_develop.ps1'
[5.010s] DEBUG:colcon.colcon_core.event_handler.log_command:Invoked command in '/home/ubumtu/robot_ws/build/test_num' returned '0': PYTHONPATH=/home/ubumtu/robot_ws/build/test_num/prefix_override:/home/ubumtu/robot_ws/install/test_num/lib/python3.8/site-packages:${PYTHONPATH} /usr/bin/python3 setup.py develop --editable --build-directory /home/ubumtu/robot_ws/build/test_num/build --no-deps install_data
[5.010s] INFO:colcon.colcon_core.shell:Creating environment descriptor '/home/ubumtu/robot_ws/build/test_num/share/test_num/hook/pythonpath_develop.dsv'
[5.011s] INFO:colcon.colcon_core.shell:Creating environment hook '/home/ubumtu/robot_ws/build/test_num/share/test_num/hook/pythonpath_develop.sh'
[5.018s] Level 1:colcon.colcon_core.environment:checking '/home/ubumtu/robot_ws/install/test_num' for CMake module files
[5.019s] Level 1:colcon.colcon_core.environment:checking '/home/ubumtu/robot_ws/install/test_num' for CMake config files
[5.019s] Level 1:colcon.colcon_core.environment:checking '/home/ubumtu/robot_ws/install/test_num/lib'
[5.019s] Level 1:colcon.colcon_core.environment:checking '/home/ubumtu/robot_ws/install/test_num/bin'
[5.019s] Level 1:colcon.colcon_core.environment:checking '/home/ubumtu/robot_ws/install/test_num/lib/pkgconfig/test_num.pc'
[5.020s] Level 1:colcon.colcon_core.environment:checking '/home/ubumtu/robot_ws/install/test_num/lib/python3.8/site-packages'
[5.020s] Level 1:colcon.colcon_core.shell:create_environment_hook('test_num', 'pythonpath')
[5.023s] INFO:colcon.colcon_core.shell:Creating environment hook '/home/ubumtu/robot_ws/install/test_num/share/test_num/hook/pythonpath.ps1'
[5.024s] INFO:colcon.colcon_core.shell:Creating environment descriptor '/home/ubumtu/robot_ws/install/test_num/share/test_num/hook/pythonpath.dsv'
[5.025s] INFO:colcon.colcon_core.shell:Creating environment hook '/home/ubumtu/robot_ws/install/test_num/share/test_num/hook/pythonpath.sh'
[5.025s] Level 1:colcon.colcon_core.environment:checking '/home/ubumtu/robot_ws/install/test_num/bin'
[5.026s] Level 1:colcon.colcon_core.environment:create_environment_scripts_only(test_num)
[5.029s] INFO:colcon.colcon_core.shell:Creating package script '/home/ubumtu/robot_ws/install/test_num/share/test_num/package.ps1'
[5.030s] INFO:colcon.colcon_core.shell:Creating package descriptor '/home/ubumtu/robot_ws/install/test_num/share/test_num/package.dsv'
[5.031s] INFO:colcon.colcon_core.shell:Creating package script '/home/ubumtu/robot_ws/install/test_num/share/test_num/package.sh'
[5.032s] INFO:colcon.colcon_core.shell:Creating package script '/home/ubumtu/robot_ws/install/test_num/share/test_num/package.bash'
[5.032s] INFO:colcon.colcon_core.shell:Creating package script '/home/ubumtu/robot_ws/install/test_num/share/test_num/package.zsh'
[5.033s] Level 1:colcon.colcon_core.environment:create_file_with_runtime_dependencies(/home/ubumtu/robot_ws/install/test_num/share/colcon-core/packages/test_num)
[5.033s] DEBUG:colcon.colcon_parallel_executor.executor.parallel:closing loop
[5.034s] DEBUG:colcon.colcon_parallel_executor.executor.parallel:loop closed
[5.035s] DEBUG:colcon.colcon_parallel_executor.executor.parallel:run_until_complete finished with '0'
[5.035s] DEBUG:colcon.colcon_core.event_reactor:joining thread
[5.046s] INFO:colcon.colcon_core.plugin_system:Skipping extension 'colcon_notification.desktop_notification.terminal_notifier': Not used on non-Darwin systems
[5.047s] INFO:colcon.colcon_core.plugin_system:Skipping extension 'colcon_notification.desktop_notification.win32': Not used on non-Windows systems
[5.047s] INFO:colcon.colcon_notification.desktop_notification:Sending desktop notification using 'notify2'
[5.074s] DEBUG:colcon.colcon_core.event_reactor:joined thread
[5.078s] INFO:colcon.colcon_core.shell:Creating prefix script '/home/ubumtu/robot_ws/install/local_setup.ps1'
[5.079s] INFO:colcon.colcon_core.shell:Creating prefix util module '/home/ubumtu/robot_ws/install/_local_setup_util_ps1.py'
[5.081s] INFO:colcon.colcon_core.shell:Creating prefix chain script '/home/ubumtu/robot_ws/install/setup.ps1'
[5.084s] INFO:colcon.colcon_core.shell:Creating prefix script '/home/ubumtu/robot_ws/install/local_setup.sh'
[5.084s] INFO:colcon.colcon_core.shell:Creating prefix util module '/home/ubumtu/robot_ws/install/_local_setup_util_sh.py'
[5.085s] INFO:colcon.colcon_core.shell:Creating prefix chain script '/home/ubumtu/robot_ws/install/setup.sh'
[5.088s] INFO:colcon.colcon_core.shell:Creating prefix script '/home/ubumtu/robot_ws/install/local_setup.bash'
[5.088s] INFO:colcon.colcon_core.shell:Creating prefix chain script '/home/ubumtu/robot_ws/install/setup.bash'
[5.092s] INFO:colcon.colcon_core.shell:Creating prefix script '/home/ubumtu/robot_ws/install/local_setup.zsh'
[5.093s] INFO:colcon.colcon_core.shell:Creating prefix chain script '/home/ubumtu/robot_ws/install/setup.zsh'
