[0.246s] DEBUG:colcon:Command line arguments: ['/usr/bin/colcon', 'build', '--symlink-install']
[0.246s] DEBUG:colcon:Parsed command line arguments: Namespace(allow_overriding=[], ament_cmake_args=None, base_paths=['.'], build_base='build', catkin_cmake_args=None, catkin_skip_building_tests=False, cmake_args=None, cmake_clean_cache=False, cmake_clean_first=False, cmake_force_configure=False, cmake_target=None, cmake_target_skip_unavailable=False, continue_on_error=False, event_handlers=None, executor='parallel', ignore_user_meta=False, install_base='install', log_base=None, log_level=None, main=<bound method BuildVerb.main of <colcon_core.verb.build.BuildVerb object at 0x7fa89b4d98b0>>, merge_install=False, metas=['./colcon.meta'], packages_above=None, packages_above_and_dependencies=None, packages_above_depth=None, packages_end=None, packages_ignore=None, packages_ignore_regex=None, packages_select=None, packages_select_build_failed=False, packages_select_by_dep=None, packages_select_regex=None, packages_select_test_failures=False, packages_skip=None, packages_skip_build_finished=False, packages_skip_by_dep=None, packages_skip_regex=None, packages_skip_test_passed=False, packages_skip_up_to=None, packages_start=None, packages_up_to=None, packages_up_to_regex=None, parallel_workers=2, paths=None, symlink_install=True, test_result_base=None, verb_extension=<colcon_core.verb.build.BuildVerb object at 0x7fa89b4d98b0>, verb_name='build', verb_parser=<colcon_defaults.argument_parser.defaults.DefaultArgumentsDecorator object at 0x7fa89b4d9e20>)
[0.283s] Level 1:colcon.colcon_core.package_discovery:discover_packages(colcon_meta) check parameters
[0.283s] Level 1:colcon.colcon_core.package_discovery:discover_packages(recursive) check parameters
[0.283s] Level 1:colcon.colcon_core.package_discovery:discover_packages(ignore) check parameters
[0.283s] Level 1:colcon.colcon_core.package_discovery:discover_packages(path) check parameters
[0.283s] Level 1:colcon.colcon_core.package_discovery:discover_packages(colcon_meta) discover
[0.284s] Level 1:colcon.colcon_core.package_discovery:discover_packages(recursive) discover
[0.284s] INFO:colcon.colcon_core.package_discovery:Crawling recursively for packages in '/home/ubumtu/robot_ws'
[0.284s] Level 1:colcon.colcon_core.package_identification:_identify(.) by extensions ['ignore', 'ignore_ament_install']
[0.284s] Level 1:colcon.colcon_core.package_identification:_identify(.) by extension 'ignore'
[0.284s] Level 1:colcon.colcon_core.package_identification:_identify(.) by extension 'ignore_ament_install'
[0.284s] Level 1:colcon.colcon_core.package_identification:_identify(.) by extensions ['colcon_pkg']
[0.285s] Level 1:colcon.colcon_core.package_identification:_identify(.) by extension 'colcon_pkg'
[0.285s] Level 1:colcon.colcon_core.package_identification:_identify(.) by extensions ['colcon_meta']
[0.285s] Level 1:colcon.colcon_core.package_identification:_identify(.) by extension 'colcon_meta'
[0.285s] Level 1:colcon.colcon_core.package_identification:_identify(.) by extensions ['ros']
[0.285s] Level 1:colcon.colcon_core.package_identification:_identify(.) by extension 'ros'
[0.307s] Level 1:colcon.colcon_core.package_identification:_identify(.) by extensions ['cmake', 'python']
[0.307s] Level 1:colcon.colcon_core.package_identification:_identify(.) by extension 'cmake'
[0.308s] Level 1:colcon.colcon_core.package_identification:_identify(.) by extension 'python'
[0.308s] Level 1:colcon.colcon_core.package_identification:_identify(.) by extensions ['python_setup_py']
[0.308s] Level 1:colcon.colcon_core.package_identification:_identify(.) by extension 'python_setup_py'
[0.308s] Level 1:colcon.colcon_core.package_identification:_identify(build) by extensions ['ignore', 'ignore_ament_install']
[0.308s] Level 1:colcon.colcon_core.package_identification:_identify(build) by extension 'ignore'
[0.308s] Level 1:colcon.colcon_core.package_identification:_identify(build) ignored
[0.309s] Level 1:colcon.colcon_core.package_identification:_identify(install) by extensions ['ignore', 'ignore_ament_install']
[0.309s] Level 1:colcon.colcon_core.package_identification:_identify(install) by extension 'ignore'
[0.309s] Level 1:colcon.colcon_core.package_identification:_identify(install) ignored
[0.309s] Level 1:colcon.colcon_core.package_identification:_identify(log) by extensions ['ignore', 'ignore_ament_install']
[0.309s] Level 1:colcon.colcon_core.package_identification:_identify(log) by extension 'ignore'
[0.310s] Level 1:colcon.colcon_core.package_identification:_identify(log) ignored
[0.310s] Level 1:colcon.colcon_core.package_identification:_identify(opencv_test) by extensions ['ignore', 'ignore_ament_install']
[0.310s] Level 1:colcon.colcon_core.package_identification:_identify(opencv_test) by extension 'ignore'
[0.310s] Level 1:colcon.colcon_core.package_identification:_identify(opencv_test) by extension 'ignore_ament_install'
[0.310s] Level 1:colcon.colcon_core.package_identification:_identify(opencv_test) by extensions ['colcon_pkg']
[0.310s] Level 1:colcon.colcon_core.package_identification:_identify(opencv_test) by extension 'colcon_pkg'
[0.310s] Level 1:colcon.colcon_core.package_identification:_identify(opencv_test) by extensions ['colcon_meta']
[0.311s] Level 1:colcon.colcon_core.package_identification:_identify(opencv_test) by extension 'colcon_meta'
[0.311s] Level 1:colcon.colcon_core.package_identification:_identify(opencv_test) by extensions ['ros']
[0.311s] Level 1:colcon.colcon_core.package_identification:_identify(opencv_test) by extension 'ros'
[0.311s] Level 1:colcon.colcon_core.package_identification:_identify(opencv_test) by extensions ['cmake', 'python']
[0.311s] Level 1:colcon.colcon_core.package_identification:_identify(opencv_test) by extension 'cmake'
[0.311s] Level 1:colcon.colcon_core.package_identification:_identify(opencv_test) by extension 'python'
[0.311s] Level 1:colcon.colcon_core.package_identification:_identify(opencv_test) by extensions ['python_setup_py']
[0.312s] Level 1:colcon.colcon_core.package_identification:_identify(opencv_test) by extension 'python_setup_py'
[0.312s] Level 1:colcon.colcon_core.package_identification:_identify(src) by extensions ['ignore', 'ignore_ament_install']
[0.312s] Level 1:colcon.colcon_core.package_identification:_identify(src) by extension 'ignore'
[0.312s] Level 1:colcon.colcon_core.package_identification:_identify(src) by extension 'ignore_ament_install'
[0.312s] Level 1:colcon.colcon_core.package_identification:_identify(src) by extensions ['colcon_pkg']
[0.312s] Level 1:colcon.colcon_core.package_identification:_identify(src) by extension 'colcon_pkg'
[0.312s] Level 1:colcon.colcon_core.package_identification:_identify(src) by extensions ['colcon_meta']
[0.313s] Level 1:colcon.colcon_core.package_identification:_identify(src) by extension 'colcon_meta'
[0.313s] Level 1:colcon.colcon_core.package_identification:_identify(src) by extensions ['ros']
[0.313s] Level 1:colcon.colcon_core.package_identification:_identify(src) by extension 'ros'
[0.313s] Level 1:colcon.colcon_core.package_identification:_identify(src) by extensions ['cmake', 'python']
[0.313s] Level 1:colcon.colcon_core.package_identification:_identify(src) by extension 'cmake'
[0.313s] Level 1:colcon.colcon_core.package_identification:_identify(src) by extension 'python'
[0.313s] Level 1:colcon.colcon_core.package_identification:_identify(src) by extensions ['python_setup_py']
[0.313s] Level 1:colcon.colcon_core.package_identification:_identify(src) by extension 'python_setup_py'
[0.314s] Level 1:colcon.colcon_core.package_identification:_identify(src/m_pubsub) by extensions ['ignore', 'ignore_ament_install']
[0.314s] Level 1:colcon.colcon_core.package_identification:_identify(src/m_pubsub) by extension 'ignore'
[0.314s] Level 1:colcon.colcon_core.package_identification:_identify(src/m_pubsub) by extension 'ignore_ament_install'
[0.314s] Level 1:colcon.colcon_core.package_identification:_identify(src/m_pubsub) by extensions ['colcon_pkg']
[0.314s] Level 1:colcon.colcon_core.package_identification:_identify(src/m_pubsub) by extension 'colcon_pkg'
[0.314s] Level 1:colcon.colcon_core.package_identification:_identify(src/m_pubsub) by extensions ['colcon_meta']
[0.314s] Level 1:colcon.colcon_core.package_identification:_identify(src/m_pubsub) by extension 'colcon_meta'
[0.315s] Level 1:colcon.colcon_core.package_identification:_identify(src/m_pubsub) by extensions ['ros']
[0.315s] Level 1:colcon.colcon_core.package_identification:_identify(src/m_pubsub) by extension 'ros'
[0.318s] DEBUG:colcon.colcon_core.package_identification:Package 'src/m_pubsub' with type 'ros.ament_python' and name 'm_pubsub'
[0.318s] Level 1:colcon.colcon_core.package_identification:_identify(src/move_turtle_pkg) by extensions ['ignore', 'ignore_ament_install']
[0.318s] Level 1:colcon.colcon_core.package_identification:_identify(src/move_turtle_pkg) by extension 'ignore'
[0.318s] Level 1:colcon.colcon_core.package_identification:_identify(src/move_turtle_pkg) by extension 'ignore_ament_install'
[0.318s] Level 1:colcon.colcon_core.package_identification:_identify(src/move_turtle_pkg) by extensions ['colcon_pkg']
[0.319s] Level 1:colcon.colcon_core.package_identification:_identify(src/move_turtle_pkg) by extension 'colcon_pkg'
[0.319s] Level 1:colcon.colcon_core.package_identification:_identify(src/move_turtle_pkg) by extensions ['colcon_meta']
[0.319s] Level 1:colcon.colcon_core.package_identification:_identify(src/move_turtle_pkg) by extension 'colcon_meta'
[0.319s] Level 1:colcon.colcon_core.package_identification:_identify(src/move_turtle_pkg) by extensions ['ros']
[0.319s] Level 1:colcon.colcon_core.package_identification:_identify(src/move_turtle_pkg) by extension 'ros'
[0.320s] DEBUG:colcon.colcon_core.package_identification:Package 'src/move_turtle_pkg' with type 'ros.ament_python' and name 'move_turtle_pkg'
[0.320s] Level 1:colcon.colcon_core.package_identification:_identify(src/mt_pubsub) by extensions ['ignore', 'ignore_ament_install']
[0.320s] Level 1:colcon.colcon_core.package_identification:_identify(src/mt_pubsub) by extension 'ignore'
[0.320s] Level 1:colcon.colcon_core.package_identification:_identify(src/mt_pubsub) by extension 'ignore_ament_install'
[0.320s] Level 1:colcon.colcon_core.package_identification:_identify(src/mt_pubsub) by extensions ['colcon_pkg']
[0.320s] Level 1:colcon.colcon_core.package_identification:_identify(src/mt_pubsub) by extension 'colcon_pkg'
[0.321s] Level 1:colcon.colcon_core.package_identification:_identify(src/mt_pubsub) by extensions ['colcon_meta']
[0.321s] Level 1:colcon.colcon_core.package_identification:_identify(src/mt_pubsub) by extension 'colcon_meta'
[0.321s] Level 1:colcon.colcon_core.package_identification:_identify(src/mt_pubsub) by extensions ['ros']
[0.321s] Level 1:colcon.colcon_core.package_identification:_identify(src/mt_pubsub) by extension 'ros'
[0.322s] DEBUG:colcon.colcon_core.package_identification:Package 'src/mt_pubsub' with type 'ros.ament_python' and name 'mt_pubsub'
[0.322s] Level 1:colcon.colcon_core.package_identification:_identify(src/test_interface) by extensions ['ignore', 'ignore_ament_install']
[0.322s] Level 1:colcon.colcon_core.package_identification:_identify(src/test_interface) by extension 'ignore'
[0.322s] Level 1:colcon.colcon_core.package_identification:_identify(src/test_interface) by extension 'ignore_ament_install'
[0.322s] Level 1:colcon.colcon_core.package_identification:_identify(src/test_interface) by extensions ['colcon_pkg']
[0.322s] Level 1:colcon.colcon_core.package_identification:_identify(src/test_interface) by extension 'colcon_pkg'
[0.323s] Level 1:colcon.colcon_core.package_identification:_identify(src/test_interface) by extensions ['colcon_meta']
[0.323s] Level 1:colcon.colcon_core.package_identification:_identify(src/test_interface) by extension 'colcon_meta'
[0.323s] Level 1:colcon.colcon_core.package_identification:_identify(src/test_interface) by extensions ['ros']
[0.323s] Level 1:colcon.colcon_core.package_identification:_identify(src/test_interface) by extension 'ros'
[0.324s] DEBUG:colcon.colcon_core.package_identification:Package 'src/test_interface' with type 'ros.ament_cmake' and name 'test_interface'
[0.324s] Level 1:colcon.colcon_core.package_identification:_identify(src/test_num) by extensions ['ignore', 'ignore_ament_install']
[0.324s] Level 1:colcon.colcon_core.package_identification:_identify(src/test_num) by extension 'ignore'
[0.324s] Level 1:colcon.colcon_core.package_identification:_identify(src/test_num) by extension 'ignore_ament_install'
[0.324s] Level 1:colcon.colcon_core.package_identification:_identify(src/test_num) by extensions ['colcon_pkg']
[0.324s] Level 1:colcon.colcon_core.package_identification:_identify(src/test_num) by extension 'colcon_pkg'
[0.325s] Level 1:colcon.colcon_core.package_identification:_identify(src/test_num) by extensions ['colcon_meta']
[0.325s] Level 1:colcon.colcon_core.package_identification:_identify(src/test_num) by extension 'colcon_meta'
[0.325s] Level 1:colcon.colcon_core.package_identification:_identify(src/test_num) by extensions ['ros']
[0.325s] Level 1:colcon.colcon_core.package_identification:_identify(src/test_num) by extension 'ros'
[0.326s] DEBUG:colcon.colcon_core.package_identification:Package 'src/test_num' with type 'ros.ament_python' and name 'test_num'
[0.326s] Level 1:colcon.colcon_core.package_discovery:discover_packages(recursive) using defaults
[0.326s] Level 1:colcon.colcon_core.package_discovery:discover_packages(ignore) discover
[0.326s] Level 1:colcon.colcon_core.package_discovery:discover_packages(ignore) using defaults
[0.326s] Level 1:colcon.colcon_core.package_discovery:discover_packages(path) discover
[0.326s] Level 1:colcon.colcon_core.package_discovery:discover_packages(path) using defaults
[0.359s] Level 1:colcon.colcon_core.package_discovery:discover_packages(prefix_path) check parameters
[0.359s] Level 1:colcon.colcon_core.package_discovery:discover_packages(prefix_path) discover
[0.365s] DEBUG:colcon.colcon_installed_package_information.package_discovery:Found 5 installed packages in /home/ubumtu/robot_ws/install
[0.367s] DEBUG:colcon.colcon_installed_package_information.package_discovery:Found 258 installed packages in /opt/ros/foxy
[0.369s] Level 1:colcon.colcon_core.package_discovery:discover_packages(prefix_path) using defaults
[0.463s] Level 5:colcon.colcon_core.verb:set package 'm_pubsub' build argument 'cmake_args' from command line to 'None'
[0.463s] Level 5:colcon.colcon_core.verb:set package 'm_pubsub' build argument 'cmake_target' from command line to 'None'
[0.463s] Level 5:colcon.colcon_core.verb:set package 'm_pubsub' build argument 'cmake_target_skip_unavailable' from command line to 'False'
[0.464s] Level 5:colcon.colcon_core.verb:set package 'm_pubsub' build argument 'cmake_clean_cache' from command line to 'False'
[0.464s] Level 5:colcon.colcon_core.verb:set package 'm_pubsub' build argument 'cmake_clean_first' from command line to 'False'
[0.464s] Level 5:colcon.colcon_core.verb:set package 'm_pubsub' build argument 'cmake_force_configure' from command line to 'False'
[0.464s] Level 5:colcon.colcon_core.verb:set package 'm_pubsub' build argument 'ament_cmake_args' from command line to 'None'
[0.464s] Level 5:colcon.colcon_core.verb:set package 'm_pubsub' build argument 'catkin_cmake_args' from command line to 'None'
[0.464s] Level 5:colcon.colcon_core.verb:set package 'm_pubsub' build argument 'catkin_skip_building_tests' from command line to 'False'
[0.464s] DEBUG:colcon.colcon_core.verb:Building package 'm_pubsub' with the following arguments: {'ament_cmake_args': None, 'build_base': '/home/ubumtu/robot_ws/build/m_pubsub', 'catkin_cmake_args': None, 'catkin_skip_building_tests': False, 'cmake_args': None, 'cmake_clean_cache': False, 'cmake_clean_first': False, 'cmake_force_configure': False, 'cmake_target': None, 'cmake_target_skip_unavailable': False, 'install_base': '/home/ubumtu/robot_ws/install/m_pubsub', 'merge_install': False, 'path': '/home/ubumtu/robot_ws/src/m_pubsub', 'symlink_install': True, 'test_result_base': None}
[0.466s] Level 5:colcon.colcon_core.verb:set package 'move_turtle_pkg' build argument 'cmake_args' from command line to 'None'
[0.467s] Level 5:colcon.colcon_core.verb:set package 'move_turtle_pkg' build argument 'cmake_target' from command line to 'None'
[0.467s] Level 5:colcon.colcon_core.verb:set package 'move_turtle_pkg' build argument 'cmake_target_skip_unavailable' from command line to 'False'
[0.467s] Level 5:colcon.colcon_core.verb:set package 'move_turtle_pkg' build argument 'cmake_clean_cache' from command line to 'False'
[0.467s] Level 5:colcon.colcon_core.verb:set package 'move_turtle_pkg' build argument 'cmake_clean_first' from command line to 'False'
[0.467s] Level 5:colcon.colcon_core.verb:set package 'move_turtle_pkg' build argument 'cmake_force_configure' from command line to 'False'
[0.467s] Level 5:colcon.colcon_core.verb:set package 'move_turtle_pkg' build argument 'ament_cmake_args' from command line to 'None'
[0.467s] Level 5:colcon.colcon_core.verb:set package 'move_turtle_pkg' build argument 'catkin_cmake_args' from command line to 'None'
[0.467s] Level 5:colcon.colcon_core.verb:set package 'move_turtle_pkg' build argument 'catkin_skip_building_tests' from command line to 'False'
[0.467s] DEBUG:colcon.colcon_core.verb:Building package 'move_turtle_pkg' with the following arguments: {'ament_cmake_args': None, 'build_base': '/home/ubumtu/robot_ws/build/move_turtle_pkg', 'catkin_cmake_args': None, 'catkin_skip_building_tests': False, 'cmake_args': None, 'cmake_clean_cache': False, 'cmake_clean_first': False, 'cmake_force_configure': False, 'cmake_target': None, 'cmake_target_skip_unavailable': False, 'install_base': '/home/ubumtu/robot_ws/install/move_turtle_pkg', 'merge_install': False, 'path': '/home/ubumtu/robot_ws/src/move_turtle_pkg', 'symlink_install': True, 'test_result_base': None}
[0.469s] Level 5:colcon.colcon_core.verb:set package 'mt_pubsub' build argument 'cmake_args' from command line to 'None'
[0.469s] Level 5:colcon.colcon_core.verb:set package 'mt_pubsub' build argument 'cmake_target' from command line to 'None'
[0.470s] Level 5:colcon.colcon_core.verb:set package 'mt_pubsub' build argument 'cmake_target_skip_unavailable' from command line to 'False'
[0.470s] Level 5:colcon.colcon_core.verb:set package 'mt_pubsub' build argument 'cmake_clean_cache' from command line to 'False'
[0.470s] Level 5:colcon.colcon_core.verb:set package 'mt_pubsub' build argument 'cmake_clean_first' from command line to 'False'
[0.470s] Level 5:colcon.colcon_core.verb:set package 'mt_pubsub' build argument 'cmake_force_configure' from command line to 'False'
[0.470s] Level 5:colcon.colcon_core.verb:set package 'mt_pubsub' build argument 'ament_cmake_args' from command line to 'None'
[0.470s] Level 5:colcon.colcon_core.verb:set package 'mt_pubsub' build argument 'catkin_cmake_args' from command line to 'None'
[0.470s] Level 5:colcon.colcon_core.verb:set package 'mt_pubsub' build argument 'catkin_skip_building_tests' from command line to 'False'
[0.470s] DEBUG:colcon.colcon_core.verb:Building package 'mt_pubsub' with the following arguments: {'ament_cmake_args': None, 'build_base': '/home/ubumtu/robot_ws/build/mt_pubsub', 'catkin_cmake_args': None, 'catkin_skip_building_tests': False, 'cmake_args': None, 'cmake_clean_cache': False, 'cmake_clean_first': False, 'cmake_force_configure': False, 'cmake_target': None, 'cmake_target_skip_unavailable': False, 'install_base': '/home/ubumtu/robot_ws/install/mt_pubsub', 'merge_install': False, 'path': '/home/ubumtu/robot_ws/src/mt_pubsub', 'symlink_install': True, 'test_result_base': None}
[0.472s] Level 5:colcon.colcon_core.verb:set package 'test_interface' build argument 'cmake_args' from command line to 'None'
[0.473s] Level 5:colcon.colcon_core.verb:set package 'test_interface' build argument 'cmake_target' from command line to 'None'
[0.473s] Level 5:colcon.colcon_core.verb:set package 'test_interface' build argument 'cmake_target_skip_unavailable' from command line to 'False'
[0.473s] Level 5:colcon.colcon_core.verb:set package 'test_interface' build argument 'cmake_clean_cache' from command line to 'False'
[0.473s] Level 5:colcon.colcon_core.verb:set package 'test_interface' build argument 'cmake_clean_first' from command line to 'False'
[0.473s] Level 5:colcon.colcon_core.verb:set package 'test_interface' build argument 'cmake_force_configure' from command line to 'False'
[0.473s] Level 5:colcon.colcon_core.verb:set package 'test_interface' build argument 'ament_cmake_args' from command line to 'None'
[0.473s] Level 5:colcon.colcon_core.verb:set package 'test_interface' build argument 'catkin_cmake_args' from command line to 'None'
[0.473s] Level 5:colcon.colcon_core.verb:set package 'test_interface' build argument 'catkin_skip_building_tests' from command line to 'False'
[0.473s] DEBUG:colcon.colcon_core.verb:Building package 'test_interface' with the following arguments: {'ament_cmake_args': None, 'build_base': '/home/ubumtu/robot_ws/build/test_interface', 'catkin_cmake_args': None, 'catkin_skip_building_tests': False, 'cmake_args': None, 'cmake_clean_cache': False, 'cmake_clean_first': False, 'cmake_force_configure': False, 'cmake_target': None, 'cmake_target_skip_unavailable': False, 'install_base': '/home/ubumtu/robot_ws/install/test_interface', 'merge_install': False, 'path': '/home/ubumtu/robot_ws/src/test_interface', 'symlink_install': True, 'test_result_base': None}
[0.475s] Level 5:colcon.colcon_core.verb:set package 'test_num' build argument 'cmake_args' from command line to 'None'
[0.475s] Level 5:colcon.colcon_core.verb:set package 'test_num' build argument 'cmake_target' from command line to 'None'
[0.476s] Level 5:colcon.colcon_core.verb:set package 'test_num' build argument 'cmake_target_skip_unavailable' from command line to 'False'
[0.476s] Level 5:colcon.colcon_core.verb:set package 'test_num' build argument 'cmake_clean_cache' from command line to 'False'
[0.476s] Level 5:colcon.colcon_core.verb:set package 'test_num' build argument 'cmake_clean_first' from command line to 'False'
[0.476s] Level 5:colcon.colcon_core.verb:set package 'test_num' build argument 'cmake_force_configure' from command line to 'False'
[0.476s] Level 5:colcon.colcon_core.verb:set package 'test_num' build argument 'ament_cmake_args' from command line to 'None'
[0.476s] Level 5:colcon.colcon_core.verb:set package 'test_num' build argument 'catkin_cmake_args' from command line to 'None'
[0.476s] Level 5:colcon.colcon_core.verb:set package 'test_num' build argument 'catkin_skip_building_tests' from command line to 'False'
[0.476s] DEBUG:colcon.colcon_core.verb:Building package 'test_num' with the following arguments: {'ament_cmake_args': None, 'build_base': '/home/ubumtu/robot_ws/build/test_num', 'catkin_cmake_args': None, 'catkin_skip_building_tests': False, 'cmake_args': None, 'cmake_clean_cache': False, 'cmake_clean_first': False, 'cmake_force_configure': False, 'cmake_target': None, 'cmake_target_skip_unavailable': False, 'install_base': '/home/ubumtu/robot_ws/install/test_num', 'merge_install': False, 'path': '/home/ubumtu/robot_ws/src/test_num', 'symlink_install': True, 'test_result_base': None}
[0.478s] INFO:colcon.colcon_core.executor:Executing jobs using 'parallel' executor
[0.489s] DEBUG:colcon.colcon_parallel_executor.executor.parallel:run_until_complete
[0.490s] INFO:colcon.colcon_ros.task.ament_python.build:Building ROS package in '/home/ubumtu/robot_ws/src/m_pubsub' with build type 'ament_python'
[0.490s] Level 1:colcon.colcon_core.shell:create_environment_hook('m_pubsub', 'ament_prefix_path')
[0.499s] INFO:colcon.colcon_core.plugin_system:Skipping extension 'colcon_core.shell.bat': Not used on non-Windows systems
[0.499s] INFO:colcon.colcon_core.shell:Creating environment hook '/home/ubumtu/robot_ws/install/m_pubsub/share/m_pubsub/hook/ament_prefix_path.ps1'
[0.500s] INFO:colcon.colcon_core.shell:Creating environment descriptor '/home/ubumtu/robot_ws/install/m_pubsub/share/m_pubsub/hook/ament_prefix_path.dsv'
[0.501s] INFO:colcon.colcon_core.shell:Creating environment hook '/home/ubumtu/robot_ws/install/m_pubsub/share/m_pubsub/hook/ament_prefix_path.sh'
[0.506s] INFO:colcon.colcon_core.shell:Skip shell extension 'powershell' for command environment: Not usable outside of PowerShell
[0.506s] DEBUG:colcon.colcon_core.shell:Skip shell extension 'dsv' for command environment
[0.516s] INFO:colcon.colcon_ros.task.ament_python.build:Building ROS package in '/home/ubumtu/robot_ws/src/move_turtle_pkg' with build type 'ament_python'
[0.517s] Level 1:colcon.colcon_core.shell:create_environment_hook('move_turtle_pkg', 'ament_prefix_path')
[0.521s] INFO:colcon.colcon_core.shell:Creating environment hook '/home/ubumtu/robot_ws/install/move_turtle_pkg/share/move_turtle_pkg/hook/ament_prefix_path.ps1'
[0.523s] INFO:colcon.colcon_core.shell:Creating environment descriptor '/home/ubumtu/robot_ws/install/move_turtle_pkg/share/move_turtle_pkg/hook/ament_prefix_path.dsv'
[0.523s] INFO:colcon.colcon_core.shell:Creating environment hook '/home/ubumtu/robot_ws/install/move_turtle_pkg/share/move_turtle_pkg/hook/ament_prefix_path.sh'
[0.528s] INFO:colcon.colcon_core.shell:Skip shell extension 'powershell' for command environment: Not usable outside of PowerShell
[0.528s] DEBUG:colcon.colcon_core.shell:Skip shell extension 'dsv' for command environment
[0.819s] INFO:colcon.colcon_core.task.python.build:Building Python package in '/home/ubumtu/robot_ws/src/m_pubsub'
[0.823s] INFO:colcon.colcon_core.shell:Skip shell extension 'powershell' for command environment: Not usable outside of PowerShell
[0.823s] DEBUG:colcon.colcon_core.shell:Skip shell extension 'dsv' for command environment
[1.120s] INFO:colcon.colcon_core.task.python.build:Building Python package in '/home/ubumtu/robot_ws/src/move_turtle_pkg'
[1.124s] INFO:colcon.colcon_core.shell:Skip shell extension 'powershell' for command environment: Not usable outside of PowerShell
[1.125s] DEBUG:colcon.colcon_core.shell:Skip shell extension 'dsv' for command environment
[1.652s] DEBUG:colcon.colcon_core.event_handler.log_command:Invoking command in '/home/ubumtu/robot_ws/build/move_turtle_pkg': PYTHONPATH=/home/ubumtu/robot_ws/build/move_turtle_pkg/prefix_override:/home/ubumtu/robot_ws/install/move_turtle_pkg/lib/python3.8/site-packages:${PYTHONPATH} /usr/bin/python3 setup.py develop --editable --build-directory /home/ubumtu/robot_ws/build/move_turtle_pkg/build --no-deps install_data
[1.668s] DEBUG:colcon.colcon_core.event_handler.log_command:Invoking command in '/home/ubumtu/robot_ws/build/m_pubsub': PYTHONPATH=/home/ubumtu/robot_ws/build/m_pubsub/prefix_override:/home/ubumtu/robot_ws/install/m_pubsub/lib/python3.8/site-packages:${PYTHONPATH} /usr/bin/python3 setup.py develop --editable --build-directory /home/ubumtu/robot_ws/build/m_pubsub/build --no-deps install_data
[2.267s] Level 1:colcon.colcon_core.shell:create_environment_hook('m_pubsub', 'pythonpath_develop')
[2.268s] DEBUG:colcon.colcon_core.event_handler.log_command:Invoked command in '/home/ubumtu/robot_ws/build/m_pubsub' returned '0': PYTHONPATH=/home/ubumtu/robot_ws/build/m_pubsub/prefix_override:/home/ubumtu/robot_ws/install/m_pubsub/lib/python3.8/site-packages:${PYTHONPATH} /usr/bin/python3 setup.py develop --editable --build-directory /home/ubumtu/robot_ws/build/m_pubsub/build --no-deps install_data
[2.272s] INFO:colcon.colcon_core.shell:Creating environment hook '/home/ubumtu/robot_ws/build/m_pubsub/share/m_pubsub/hook/pythonpath_develop.ps1'
[2.273s] INFO:colcon.colcon_core.shell:Creating environment descriptor '/home/ubumtu/robot_ws/build/m_pubsub/share/m_pubsub/hook/pythonpath_develop.dsv'
[2.274s] INFO:colcon.colcon_core.shell:Creating environment hook '/home/ubumtu/robot_ws/build/m_pubsub/share/m_pubsub/hook/pythonpath_develop.sh'
[2.285s] Level 1:colcon.colcon_core.environment:checking '/home/ubumtu/robot_ws/install/m_pubsub' for CMake module files
[2.286s] Level 1:colcon.colcon_core.environment:checking '/home/ubumtu/robot_ws/install/m_pubsub' for CMake config files
[2.287s] Level 1:colcon.colcon_core.environment:checking '/home/ubumtu/robot_ws/install/m_pubsub/lib'
[2.287s] Level 1:colcon.colcon_core.environment:checking '/home/ubumtu/robot_ws/install/m_pubsub/bin'
[2.287s] Level 1:colcon.colcon_core.environment:checking '/home/ubumtu/robot_ws/install/m_pubsub/lib/pkgconfig/m_pubsub.pc'
[2.288s] Level 1:colcon.colcon_core.environment:checking '/home/ubumtu/robot_ws/install/m_pubsub/lib/python3.8/site-packages'
[2.288s] Level 1:colcon.colcon_core.shell:create_environment_hook('m_pubsub', 'pythonpath')
[2.291s] INFO:colcon.colcon_core.shell:Creating environment hook '/home/ubumtu/robot_ws/install/m_pubsub/share/m_pubsub/hook/pythonpath.ps1'
[2.292s] INFO:colcon.colcon_core.shell:Creating environment descriptor '/home/ubumtu/robot_ws/install/m_pubsub/share/m_pubsub/hook/pythonpath.dsv'
[2.293s] INFO:colcon.colcon_core.shell:Creating environment hook '/home/ubumtu/robot_ws/install/m_pubsub/share/m_pubsub/hook/pythonpath.sh'
[2.294s] Level 1:colcon.colcon_core.environment:checking '/home/ubumtu/robot_ws/install/m_pubsub/bin'
[2.294s] Level 1:colcon.colcon_core.environment:create_environment_scripts_only(m_pubsub)
[2.297s] INFO:colcon.colcon_core.shell:Creating package script '/home/ubumtu/robot_ws/install/m_pubsub/share/m_pubsub/package.ps1'
[2.299s] INFO:colcon.colcon_core.shell:Creating package descriptor '/home/ubumtu/robot_ws/install/m_pubsub/share/m_pubsub/package.dsv'
[2.300s] INFO:colcon.colcon_core.shell:Creating package script '/home/ubumtu/robot_ws/install/m_pubsub/share/m_pubsub/package.sh'
[2.302s] INFO:colcon.colcon_core.shell:Creating package script '/home/ubumtu/robot_ws/install/m_pubsub/share/m_pubsub/package.bash'
[2.303s] INFO:colcon.colcon_core.shell:Creating package script '/home/ubumtu/robot_ws/install/m_pubsub/share/m_pubsub/package.zsh'
[2.304s] Level 1:colcon.colcon_core.environment:create_file_with_runtime_dependencies(/home/ubumtu/robot_ws/install/m_pubsub/share/colcon-core/packages/m_pubsub)
[2.305s] INFO:colcon.colcon_ros.task.ament_python.build:Building ROS package in '/home/ubumtu/robot_ws/src/mt_pubsub' with build type 'ament_python'
[2.306s] Level 1:colcon.colcon_core.shell:create_environment_hook('mt_pubsub', 'ament_prefix_path')
[2.309s] INFO:colcon.colcon_core.shell:Creating environment hook '/home/ubumtu/robot_ws/install/mt_pubsub/share/mt_pubsub/hook/ament_prefix_path.ps1'
[2.311s] INFO:colcon.colcon_core.shell:Creating environment descriptor '/home/ubumtu/robot_ws/install/mt_pubsub/share/mt_pubsub/hook/ament_prefix_path.dsv'
[2.312s] INFO:colcon.colcon_core.shell:Creating environment hook '/home/ubumtu/robot_ws/install/mt_pubsub/share/mt_pubsub/hook/ament_prefix_path.sh'
[2.316s] INFO:colcon.colcon_core.shell:Skip shell extension 'powershell' for command environment: Not usable outside of PowerShell
[2.316s] DEBUG:colcon.colcon_core.shell:Skip shell extension 'dsv' for command environment
[2.332s] Level 1:colcon.colcon_core.shell:create_environment_hook('move_turtle_pkg', 'pythonpath_develop')
[2.333s] DEBUG:colcon.colcon_core.event_handler.log_command:Invoked command in '/home/ubumtu/robot_ws/build/move_turtle_pkg' returned '0': PYTHONPATH=/home/ubumtu/robot_ws/build/move_turtle_pkg/prefix_override:/home/ubumtu/robot_ws/install/move_turtle_pkg/lib/python3.8/site-packages:${PYTHONPATH} /usr/bin/python3 setup.py develop --editable --build-directory /home/ubumtu/robot_ws/build/move_turtle_pkg/build --no-deps install_data
[2.338s] INFO:colcon.colcon_core.shell:Creating environment hook '/home/ubumtu/robot_ws/build/move_turtle_pkg/share/move_turtle_pkg/hook/pythonpath_develop.ps1'
[2.339s] INFO:colcon.colcon_core.shell:Creating environment descriptor '/home/ubumtu/robot_ws/build/move_turtle_pkg/share/move_turtle_pkg/hook/pythonpath_develop.dsv'
[2.340s] INFO:colcon.colcon_core.shell:Creating environment hook '/home/ubumtu/robot_ws/build/move_turtle_pkg/share/move_turtle_pkg/hook/pythonpath_develop.sh'
[2.346s] Level 1:colcon.colcon_core.environment:checking '/home/ubumtu/robot_ws/install/move_turtle_pkg' for CMake module files
[2.346s] Level 1:colcon.colcon_core.environment:checking '/home/ubumtu/robot_ws/install/move_turtle_pkg' for CMake config files
[2.347s] Level 1:colcon.colcon_core.environment:checking '/home/ubumtu/robot_ws/install/move_turtle_pkg/lib'
[2.347s] Level 1:colcon.colcon_core.environment:checking '/home/ubumtu/robot_ws/install/move_turtle_pkg/bin'
[2.347s] Level 1:colcon.colcon_core.environment:checking '/home/ubumtu/robot_ws/install/move_turtle_pkg/lib/pkgconfig/move_turtle_pkg.pc'
[2.347s] Level 1:colcon.colcon_core.environment:checking '/home/ubumtu/robot_ws/install/move_turtle_pkg/lib/python3.8/site-packages'
[2.348s] Level 1:colcon.colcon_core.shell:create_environment_hook('move_turtle_pkg', 'pythonpath')
[2.351s] INFO:colcon.colcon_core.shell:Creating environment hook '/home/ubumtu/robot_ws/install/move_turtle_pkg/share/move_turtle_pkg/hook/pythonpath.ps1'
[2.352s] INFO:colcon.colcon_core.shell:Creating environment descriptor '/home/ubumtu/robot_ws/install/move_turtle_pkg/share/move_turtle_pkg/hook/pythonpath.dsv'
[2.352s] INFO:colcon.colcon_core.shell:Creating environment hook '/home/ubumtu/robot_ws/install/move_turtle_pkg/share/move_turtle_pkg/hook/pythonpath.sh'
[2.353s] Level 1:colcon.colcon_core.environment:checking '/home/ubumtu/robot_ws/install/move_turtle_pkg/bin'
[2.353s] Level 1:colcon.colcon_core.environment:create_environment_scripts_only(move_turtle_pkg)
[2.357s] INFO:colcon.colcon_core.shell:Creating package script '/home/ubumtu/robot_ws/install/move_turtle_pkg/share/move_turtle_pkg/package.ps1'
[2.358s] INFO:colcon.colcon_core.shell:Creating package descriptor '/home/ubumtu/robot_ws/install/move_turtle_pkg/share/move_turtle_pkg/package.dsv'
[2.359s] INFO:colcon.colcon_core.shell:Creating package script '/home/ubumtu/robot_ws/install/move_turtle_pkg/share/move_turtle_pkg/package.sh'
[2.360s] INFO:colcon.colcon_core.shell:Creating package script '/home/ubumtu/robot_ws/install/move_turtle_pkg/share/move_turtle_pkg/package.bash'
[2.360s] INFO:colcon.colcon_core.shell:Creating package script '/home/ubumtu/robot_ws/install/move_turtle_pkg/share/move_turtle_pkg/package.zsh'
[2.361s] Level 1:colcon.colcon_core.environment:create_file_with_runtime_dependencies(/home/ubumtu/robot_ws/install/move_turtle_pkg/share/colcon-core/packages/move_turtle_pkg)
[2.363s] INFO:colcon.colcon_ros.task.ament_cmake.build:Building ROS package in '/home/ubumtu/robot_ws/src/test_interface' with build type 'ament_cmake'
[2.363s] INFO:colcon.colcon_cmake.task.cmake.build:Building CMake package in '/home/ubumtu/robot_ws/src/test_interface'
[2.367s] INFO:colcon.colcon_core.shell:Skip shell extension 'powershell' for command environment: Not usable outside of PowerShell
[2.367s] DEBUG:colcon.colcon_core.shell:Skip shell extension 'dsv' for command environment
[2.670s] INFO:colcon.colcon_core.task.python.build:Building Python package in '/home/ubumtu/robot_ws/src/mt_pubsub'
[2.674s] INFO:colcon.colcon_core.shell:Skip shell extension 'powershell' for command environment: Not usable outside of PowerShell
[2.674s] DEBUG:colcon.colcon_core.shell:Skip shell extension 'dsv' for command environment
[2.692s] DEBUG:colcon.colcon_core.event_handler.log_command:Invoking command in '/home/ubumtu/robot_ws/build/test_interface': CMAKE_PREFIX_PATH=/home/ubumtu/robot_ws/install/mt_pubsub:/home/ubumtu/robot_ws/install/move_turtle_pkg:/home/ubumtu/robot_ws/install/m_pubsub:/opt/ros/foxy /usr/bin/cmake --build /home/ubumtu/robot_ws/build/test_interface -- -j2 -l2
[3.197s] DEBUG:colcon.colcon_core.event_handler.log_command:Invoked command in '/home/ubumtu/robot_ws/build/test_interface' returned '0': CMAKE_PREFIX_PATH=/home/ubumtu/robot_ws/install/mt_pubsub:/home/ubumtu/robot_ws/install/move_turtle_pkg:/home/ubumtu/robot_ws/install/m_pubsub:/opt/ros/foxy /usr/bin/cmake --build /home/ubumtu/robot_ws/build/test_interface -- -j2 -l2
[3.280s] DEBUG:colcon.colcon_core.event_handler.log_command:Invoking command in '/home/ubumtu/robot_ws/build/mt_pubsub': PYTHONPATH=/home/ubumtu/robot_ws/build/mt_pubsub/prefix_override:/home/ubumtu/robot_ws/install/mt_pubsub/lib/python3.8/site-packages:${PYTHONPATH} /usr/bin/python3 setup.py develop --editable --build-directory /home/ubumtu/robot_ws/build/mt_pubsub/build --no-deps install_data
[3.370s] DEBUG:colcon.colcon_core.event_handler.log_command:Invoking command in '/home/ubumtu/robot_ws/build/test_interface': CMAKE_PREFIX_PATH=/home/ubumtu/robot_ws/install/mt_pubsub:/home/ubumtu/robot_ws/install/move_turtle_pkg:/home/ubumtu/robot_ws/install/m_pubsub:/opt/ros/foxy /usr/bin/cmake --install /home/ubumtu/robot_ws/build/test_interface
[3.516s] Level 1:colcon.colcon_core.environment:create_environment_scripts_only(test_interface)
[3.522s] Level 1:colcon.colcon_core.environment:checking '/home/ubumtu/robot_ws/install/test_interface' for CMake module files
[3.522s] DEBUG:colcon.colcon_core.event_handler.log_command:Invoked command in '/home/ubumtu/robot_ws/build/test_interface' returned '0': CMAKE_PREFIX_PATH=/home/ubumtu/robot_ws/install/mt_pubsub:/home/ubumtu/robot_ws/install/move_turtle_pkg:/home/ubumtu/robot_ws/install/m_pubsub:/opt/ros/foxy /usr/bin/cmake --install /home/ubumtu/robot_ws/build/test_interface
[3.523s] Level 1:colcon.colcon_core.environment:checking '/home/ubumtu/robot_ws/install/test_interface' for CMake config files
[3.524s] Level 1:colcon.colcon_core.shell:create_environment_hook('test_interface', 'cmake_prefix_path')
[3.528s] INFO:colcon.colcon_core.shell:Creating environment hook '/home/ubumtu/robot_ws/install/test_interface/share/test_interface/hook/cmake_prefix_path.ps1'
[3.529s] INFO:colcon.colcon_core.shell:Creating environment descriptor '/home/ubumtu/robot_ws/install/test_interface/share/test_interface/hook/cmake_prefix_path.dsv'
[3.530s] INFO:colcon.colcon_core.shell:Creating environment hook '/home/ubumtu/robot_ws/install/test_interface/share/test_interface/hook/cmake_prefix_path.sh'
[3.531s] Level 1:colcon.colcon_core.environment:checking '/home/ubumtu/robot_ws/install/test_interface/lib'
[3.531s] Level 1:colcon.colcon_core.shell:create_environment_hook('test_interface', 'ld_library_path_lib')
[3.535s] INFO:colcon.colcon_core.shell:Creating environment hook '/home/ubumtu/robot_ws/install/test_interface/share/test_interface/hook/ld_library_path_lib.ps1'
[3.536s] INFO:colcon.colcon_core.shell:Creating environment descriptor '/home/ubumtu/robot_ws/install/test_interface/share/test_interface/hook/ld_library_path_lib.dsv'
[3.536s] INFO:colcon.colcon_core.shell:Creating environment hook '/home/ubumtu/robot_ws/install/test_interface/share/test_interface/hook/ld_library_path_lib.sh'
[3.537s] Level 1:colcon.colcon_core.environment:checking '/home/ubumtu/robot_ws/install/test_interface/bin'
[3.537s] Level 1:colcon.colcon_core.environment:checking '/home/ubumtu/robot_ws/install/test_interface/lib/pkgconfig/test_interface.pc'
[3.537s] Level 1:colcon.colcon_core.environment:checking '/home/ubumtu/robot_ws/install/test_interface/lib/python3.8/site-packages'
[3.537s] Level 1:colcon.colcon_core.shell:create_environment_hook('test_interface', 'pythonpath')
[3.541s] INFO:colcon.colcon_core.shell:Creating environment hook '/home/ubumtu/robot_ws/install/test_interface/share/test_interface/hook/pythonpath.ps1'
[3.542s] INFO:colcon.colcon_core.shell:Creating environment descriptor '/home/ubumtu/robot_ws/install/test_interface/share/test_interface/hook/pythonpath.dsv'
[3.542s] INFO:colcon.colcon_core.shell:Creating environment hook '/home/ubumtu/robot_ws/install/test_interface/share/test_interface/hook/pythonpath.sh'
[3.544s] Level 1:colcon.colcon_core.environment:checking '/home/ubumtu/robot_ws/install/test_interface/bin'
[3.548s] INFO:colcon.colcon_core.shell:Creating package script '/home/ubumtu/robot_ws/install/test_interface/share/test_interface/package.ps1'
[3.549s] INFO:colcon.colcon_core.shell:Creating package descriptor '/home/ubumtu/robot_ws/install/test_interface/share/test_interface/package.dsv'
[3.549s] INFO:colcon.colcon_core.shell:Creating package script '/home/ubumtu/robot_ws/install/test_interface/share/test_interface/package.sh'
[3.550s] INFO:colcon.colcon_core.shell:Creating package script '/home/ubumtu/robot_ws/install/test_interface/share/test_interface/package.bash'
[3.551s] INFO:colcon.colcon_core.shell:Creating package script '/home/ubumtu/robot_ws/install/test_interface/share/test_interface/package.zsh'
[3.551s] Level 1:colcon.colcon_core.environment:create_file_with_runtime_dependencies(/home/ubumtu/robot_ws/install/test_interface/share/colcon-core/packages/test_interface)
[3.674s] Level 1:colcon.colcon_core.environment:create_environment_scripts_only(test_interface)
[3.679s] Level 1:colcon.colcon_core.environment:checking '/home/ubumtu/robot_ws/install/test_interface' for CMake module files
[3.680s] Level 1:colcon.colcon_core.environment:checking '/home/ubumtu/robot_ws/install/test_interface' for CMake config files
[3.681s] Level 1:colcon.colcon_core.shell:create_environment_hook('test_interface', 'cmake_prefix_path')
[3.684s] INFO:colcon.colcon_core.shell:Creating environment hook '/home/ubumtu/robot_ws/install/test_interface/share/test_interface/hook/cmake_prefix_path.ps1'
[3.685s] INFO:colcon.colcon_core.shell:Creating environment descriptor '/home/ubumtu/robot_ws/install/test_interface/share/test_interface/hook/cmake_prefix_path.dsv'
[3.686s] INFO:colcon.colcon_core.shell:Creating environment hook '/home/ubumtu/robot_ws/install/test_interface/share/test_interface/hook/cmake_prefix_path.sh'
[3.687s] Level 1:colcon.colcon_core.environment:checking '/home/ubumtu/robot_ws/install/test_interface/lib'
[3.687s] Level 1:colcon.colcon_core.shell:create_environment_hook('test_interface', 'ld_library_path_lib')
[3.690s] INFO:colcon.colcon_core.shell:Creating environment hook '/home/ubumtu/robot_ws/install/test_interface/share/test_interface/hook/ld_library_path_lib.ps1'
[3.691s] INFO:colcon.colcon_core.shell:Creating environment descriptor '/home/ubumtu/robot_ws/install/test_interface/share/test_interface/hook/ld_library_path_lib.dsv'
[3.691s] INFO:colcon.colcon_core.shell:Creating environment hook '/home/ubumtu/robot_ws/install/test_interface/share/test_interface/hook/ld_library_path_lib.sh'
[3.692s] Level 1:colcon.colcon_core.environment:checking '/home/ubumtu/robot_ws/install/test_interface/bin'
[3.692s] Level 1:colcon.colcon_core.environment:checking '/home/ubumtu/robot_ws/install/test_interface/lib/pkgconfig/test_interface.pc'
[3.693s] Level 1:colcon.colcon_core.environment:checking '/home/ubumtu/robot_ws/install/test_interface/lib/python3.8/site-packages'
[3.693s] Level 1:colcon.colcon_core.shell:create_environment_hook('test_interface', 'pythonpath')
[3.696s] INFO:colcon.colcon_core.shell:Creating environment hook '/home/ubumtu/robot_ws/install/test_interface/share/test_interface/hook/pythonpath.ps1'
[3.697s] INFO:colcon.colcon_core.shell:Creating environment descriptor '/home/ubumtu/robot_ws/install/test_interface/share/test_interface/hook/pythonpath.dsv'
[3.697s] INFO:colcon.colcon_core.shell:Creating environment hook '/home/ubumtu/robot_ws/install/test_interface/share/test_interface/hook/pythonpath.sh'
[3.698s] Level 1:colcon.colcon_core.environment:checking '/home/ubumtu/robot_ws/install/test_interface/bin'
[3.702s] INFO:colcon.colcon_core.shell:Creating package script '/home/ubumtu/robot_ws/install/test_interface/share/test_interface/package.ps1'
[3.703s] INFO:colcon.colcon_core.shell:Creating package descriptor '/home/ubumtu/robot_ws/install/test_interface/share/test_interface/package.dsv'
[3.704s] INFO:colcon.colcon_core.shell:Creating package script '/home/ubumtu/robot_ws/install/test_interface/share/test_interface/package.sh'
[3.705s] INFO:colcon.colcon_core.shell:Creating package script '/home/ubumtu/robot_ws/install/test_interface/share/test_interface/package.bash'
[3.706s] INFO:colcon.colcon_core.shell:Creating package script '/home/ubumtu/robot_ws/install/test_interface/share/test_interface/package.zsh'
[3.706s] Level 1:colcon.colcon_core.environment:create_file_with_runtime_dependencies(/home/ubumtu/robot_ws/install/test_interface/share/colcon-core/packages/test_interface)
[3.708s] INFO:colcon.colcon_ros.task.ament_python.build:Building ROS package in '/home/ubumtu/robot_ws/src/test_num' with build type 'ament_python'
[3.708s] Level 1:colcon.colcon_core.shell:create_environment_hook('test_num', 'ament_prefix_path')
[3.711s] INFO:colcon.colcon_core.shell:Creating environment hook '/home/ubumtu/robot_ws/install/test_num/share/test_num/hook/ament_prefix_path.ps1'
[3.712s] INFO:colcon.colcon_core.shell:Creating environment descriptor '/home/ubumtu/robot_ws/install/test_num/share/test_num/hook/ament_prefix_path.dsv'
[3.713s] INFO:colcon.colcon_core.shell:Creating environment hook '/home/ubumtu/robot_ws/install/test_num/share/test_num/hook/ament_prefix_path.sh'
[3.718s] INFO:colcon.colcon_core.shell:Skip shell extension 'powershell' for command environment: Not usable outside of PowerShell
[3.718s] DEBUG:colcon.colcon_core.shell:Skip shell extension 'dsv' for command environment
[4.034s] INFO:colcon.colcon_core.task.python.build:Building Python package in '/home/ubumtu/robot_ws/src/test_num'
[4.039s] INFO:colcon.colcon_core.shell:Skip shell extension 'powershell' for command environment: Not usable outside of PowerShell
[4.039s] DEBUG:colcon.colcon_core.shell:Skip shell extension 'dsv' for command environment
[4.051s] Level 1:colcon.colcon_core.shell:create_environment_hook('mt_pubsub', 'pythonpath_develop')
[4.055s] INFO:colcon.colcon_core.shell:Creating environment hook '/home/ubumtu/robot_ws/build/mt_pubsub/share/mt_pubsub/hook/pythonpath_develop.ps1'
[4.055s] DEBUG:colcon.colcon_core.event_handler.log_command:Invoked command in '/home/ubumtu/robot_ws/build/mt_pubsub' returned '0': PYTHONPATH=/home/ubumtu/robot_ws/build/mt_pubsub/prefix_override:/home/ubumtu/robot_ws/install/mt_pubsub/lib/python3.8/site-packages:${PYTHONPATH} /usr/bin/python3 setup.py develop --editable --build-directory /home/ubumtu/robot_ws/build/mt_pubsub/build --no-deps install_data
[4.056s] INFO:colcon.colcon_core.shell:Creating environment descriptor '/home/ubumtu/robot_ws/build/mt_pubsub/share/mt_pubsub/hook/pythonpath_develop.dsv'
[4.057s] INFO:colcon.colcon_core.shell:Creating environment hook '/home/ubumtu/robot_ws/build/mt_pubsub/share/mt_pubsub/hook/pythonpath_develop.sh'
[4.063s] Level 1:colcon.colcon_core.environment:checking '/home/ubumtu/robot_ws/install/mt_pubsub' for CMake module files
[4.063s] Level 1:colcon.colcon_core.environment:checking '/home/ubumtu/robot_ws/install/mt_pubsub' for CMake config files
[4.064s] Level 1:colcon.colcon_core.environment:checking '/home/ubumtu/robot_ws/install/mt_pubsub/lib'
[4.064s] Level 1:colcon.colcon_core.environment:checking '/home/ubumtu/robot_ws/install/mt_pubsub/bin'
[4.064s] Level 1:colcon.colcon_core.environment:checking '/home/ubumtu/robot_ws/install/mt_pubsub/lib/pkgconfig/mt_pubsub.pc'
[4.065s] Level 1:colcon.colcon_core.environment:checking '/home/ubumtu/robot_ws/install/mt_pubsub/lib/python3.8/site-packages'
[4.065s] Level 1:colcon.colcon_core.shell:create_environment_hook('mt_pubsub', 'pythonpath')
[4.068s] INFO:colcon.colcon_core.shell:Creating environment hook '/home/ubumtu/robot_ws/install/mt_pubsub/share/mt_pubsub/hook/pythonpath.ps1'
[4.069s] INFO:colcon.colcon_core.shell:Creating environment descriptor '/home/ubumtu/robot_ws/install/mt_pubsub/share/mt_pubsub/hook/pythonpath.dsv'
[4.069s] INFO:colcon.colcon_core.shell:Creating environment hook '/home/ubumtu/robot_ws/install/mt_pubsub/share/mt_pubsub/hook/pythonpath.sh'
[4.070s] Level 1:colcon.colcon_core.environment:checking '/home/ubumtu/robot_ws/install/mt_pubsub/bin'
[4.070s] Level 1:colcon.colcon_core.environment:create_environment_scripts_only(mt_pubsub)
[4.075s] INFO:colcon.colcon_core.shell:Creating package script '/home/ubumtu/robot_ws/install/mt_pubsub/share/mt_pubsub/package.ps1'
[4.077s] INFO:colcon.colcon_core.shell:Creating package descriptor '/home/ubumtu/robot_ws/install/mt_pubsub/share/mt_pubsub/package.dsv'
[4.078s] INFO:colcon.colcon_core.shell:Creating package script '/home/ubumtu/robot_ws/install/mt_pubsub/share/mt_pubsub/package.sh'
[4.079s] INFO:colcon.colcon_core.shell:Creating package script '/home/ubumtu/robot_ws/install/mt_pubsub/share/mt_pubsub/package.bash'
[4.079s] INFO:colcon.colcon_core.shell:Creating package script '/home/ubumtu/robot_ws/install/mt_pubsub/share/mt_pubsub/package.zsh'
[4.080s] Level 1:colcon.colcon_core.environment:create_file_with_runtime_dependencies(/home/ubumtu/robot_ws/install/mt_pubsub/share/colcon-core/packages/mt_pubsub)
[4.557s] DEBUG:colcon.colcon_core.event_handler.log_command:Invoking command in '/home/ubumtu/robot_ws/build/test_num': PYTHONPATH=/home/ubumtu/robot_ws/build/test_num/prefix_override:/home/ubumtu/robot_ws/install/test_num/lib/python3.8/site-packages:${PYTHONPATH} /usr/bin/python3 setup.py develop --editable --build-directory /home/ubumtu/robot_ws/build/test_num/build --no-deps install_data
[5.125s] Level 1:colcon.colcon_core.shell:create_environment_hook('test_num', 'pythonpath_develop')
[5.129s] INFO:colcon.colcon_core.shell:Creating environment hook '/home/ubumtu/robot_ws/build/test_num/share/test_num/hook/pythonpath_develop.ps1'
[5.130s] DEBUG:colcon.colcon_core.event_handler.log_command:Invoked command in '/home/ubumtu/robot_ws/build/test_num' returned '0': PYTHONPATH=/home/ubumtu/robot_ws/build/test_num/prefix_override:/home/ubumtu/robot_ws/install/test_num/lib/python3.8/site-packages:${PYTHONPATH} /usr/bin/python3 setup.py develop --editable --build-directory /home/ubumtu/robot_ws/build/test_num/build --no-deps install_data
[5.131s] INFO:colcon.colcon_core.shell:Creating environment descriptor '/home/ubumtu/robot_ws/build/test_num/share/test_num/hook/pythonpath_develop.dsv'
[5.132s] INFO:colcon.colcon_core.shell:Creating environment hook '/home/ubumtu/robot_ws/build/test_num/share/test_num/hook/pythonpath_develop.sh'
[5.138s] Level 1:colcon.colcon_core.environment:checking '/home/ubumtu/robot_ws/install/test_num' for CMake module files
[5.139s] Level 1:colcon.colcon_core.environment:checking '/home/ubumtu/robot_ws/install/test_num' for CMake config files
[5.139s] Level 1:colcon.colcon_core.environment:checking '/home/ubumtu/robot_ws/install/test_num/lib'
[5.140s] Level 1:colcon.colcon_core.environment:checking '/home/ubumtu/robot_ws/install/test_num/bin'
[5.140s] Level 1:colcon.colcon_core.environment:checking '/home/ubumtu/robot_ws/install/test_num/lib/pkgconfig/test_num.pc'
[5.140s] Level 1:colcon.colcon_core.environment:checking '/home/ubumtu/robot_ws/install/test_num/lib/python3.8/site-packages'
[5.140s] Level 1:colcon.colcon_core.shell:create_environment_hook('test_num', 'pythonpath')
[5.144s] INFO:colcon.colcon_core.shell:Creating environment hook '/home/ubumtu/robot_ws/install/test_num/share/test_num/hook/pythonpath.ps1'
[5.145s] INFO:colcon.colcon_core.shell:Creating environment descriptor '/home/ubumtu/robot_ws/install/test_num/share/test_num/hook/pythonpath.dsv'
[5.145s] INFO:colcon.colcon_core.shell:Creating environment hook '/home/ubumtu/robot_ws/install/test_num/share/test_num/hook/pythonpath.sh'
[5.146s] Level 1:colcon.colcon_core.environment:checking '/home/ubumtu/robot_ws/install/test_num/bin'
[5.146s] Level 1:colcon.colcon_core.environment:create_environment_scripts_only(test_num)
[5.150s] INFO:colcon.colcon_core.shell:Creating package script '/home/ubumtu/robot_ws/install/test_num/share/test_num/package.ps1'
[5.151s] INFO:colcon.colcon_core.shell:Creating package descriptor '/home/ubumtu/robot_ws/install/test_num/share/test_num/package.dsv'
[5.152s] INFO:colcon.colcon_core.shell:Creating package script '/home/ubumtu/robot_ws/install/test_num/share/test_num/package.sh'
[5.153s] INFO:colcon.colcon_core.shell:Creating package script '/home/ubumtu/robot_ws/install/test_num/share/test_num/package.bash'
[5.153s] INFO:colcon.colcon_core.shell:Creating package script '/home/ubumtu/robot_ws/install/test_num/share/test_num/package.zsh'
[5.154s] Level 1:colcon.colcon_core.environment:create_file_with_runtime_dependencies(/home/ubumtu/robot_ws/install/test_num/share/colcon-core/packages/test_num)
[5.155s] DEBUG:colcon.colcon_parallel_executor.executor.parallel:closing loop
[5.155s] DEBUG:colcon.colcon_parallel_executor.executor.parallel:loop closed
[5.156s] DEBUG:colcon.colcon_parallel_executor.executor.parallel:run_until_complete finished with '0'
[5.156s] DEBUG:colcon.colcon_core.event_reactor:joining thread
[5.166s] INFO:colcon.colcon_core.plugin_system:Skipping extension 'colcon_notification.desktop_notification.terminal_notifier': Not used on non-Darwin systems
[5.167s] INFO:colcon.colcon_core.plugin_system:Skipping extension 'colcon_notification.desktop_notification.win32': Not used on non-Windows systems
[5.167s] INFO:colcon.colcon_notification.desktop_notification:Sending desktop notification using 'notify2'
[5.188s] DEBUG:colcon.colcon_core.event_reactor:joined thread
[5.192s] INFO:colcon.colcon_core.shell:Creating prefix script '/home/ubumtu/robot_ws/install/local_setup.ps1'
[5.193s] INFO:colcon.colcon_core.shell:Creating prefix util module '/home/ubumtu/robot_ws/install/_local_setup_util_ps1.py'
[5.195s] INFO:colcon.colcon_core.shell:Creating prefix chain script '/home/ubumtu/robot_ws/install/setup.ps1'
[5.198s] INFO:colcon.colcon_core.shell:Creating prefix script '/home/ubumtu/robot_ws/install/local_setup.sh'
[5.198s] INFO:colcon.colcon_core.shell:Creating prefix util module '/home/ubumtu/robot_ws/install/_local_setup_util_sh.py'
[5.199s] INFO:colcon.colcon_core.shell:Creating prefix chain script '/home/ubumtu/robot_ws/install/setup.sh'
[5.202s] INFO:colcon.colcon_core.shell:Creating prefix script '/home/ubumtu/robot_ws/install/local_setup.bash'
[5.203s] INFO:colcon.colcon_core.shell:Creating prefix chain script '/home/ubumtu/robot_ws/install/setup.bash'
[5.205s] INFO:colcon.colcon_core.shell:Creating prefix script '/home/ubumtu/robot_ws/install/local_setup.zsh'
[5.206s] INFO:colcon.colcon_core.shell:Creating prefix chain script '/home/ubumtu/robot_ws/install/setup.zsh'
