[1.158s] Invoking command in '/home/ubumtu/robot_ws/build/m_pubsub': PYTHONPATH=/home/ubumtu/robot_ws/build/m_pubsub/prefix_override:/home/ubumtu/robot_ws/install/m_pubsub/lib/python3.8/site-packages:${PYTHONPATH} /usr/bin/python3 setup.py develop --editable --build-directory /home/ubumtu/robot_ws/build/m_pubsub/build --no-deps install_data
[1.495s] running develop
[1.689s] running egg_info
[1.690s] writing m_pubsub.egg-info/PKG-INFO
[1.691s] writing dependency_links to m_pubsub.egg-info/dependency_links.txt
[1.691s] writing entry points to m_pubsub.egg-info/entry_points.txt
[1.692s] writing requirements to m_pubsub.egg-info/requires.txt
[1.693s] writing top-level names to m_pubsub.egg-info/top_level.txt
[1.735s] reading manifest file 'm_pubsub.egg-info/SOURCES.txt'
[1.737s] writing manifest file 'm_pubsub.egg-info/SOURCES.txt'
[1.790s] running build_ext
[1.791s] Creating /home/ubumtu/robot_ws/install/m_pubsub/lib/python3.8/site-packages/m-pubsub.egg-link (link to .)
[1.792s] Installing mp script to /home/ubumtu/robot_ws/install/m_pubsub/lib/m_pubsub
[1.793s] Installing ms script to /home/ubumtu/robot_ws/install/m_pubsub/lib/m_pubsub
[1.794s] Installing mst script to /home/ubumtu/robot_ws/install/m_pubsub/lib/m_pubsub
[1.794s] Installing mts script to /home/ubumtu/robot_ws/install/m_pubsub/lib/m_pubsub
[1.795s] 
[1.795s] Installed /home/ubumtu/robot_ws/build/m_pubsub
[1.796s] running install_data
[1.832s] Invoked command in '/home/ubumtu/robot_ws/build/m_pubsub' returned '0': PYTHONPATH=/home/ubumtu/robot_ws/build/m_pubsub/prefix_override:/home/ubumtu/robot_ws/install/m_pubsub/lib/python3.8/site-packages:${PYTHONPATH} /usr/bin/python3 setup.py develop --editable --build-directory /home/ubumtu/robot_ws/build/m_pubsub/build --no-deps install_data
