[1.158s] Invoking command in '/home/ubumtu/robot_ws/build/m_pubsub': PYTHONPATH=/home/ubumtu/robot_ws/build/m_pubsub/prefix_override:/home/ubumtu/robot_ws/install/m_pubsub/lib/python3.8/site-packages:${PYTHONPATH} /usr/bin/python3 setup.py develop --editable --build-directory /home/ubumtu/robot_ws/build/m_pubsub/build --no-deps install_data
[1.450s] running develop
[1.621s] running egg_info
[1.622s] writing m_pubsub.egg-info/PKG-INFO
[1.622s] writing dependency_links to m_pubsub.egg-info/dependency_links.txt
[1.623s] writing entry points to m_pubsub.egg-info/entry_points.txt
[1.623s] writing requirements to m_pubsub.egg-info/requires.txt
[1.623s] writing top-level names to m_pubsub.egg-info/top_level.txt
[1.664s] reading manifest file 'm_pubsub.egg-info/SOURCES.txt'
[1.665s] writing manifest file 'm_pubsub.egg-info/SOURCES.txt'
[1.709s] running build_ext
[1.711s] Creating /home/ubumtu/robot_ws/install/m_pubsub/lib/python3.8/site-packages/m-pubsub.egg-link (link to .)
[1.712s] Installing mp script to /home/ubumtu/robot_ws/install/m_pubsub/lib/m_pubsub
[1.712s] Installing ms script to /home/ubumtu/robot_ws/install/m_pubsub/lib/m_pubsub
[1.713s] Installing mst script to /home/ubumtu/robot_ws/install/m_pubsub/lib/m_pubsub
[1.713s] Installing mts script to /home/ubumtu/robot_ws/install/m_pubsub/lib/m_pubsub
[1.714s] 
[1.714s] Installed /home/ubumtu/robot_ws/build/m_pubsub
[1.714s] running install_data
[1.754s] Invoked command in '/home/ubumtu/robot_ws/build/m_pubsub' returned '0': PYTHONPATH=/home/ubumtu/robot_ws/build/m_pubsub/prefix_override:/home/ubumtu/robot_ws/install/m_pubsub/lib/python3.8/site-packages:${PYTHONPATH} /usr/bin/python3 setup.py develop --editable --build-directory /home/ubumtu/robot_ws/build/m_pubsub/build --no-deps install_data
