[0.238s] DEBUG:colcon:Command line arguments: ['/usr/bin/colcon', 'build', '--symlink-install']
[0.239s] DEBUG:colcon:Parsed command line arguments: Namespace(allow_overriding=[], ament_cmake_args=None, base_paths=['.'], build_base='build', catkin_cmake_args=None, catkin_skip_building_tests=False, cmake_args=None, cmake_clean_cache=False, cmake_clean_first=False, cmake_force_configure=False, cmake_target=None, cmake_target_skip_unavailable=False, continue_on_error=False, event_handlers=None, executor='parallel', ignore_user_meta=False, install_base='install', log_base=None, log_level=None, main=<bound method BuildVerb.main of <colcon_core.verb.build.BuildVerb object at 0x7f8b1af26cd0>>, merge_install=False, metas=['./colcon.meta'], packages_above=None, packages_above_and_dependencies=None, packages_above_depth=None, packages_end=None, packages_ignore=None, packages_ignore_regex=None, packages_select=None, packages_select_build_failed=False, packages_select_by_dep=None, packages_select_regex=None, packages_select_test_failures=False, packages_skip=None, packages_skip_build_finished=False, packages_skip_by_dep=None, packages_skip_regex=None, packages_skip_test_passed=False, packages_skip_up_to=None, packages_start=None, packages_up_to=None, packages_up_to_regex=None, parallel_workers=2, paths=None, symlink_install=True, test_result_base=None, verb_extension=<colcon_core.verb.build.BuildVerb object at 0x7f8b1af26cd0>, verb_name='build', verb_parser=<colcon_defaults.argument_parser.defaults.DefaultArgumentsDecorator object at 0x7f8b1af2f280>)
[0.273s] Level 1:colcon.colcon_core.package_discovery:discover_packages(colcon_meta) check parameters
[0.274s] Level 1:colcon.colcon_core.package_discovery:discover_packages(recursive) check parameters
[0.274s] Level 1:colcon.colcon_core.package_discovery:discover_packages(ignore) check parameters
[0.274s] Level 1:colcon.colcon_core.package_discovery:discover_packages(path) check parameters
[0.274s] Level 1:colcon.colcon_core.package_discovery:discover_packages(colcon_meta) discover
[0.274s] Level 1:colcon.colcon_core.package_discovery:discover_packages(recursive) discover
[0.274s] INFO:colcon.colcon_core.package_discovery:Crawling recursively for packages in '/home/ubumtu/robot_ws'
[0.274s] Level 1:colcon.colcon_core.package_identification:_identify(.) by extensions ['ignore', 'ignore_ament_install']
[0.275s] Level 1:colcon.colcon_core.package_identification:_identify(.) by extension 'ignore'
[0.275s] Level 1:colcon.colcon_core.package_identification:_identify(.) by extension 'ignore_ament_install'
[0.275s] Level 1:colcon.colcon_core.package_identification:_identify(.) by extensions ['colcon_pkg']
[0.275s] Level 1:colcon.colcon_core.package_identification:_identify(.) by extension 'colcon_pkg'
[0.275s] Level 1:colcon.colcon_core.package_identification:_identify(.) by extensions ['colcon_meta']
[0.275s] Level 1:colcon.colcon_core.package_identification:_identify(.) by extension 'colcon_meta'
[0.276s] Level 1:colcon.colcon_core.package_identification:_identify(.) by extensions ['ros']
[0.276s] Level 1:colcon.colcon_core.package_identification:_identify(.) by extension 'ros'
[0.298s] Level 1:colcon.colcon_core.package_identification:_identify(.) by extensions ['cmake', 'python']
[0.299s] Level 1:colcon.colcon_core.package_identification:_identify(.) by extension 'cmake'
[0.299s] Level 1:colcon.colcon_core.package_identification:_identify(.) by extension 'python'
[0.299s] Level 1:colcon.colcon_core.package_identification:_identify(.) by extensions ['python_setup_py']
[0.299s] Level 1:colcon.colcon_core.package_identification:_identify(.) by extension 'python_setup_py'
[0.299s] Level 1:colcon.colcon_core.package_identification:_identify(build) by extensions ['ignore', 'ignore_ament_install']
[0.300s] Level 1:colcon.colcon_core.package_identification:_identify(build) by extension 'ignore'
[0.300s] Level 1:colcon.colcon_core.package_identification:_identify(build) ignored
[0.300s] Level 1:colcon.colcon_core.package_identification:_identify(install) by extensions ['ignore', 'ignore_ament_install']
[0.300s] Level 1:colcon.colcon_core.package_identification:_identify(install) by extension 'ignore'
[0.300s] Level 1:colcon.colcon_core.package_identification:_identify(install) ignored
[0.301s] Level 1:colcon.colcon_core.package_identification:_identify(log) by extensions ['ignore', 'ignore_ament_install']
[0.301s] Level 1:colcon.colcon_core.package_identification:_identify(log) by extension 'ignore'
[0.301s] Level 1:colcon.colcon_core.package_identification:_identify(log) ignored
[0.302s] Level 1:colcon.colcon_core.package_identification:_identify(opencv_test) by extensions ['ignore', 'ignore_ament_install']
[0.302s] Level 1:colcon.colcon_core.package_identification:_identify(opencv_test) by extension 'ignore'
[0.302s] Level 1:colcon.colcon_core.package_identification:_identify(opencv_test) by extension 'ignore_ament_install'
[0.302s] Level 1:colcon.colcon_core.package_identification:_identify(opencv_test) by extensions ['colcon_pkg']
[0.302s] Level 1:colcon.colcon_core.package_identification:_identify(opencv_test) by extension 'colcon_pkg'
[0.302s] Level 1:colcon.colcon_core.package_identification:_identify(opencv_test) by extensions ['colcon_meta']
[0.302s] Level 1:colcon.colcon_core.package_identification:_identify(opencv_test) by extension 'colcon_meta'
[0.302s] Level 1:colcon.colcon_core.package_identification:_identify(opencv_test) by extensions ['ros']
[0.303s] Level 1:colcon.colcon_core.package_identification:_identify(opencv_test) by extension 'ros'
[0.303s] Level 1:colcon.colcon_core.package_identification:_identify(opencv_test) by extensions ['cmake', 'python']
[0.303s] Level 1:colcon.colcon_core.package_identification:_identify(opencv_test) by extension 'cmake'
[0.303s] Level 1:colcon.colcon_core.package_identification:_identify(opencv_test) by extension 'python'
[0.303s] Level 1:colcon.colcon_core.package_identification:_identify(opencv_test) by extensions ['python_setup_py']
[0.303s] Level 1:colcon.colcon_core.package_identification:_identify(opencv_test) by extension 'python_setup_py'
[0.303s] Level 1:colcon.colcon_core.package_identification:_identify(src) by extensions ['ignore', 'ignore_ament_install']
[0.304s] Level 1:colcon.colcon_core.package_identification:_identify(src) by extension 'ignore'
[0.304s] Level 1:colcon.colcon_core.package_identification:_identify(src) by extension 'ignore_ament_install'
[0.304s] Level 1:colcon.colcon_core.package_identification:_identify(src) by extensions ['colcon_pkg']
[0.304s] Level 1:colcon.colcon_core.package_identification:_identify(src) by extension 'colcon_pkg'
[0.304s] Level 1:colcon.colcon_core.package_identification:_identify(src) by extensions ['colcon_meta']
[0.304s] Level 1:colcon.colcon_core.package_identification:_identify(src) by extension 'colcon_meta'
[0.304s] Level 1:colcon.colcon_core.package_identification:_identify(src) by extensions ['ros']
[0.305s] Level 1:colcon.colcon_core.package_identification:_identify(src) by extension 'ros'
[0.305s] Level 1:colcon.colcon_core.package_identification:_identify(src) by extensions ['cmake', 'python']
[0.305s] Level 1:colcon.colcon_core.package_identification:_identify(src) by extension 'cmake'
[0.305s] Level 1:colcon.colcon_core.package_identification:_identify(src) by extension 'python'
[0.305s] Level 1:colcon.colcon_core.package_identification:_identify(src) by extensions ['python_setup_py']
[0.305s] Level 1:colcon.colcon_core.package_identification:_identify(src) by extension 'python_setup_py'
[0.305s] Level 1:colcon.colcon_core.package_identification:_identify(src/m_pubsub) by extensions ['ignore', 'ignore_ament_install']
[0.306s] Level 1:colcon.colcon_core.package_identification:_identify(src/m_pubsub) by extension 'ignore'
[0.306s] Level 1:colcon.colcon_core.package_identification:_identify(src/m_pubsub) by extension 'ignore_ament_install'
[0.306s] Level 1:colcon.colcon_core.package_identification:_identify(src/m_pubsub) by extensions ['colcon_pkg']
[0.306s] Level 1:colcon.colcon_core.package_identification:_identify(src/m_pubsub) by extension 'colcon_pkg'
[0.306s] Level 1:colcon.colcon_core.package_identification:_identify(src/m_pubsub) by extensions ['colcon_meta']
[0.306s] Level 1:colcon.colcon_core.package_identification:_identify(src/m_pubsub) by extension 'colcon_meta'
[0.306s] Level 1:colcon.colcon_core.package_identification:_identify(src/m_pubsub) by extensions ['ros']
[0.306s] Level 1:colcon.colcon_core.package_identification:_identify(src/m_pubsub) by extension 'ros'
[0.310s] DEBUG:colcon.colcon_core.package_identification:Package 'src/m_pubsub' with type 'ros.ament_python' and name 'm_pubsub'
[0.310s] Level 1:colcon.colcon_core.package_identification:_identify(src/move_turtle_pkg) by extensions ['ignore', 'ignore_ament_install']
[0.310s] Level 1:colcon.colcon_core.package_identification:_identify(src/move_turtle_pkg) by extension 'ignore'
[0.310s] Level 1:colcon.colcon_core.package_identification:_identify(src/move_turtle_pkg) by extension 'ignore_ament_install'
[0.310s] Level 1:colcon.colcon_core.package_identification:_identify(src/move_turtle_pkg) by extensions ['colcon_pkg']
[0.311s] Level 1:colcon.colcon_core.package_identification:_identify(src/move_turtle_pkg) by extension 'colcon_pkg'
[0.311s] Level 1:colcon.colcon_core.package_identification:_identify(src/move_turtle_pkg) by extensions ['colcon_meta']
[0.311s] Level 1:colcon.colcon_core.package_identification:_identify(src/move_turtle_pkg) by extension 'colcon_meta'
[0.311s] Level 1:colcon.colcon_core.package_identification:_identify(src/move_turtle_pkg) by extensions ['ros']
[0.311s] Level 1:colcon.colcon_core.package_identification:_identify(src/move_turtle_pkg) by extension 'ros'
[0.312s] DEBUG:colcon.colcon_core.package_identification:Package 'src/move_turtle_pkg' with type 'ros.ament_python' and name 'move_turtle_pkg'
[0.312s] Level 1:colcon.colcon_core.package_identification:_identify(src/mt_pubsub) by extensions ['ignore', 'ignore_ament_install']
[0.312s] Level 1:colcon.colcon_core.package_identification:_identify(src/mt_pubsub) by extension 'ignore'
[0.312s] Level 1:colcon.colcon_core.package_identification:_identify(src/mt_pubsub) by extension 'ignore_ament_install'
[0.312s] Level 1:colcon.colcon_core.package_identification:_identify(src/mt_pubsub) by extensions ['colcon_pkg']
[0.312s] Level 1:colcon.colcon_core.package_identification:_identify(src/mt_pubsub) by extension 'colcon_pkg'
[0.313s] Level 1:colcon.colcon_core.package_identification:_identify(src/mt_pubsub) by extensions ['colcon_meta']
[0.313s] Level 1:colcon.colcon_core.package_identification:_identify(src/mt_pubsub) by extension 'colcon_meta'
[0.313s] Level 1:colcon.colcon_core.package_identification:_identify(src/mt_pubsub) by extensions ['ros']
[0.313s] Level 1:colcon.colcon_core.package_identification:_identify(src/mt_pubsub) by extension 'ros'
[0.314s] DEBUG:colcon.colcon_core.package_identification:Package 'src/mt_pubsub' with type 'ros.ament_python' and name 'mt_pubsub'
[0.314s] Level 1:colcon.colcon_core.package_identification:_identify(src/tb3_move) by extensions ['ignore', 'ignore_ament_install']
[0.314s] Level 1:colcon.colcon_core.package_identification:_identify(src/tb3_move) by extension 'ignore'
[0.314s] Level 1:colcon.colcon_core.package_identification:_identify(src/tb3_move) by extension 'ignore_ament_install'
[0.314s] Level 1:colcon.colcon_core.package_identification:_identify(src/tb3_move) by extensions ['colcon_pkg']
[0.314s] Level 1:colcon.colcon_core.package_identification:_identify(src/tb3_move) by extension 'colcon_pkg'
[0.315s] Level 1:colcon.colcon_core.package_identification:_identify(src/tb3_move) by extensions ['colcon_meta']
[0.315s] Level 1:colcon.colcon_core.package_identification:_identify(src/tb3_move) by extension 'colcon_meta'
[0.315s] Level 1:colcon.colcon_core.package_identification:_identify(src/tb3_move) by extensions ['ros']
[0.315s] Level 1:colcon.colcon_core.package_identification:_identify(src/tb3_move) by extension 'ros'
[0.315s] DEBUG:colcon.colcon_core.package_identification:Package 'src/tb3_move' with type 'ros.ament_python' and name 'tb3_move'
[0.316s] Level 1:colcon.colcon_core.package_identification:_identify(src/test_interface) by extensions ['ignore', 'ignore_ament_install']
[0.316s] Level 1:colcon.colcon_core.package_identification:_identify(src/test_interface) by extension 'ignore'
[0.316s] Level 1:colcon.colcon_core.package_identification:_identify(src/test_interface) by extension 'ignore_ament_install'
[0.316s] Level 1:colcon.colcon_core.package_identification:_identify(src/test_interface) by extensions ['colcon_pkg']
[0.316s] Level 1:colcon.colcon_core.package_identification:_identify(src/test_interface) by extension 'colcon_pkg'
[0.317s] Level 1:colcon.colcon_core.package_identification:_identify(src/test_interface) by extensions ['colcon_meta']
[0.317s] Level 1:colcon.colcon_core.package_identification:_identify(src/test_interface) by extension 'colcon_meta'
[0.317s] Level 1:colcon.colcon_core.package_identification:_identify(src/test_interface) by extensions ['ros']
[0.317s] Level 1:colcon.colcon_core.package_identification:_identify(src/test_interface) by extension 'ros'
[0.318s] DEBUG:colcon.colcon_core.package_identification:Package 'src/test_interface' with type 'ros.ament_cmake' and name 'test_interface'
[0.318s] Level 1:colcon.colcon_core.package_identification:_identify(src/test_num) by extensions ['ignore', 'ignore_ament_install']
[0.318s] Level 1:colcon.colcon_core.package_identification:_identify(src/test_num) by extension 'ignore'
[0.318s] Level 1:colcon.colcon_core.package_identification:_identify(src/test_num) by extension 'ignore_ament_install'
[0.318s] Level 1:colcon.colcon_core.package_identification:_identify(src/test_num) by extensions ['colcon_pkg']
[0.318s] Level 1:colcon.colcon_core.package_identification:_identify(src/test_num) by extension 'colcon_pkg'
[0.318s] Level 1:colcon.colcon_core.package_identification:_identify(src/test_num) by extensions ['colcon_meta']
[0.319s] Level 1:colcon.colcon_core.package_identification:_identify(src/test_num) by extension 'colcon_meta'
[0.319s] Level 1:colcon.colcon_core.package_identification:_identify(src/test_num) by extensions ['ros']
[0.319s] Level 1:colcon.colcon_core.package_identification:_identify(src/test_num) by extension 'ros'
[0.320s] DEBUG:colcon.colcon_core.package_identification:Package 'src/test_num' with type 'ros.ament_python' and name 'test_num'
[0.320s] Level 1:colcon.colcon_core.package_identification:_identify(src/test_para) by extensions ['ignore', 'ignore_ament_install']
[0.320s] Level 1:colcon.colcon_core.package_identification:_identify(src/test_para) by extension 'ignore'
[0.320s] Level 1:colcon.colcon_core.package_identification:_identify(src/test_para) by extension 'ignore_ament_install'
[0.320s] Level 1:colcon.colcon_core.package_identification:_identify(src/test_para) by extensions ['colcon_pkg']
[0.320s] Level 1:colcon.colcon_core.package_identification:_identify(src/test_para) by extension 'colcon_pkg'
[0.321s] Level 1:colcon.colcon_core.package_identification:_identify(src/test_para) by extensions ['colcon_meta']
[0.321s] Level 1:colcon.colcon_core.package_identification:_identify(src/test_para) by extension 'colcon_meta'
[0.321s] Level 1:colcon.colcon_core.package_identification:_identify(src/test_para) by extensions ['ros']
[0.321s] Level 1:colcon.colcon_core.package_identification:_identify(src/test_para) by extension 'ros'
[0.321s] DEBUG:colcon.colcon_core.package_identification:Package 'src/test_para' with type 'ros.ament_python' and name 'test_para'
[0.322s] Level 1:colcon.colcon_core.package_discovery:discover_packages(recursive) using defaults
[0.322s] Level 1:colcon.colcon_core.package_discovery:discover_packages(ignore) discover
[0.322s] Level 1:colcon.colcon_core.package_discovery:discover_packages(ignore) using defaults
[0.322s] Level 1:colcon.colcon_core.package_discovery:discover_packages(path) discover
[0.322s] Level 1:colcon.colcon_core.package_discovery:discover_packages(path) using defaults
[0.356s] Level 1:colcon.colcon_core.package_discovery:discover_packages(prefix_path) check parameters
[0.356s] Level 1:colcon.colcon_core.package_discovery:discover_packages(prefix_path) discover
[0.361s] DEBUG:colcon.colcon_installed_package_information.package_discovery:Found 7 installed packages in /home/ubumtu/robot_ws/install
[0.365s] DEBUG:colcon.colcon_installed_package_information.package_discovery:Found 334 installed packages in /opt/ros/foxy
[0.367s] Level 1:colcon.colcon_core.package_discovery:discover_packages(prefix_path) using defaults
[0.469s] Level 5:colcon.colcon_core.verb:set package 'm_pubsub' build argument 'cmake_args' from command line to 'None'
[0.470s] Level 5:colcon.colcon_core.verb:set package 'm_pubsub' build argument 'cmake_target' from command line to 'None'
[0.470s] Level 5:colcon.colcon_core.verb:set package 'm_pubsub' build argument 'cmake_target_skip_unavailable' from command line to 'False'
[0.470s] Level 5:colcon.colcon_core.verb:set package 'm_pubsub' build argument 'cmake_clean_cache' from command line to 'False'
[0.470s] Level 5:colcon.colcon_core.verb:set package 'm_pubsub' build argument 'cmake_clean_first' from command line to 'False'
[0.470s] Level 5:colcon.colcon_core.verb:set package 'm_pubsub' build argument 'cmake_force_configure' from command line to 'False'
[0.470s] Level 5:colcon.colcon_core.verb:set package 'm_pubsub' build argument 'ament_cmake_args' from command line to 'None'
[0.470s] Level 5:colcon.colcon_core.verb:set package 'm_pubsub' build argument 'catkin_cmake_args' from command line to 'None'
[0.470s] Level 5:colcon.colcon_core.verb:set package 'm_pubsub' build argument 'catkin_skip_building_tests' from command line to 'False'
[0.471s] DEBUG:colcon.colcon_core.verb:Building package 'm_pubsub' with the following arguments: {'ament_cmake_args': None, 'build_base': '/home/ubumtu/robot_ws/build/m_pubsub', 'catkin_cmake_args': None, 'catkin_skip_building_tests': False, 'cmake_args': None, 'cmake_clean_cache': False, 'cmake_clean_first': False, 'cmake_force_configure': False, 'cmake_target': None, 'cmake_target_skip_unavailable': False, 'install_base': '/home/ubumtu/robot_ws/install/m_pubsub', 'merge_install': False, 'path': '/home/ubumtu/robot_ws/src/m_pubsub', 'symlink_install': True, 'test_result_base': None}
[0.473s] Level 5:colcon.colcon_core.verb:set package 'move_turtle_pkg' build argument 'cmake_args' from command line to 'None'
[0.473s] Level 5:colcon.colcon_core.verb:set package 'move_turtle_pkg' build argument 'cmake_target' from command line to 'None'
[0.473s] Level 5:colcon.colcon_core.verb:set package 'move_turtle_pkg' build argument 'cmake_target_skip_unavailable' from command line to 'False'
[0.473s] Level 5:colcon.colcon_core.verb:set package 'move_turtle_pkg' build argument 'cmake_clean_cache' from command line to 'False'
[0.473s] Level 5:colcon.colcon_core.verb:set package 'move_turtle_pkg' build argument 'cmake_clean_first' from command line to 'False'
[0.473s] Level 5:colcon.colcon_core.verb:set package 'move_turtle_pkg' build argument 'cmake_force_configure' from command line to 'False'
[0.473s] Level 5:colcon.colcon_core.verb:set package 'move_turtle_pkg' build argument 'ament_cmake_args' from command line to 'None'
[0.473s] Level 5:colcon.colcon_core.verb:set package 'move_turtle_pkg' build argument 'catkin_cmake_args' from command line to 'None'
[0.473s] Level 5:colcon.colcon_core.verb:set package 'move_turtle_pkg' build argument 'catkin_skip_building_tests' from command line to 'False'
[0.474s] DEBUG:colcon.colcon_core.verb:Building package 'move_turtle_pkg' with the following arguments: {'ament_cmake_args': None, 'build_base': '/home/ubumtu/robot_ws/build/move_turtle_pkg', 'catkin_cmake_args': None, 'catkin_skip_building_tests': False, 'cmake_args': None, 'cmake_clean_cache': False, 'cmake_clean_first': False, 'cmake_force_configure': False, 'cmake_target': None, 'cmake_target_skip_unavailable': False, 'install_base': '/home/ubumtu/robot_ws/install/move_turtle_pkg', 'merge_install': False, 'path': '/home/ubumtu/robot_ws/src/move_turtle_pkg', 'symlink_install': True, 'test_result_base': None}
[0.476s] Level 5:colcon.colcon_core.verb:set package 'mt_pubsub' build argument 'cmake_args' from command line to 'None'
[0.476s] Level 5:colcon.colcon_core.verb:set package 'mt_pubsub' build argument 'cmake_target' from command line to 'None'
[0.476s] Level 5:colcon.colcon_core.verb:set package 'mt_pubsub' build argument 'cmake_target_skip_unavailable' from command line to 'False'
[0.476s] Level 5:colcon.colcon_core.verb:set package 'mt_pubsub' build argument 'cmake_clean_cache' from command line to 'False'
[0.476s] Level 5:colcon.colcon_core.verb:set package 'mt_pubsub' build argument 'cmake_clean_first' from command line to 'False'
[0.476s] Level 5:colcon.colcon_core.verb:set package 'mt_pubsub' build argument 'cmake_force_configure' from command line to 'False'
[0.476s] Level 5:colcon.colcon_core.verb:set package 'mt_pubsub' build argument 'ament_cmake_args' from command line to 'None'
[0.477s] Level 5:colcon.colcon_core.verb:set package 'mt_pubsub' build argument 'catkin_cmake_args' from command line to 'None'
[0.477s] Level 5:colcon.colcon_core.verb:set package 'mt_pubsub' build argument 'catkin_skip_building_tests' from command line to 'False'
[0.477s] DEBUG:colcon.colcon_core.verb:Building package 'mt_pubsub' with the following arguments: {'ament_cmake_args': None, 'build_base': '/home/ubumtu/robot_ws/build/mt_pubsub', 'catkin_cmake_args': None, 'catkin_skip_building_tests': False, 'cmake_args': None, 'cmake_clean_cache': False, 'cmake_clean_first': False, 'cmake_force_configure': False, 'cmake_target': None, 'cmake_target_skip_unavailable': False, 'install_base': '/home/ubumtu/robot_ws/install/mt_pubsub', 'merge_install': False, 'path': '/home/ubumtu/robot_ws/src/mt_pubsub', 'symlink_install': True, 'test_result_base': None}
[0.479s] Level 5:colcon.colcon_core.verb:set package 'tb3_move' build argument 'cmake_args' from command line to 'None'
[0.479s] Level 5:colcon.colcon_core.verb:set package 'tb3_move' build argument 'cmake_target' from command line to 'None'
[0.479s] Level 5:colcon.colcon_core.verb:set package 'tb3_move' build argument 'cmake_target_skip_unavailable' from command line to 'False'
[0.479s] Level 5:colcon.colcon_core.verb:set package 'tb3_move' build argument 'cmake_clean_cache' from command line to 'False'
[0.479s] Level 5:colcon.colcon_core.verb:set package 'tb3_move' build argument 'cmake_clean_first' from command line to 'False'
[0.479s] Level 5:colcon.colcon_core.verb:set package 'tb3_move' build argument 'cmake_force_configure' from command line to 'False'
[0.479s] Level 5:colcon.colcon_core.verb:set package 'tb3_move' build argument 'ament_cmake_args' from command line to 'None'
[0.480s] Level 5:colcon.colcon_core.verb:set package 'tb3_move' build argument 'catkin_cmake_args' from command line to 'None'
[0.480s] Level 5:colcon.colcon_core.verb:set package 'tb3_move' build argument 'catkin_skip_building_tests' from command line to 'False'
[0.480s] DEBUG:colcon.colcon_core.verb:Building package 'tb3_move' with the following arguments: {'ament_cmake_args': None, 'build_base': '/home/ubumtu/robot_ws/build/tb3_move', 'catkin_cmake_args': None, 'catkin_skip_building_tests': False, 'cmake_args': None, 'cmake_clean_cache': False, 'cmake_clean_first': False, 'cmake_force_configure': False, 'cmake_target': None, 'cmake_target_skip_unavailable': False, 'install_base': '/home/ubumtu/robot_ws/install/tb3_move', 'merge_install': False, 'path': '/home/ubumtu/robot_ws/src/tb3_move', 'symlink_install': True, 'test_result_base': None}
[0.482s] Level 5:colcon.colcon_core.verb:set package 'test_interface' build argument 'cmake_args' from command line to 'None'
[0.482s] Level 5:colcon.colcon_core.verb:set package 'test_interface' build argument 'cmake_target' from command line to 'None'
[0.482s] Level 5:colcon.colcon_core.verb:set package 'test_interface' build argument 'cmake_target_skip_unavailable' from command line to 'False'
[0.482s] Level 5:colcon.colcon_core.verb:set package 'test_interface' build argument 'cmake_clean_cache' from command line to 'False'
[0.482s] Level 5:colcon.colcon_core.verb:set package 'test_interface' build argument 'cmake_clean_first' from command line to 'False'
[0.483s] Level 5:colcon.colcon_core.verb:set package 'test_interface' build argument 'cmake_force_configure' from command line to 'False'
[0.483s] Level 5:colcon.colcon_core.verb:set package 'test_interface' build argument 'ament_cmake_args' from command line to 'None'
[0.483s] Level 5:colcon.colcon_core.verb:set package 'test_interface' build argument 'catkin_cmake_args' from command line to 'None'
[0.483s] Level 5:colcon.colcon_core.verb:set package 'test_interface' build argument 'catkin_skip_building_tests' from command line to 'False'
[0.483s] DEBUG:colcon.colcon_core.verb:Building package 'test_interface' with the following arguments: {'ament_cmake_args': None, 'build_base': '/home/ubumtu/robot_ws/build/test_interface', 'catkin_cmake_args': None, 'catkin_skip_building_tests': False, 'cmake_args': None, 'cmake_clean_cache': False, 'cmake_clean_first': False, 'cmake_force_configure': False, 'cmake_target': None, 'cmake_target_skip_unavailable': False, 'install_base': '/home/ubumtu/robot_ws/install/test_interface', 'merge_install': False, 'path': '/home/ubumtu/robot_ws/src/test_interface', 'symlink_install': True, 'test_result_base': None}
[0.485s] Level 5:colcon.colcon_core.verb:set package 'test_num' build argument 'cmake_args' from command line to 'None'
[0.485s] Level 5:colcon.colcon_core.verb:set package 'test_num' build argument 'cmake_target' from command line to 'None'
[0.485s] Level 5:colcon.colcon_core.verb:set package 'test_num' build argument 'cmake_target_skip_unavailable' from command line to 'False'
[0.485s] Level 5:colcon.colcon_core.verb:set package 'test_num' build argument 'cmake_clean_cache' from command line to 'False'
[0.486s] Level 5:colcon.colcon_core.verb:set package 'test_num' build argument 'cmake_clean_first' from command line to 'False'
[0.486s] Level 5:colcon.colcon_core.verb:set package 'test_num' build argument 'cmake_force_configure' from command line to 'False'
[0.486s] Level 5:colcon.colcon_core.verb:set package 'test_num' build argument 'ament_cmake_args' from command line to 'None'
[0.486s] Level 5:colcon.colcon_core.verb:set package 'test_num' build argument 'catkin_cmake_args' from command line to 'None'
[0.486s] Level 5:colcon.colcon_core.verb:set package 'test_num' build argument 'catkin_skip_building_tests' from command line to 'False'
[0.486s] DEBUG:colcon.colcon_core.verb:Building package 'test_num' with the following arguments: {'ament_cmake_args': None, 'build_base': '/home/ubumtu/robot_ws/build/test_num', 'catkin_cmake_args': None, 'catkin_skip_building_tests': False, 'cmake_args': None, 'cmake_clean_cache': False, 'cmake_clean_first': False, 'cmake_force_configure': False, 'cmake_target': None, 'cmake_target_skip_unavailable': False, 'install_base': '/home/ubumtu/robot_ws/install/test_num', 'merge_install': False, 'path': '/home/ubumtu/robot_ws/src/test_num', 'symlink_install': True, 'test_result_base': None}
[0.488s] Level 5:colcon.colcon_core.verb:set package 'test_para' build argument 'cmake_args' from command line to 'None'
[0.488s] Level 5:colcon.colcon_core.verb:set package 'test_para' build argument 'cmake_target' from command line to 'None'
[0.489s] Level 5:colcon.colcon_core.verb:set package 'test_para' build argument 'cmake_target_skip_unavailable' from command line to 'False'
[0.489s] Level 5:colcon.colcon_core.verb:set package 'test_para' build argument 'cmake_clean_cache' from command line to 'False'
[0.489s] Level 5:colcon.colcon_core.verb:set package 'test_para' build argument 'cmake_clean_first' from command line to 'False'
[0.489s] Level 5:colcon.colcon_core.verb:set package 'test_para' build argument 'cmake_force_configure' from command line to 'False'
[0.489s] Level 5:colcon.colcon_core.verb:set package 'test_para' build argument 'ament_cmake_args' from command line to 'None'
[0.489s] Level 5:colcon.colcon_core.verb:set package 'test_para' build argument 'catkin_cmake_args' from command line to 'None'
[0.489s] Level 5:colcon.colcon_core.verb:set package 'test_para' build argument 'catkin_skip_building_tests' from command line to 'False'
[0.489s] DEBUG:colcon.colcon_core.verb:Building package 'test_para' with the following arguments: {'ament_cmake_args': None, 'build_base': '/home/ubumtu/robot_ws/build/test_para', 'catkin_cmake_args': None, 'catkin_skip_building_tests': False, 'cmake_args': None, 'cmake_clean_cache': False, 'cmake_clean_first': False, 'cmake_force_configure': False, 'cmake_target': None, 'cmake_target_skip_unavailable': False, 'install_base': '/home/ubumtu/robot_ws/install/test_para', 'merge_install': False, 'path': '/home/ubumtu/robot_ws/src/test_para', 'symlink_install': True, 'test_result_base': None}
[0.491s] INFO:colcon.colcon_core.executor:Executing jobs using 'parallel' executor
[0.502s] DEBUG:colcon.colcon_parallel_executor.executor.parallel:run_until_complete
[0.503s] INFO:colcon.colcon_ros.task.ament_python.build:Building ROS package in '/home/ubumtu/robot_ws/src/m_pubsub' with build type 'ament_python'
[0.503s] Level 1:colcon.colcon_core.shell:create_environment_hook('m_pubsub', 'ament_prefix_path')
[0.511s] INFO:colcon.colcon_core.plugin_system:Skipping extension 'colcon_core.shell.bat': Not used on non-Windows systems
[0.511s] INFO:colcon.colcon_core.shell:Creating environment hook '/home/ubumtu/robot_ws/install/m_pubsub/share/m_pubsub/hook/ament_prefix_path.ps1'
[0.512s] INFO:colcon.colcon_core.shell:Creating environment descriptor '/home/ubumtu/robot_ws/install/m_pubsub/share/m_pubsub/hook/ament_prefix_path.dsv'
[0.513s] INFO:colcon.colcon_core.shell:Creating environment hook '/home/ubumtu/robot_ws/install/m_pubsub/share/m_pubsub/hook/ament_prefix_path.sh'
[0.518s] INFO:colcon.colcon_core.shell:Skip shell extension 'powershell' for command environment: Not usable outside of PowerShell
[0.518s] DEBUG:colcon.colcon_core.shell:Skip shell extension 'dsv' for command environment
[0.529s] INFO:colcon.colcon_ros.task.ament_python.build:Building ROS package in '/home/ubumtu/robot_ws/src/move_turtle_pkg' with build type 'ament_python'
[0.530s] Level 1:colcon.colcon_core.shell:create_environment_hook('move_turtle_pkg', 'ament_prefix_path')
[0.537s] INFO:colcon.colcon_core.shell:Creating environment hook '/home/ubumtu/robot_ws/install/move_turtle_pkg/share/move_turtle_pkg/hook/ament_prefix_path.ps1'
[0.538s] INFO:colcon.colcon_core.shell:Creating environment descriptor '/home/ubumtu/robot_ws/install/move_turtle_pkg/share/move_turtle_pkg/hook/ament_prefix_path.dsv'
[0.539s] INFO:colcon.colcon_core.shell:Creating environment hook '/home/ubumtu/robot_ws/install/move_turtle_pkg/share/move_turtle_pkg/hook/ament_prefix_path.sh'
[0.543s] INFO:colcon.colcon_core.shell:Skip shell extension 'powershell' for command environment: Not usable outside of PowerShell
[0.543s] DEBUG:colcon.colcon_core.shell:Skip shell extension 'dsv' for command environment
[0.871s] INFO:colcon.colcon_core.task.python.build:Building Python package in '/home/ubumtu/robot_ws/src/m_pubsub'
[0.876s] INFO:colcon.colcon_core.shell:Skip shell extension 'powershell' for command environment: Not usable outside of PowerShell
[0.876s] DEBUG:colcon.colcon_core.shell:Skip shell extension 'dsv' for command environment
[1.211s] INFO:colcon.colcon_core.task.python.build:Building Python package in '/home/ubumtu/robot_ws/src/move_turtle_pkg'
[1.217s] INFO:colcon.colcon_core.shell:Skip shell extension 'powershell' for command environment: Not usable outside of PowerShell
[1.217s] DEBUG:colcon.colcon_core.shell:Skip shell extension 'dsv' for command environment
[1.794s] DEBUG:colcon.colcon_core.event_handler.log_command:Invoking command in '/home/ubumtu/robot_ws/build/move_turtle_pkg': PYTHONPATH=/home/ubumtu/robot_ws/build/move_turtle_pkg/prefix_override:/home/ubumtu/robot_ws/install/move_turtle_pkg/lib/python3.8/site-packages:${PYTHONPATH} /usr/bin/python3 setup.py develop --editable --build-directory /home/ubumtu/robot_ws/build/move_turtle_pkg/build --no-deps install_data
[1.850s] DEBUG:colcon.colcon_core.event_handler.log_command:Invoking command in '/home/ubumtu/robot_ws/build/m_pubsub': PYTHONPATH=/home/ubumtu/robot_ws/build/m_pubsub/prefix_override:/home/ubumtu/robot_ws/install/m_pubsub/lib/python3.8/site-packages:${PYTHONPATH} /usr/bin/python3 setup.py develop --editable --build-directory /home/ubumtu/robot_ws/build/m_pubsub/build --no-deps install_data
[2.486s] Level 1:colcon.colcon_core.shell:create_environment_hook('move_turtle_pkg', 'pythonpath_develop')
[2.493s] DEBUG:colcon.colcon_core.event_handler.log_command:Invoked command in '/home/ubumtu/robot_ws/build/move_turtle_pkg' returned '0': PYTHONPATH=/home/ubumtu/robot_ws/build/move_turtle_pkg/prefix_override:/home/ubumtu/robot_ws/install/move_turtle_pkg/lib/python3.8/site-packages:${PYTHONPATH} /usr/bin/python3 setup.py develop --editable --build-directory /home/ubumtu/robot_ws/build/move_turtle_pkg/build --no-deps install_data
[2.494s] INFO:colcon.colcon_core.shell:Creating environment hook '/home/ubumtu/robot_ws/build/move_turtle_pkg/share/move_turtle_pkg/hook/pythonpath_develop.ps1'
[2.495s] INFO:colcon.colcon_core.shell:Creating environment descriptor '/home/ubumtu/robot_ws/build/move_turtle_pkg/share/move_turtle_pkg/hook/pythonpath_develop.dsv'
[2.496s] INFO:colcon.colcon_core.shell:Creating environment hook '/home/ubumtu/robot_ws/build/move_turtle_pkg/share/move_turtle_pkg/hook/pythonpath_develop.sh'
[2.510s] Level 1:colcon.colcon_core.environment:checking '/home/ubumtu/robot_ws/install/move_turtle_pkg' for CMake module files
[2.511s] Level 1:colcon.colcon_core.environment:checking '/home/ubumtu/robot_ws/install/move_turtle_pkg' for CMake config files
[2.512s] Level 1:colcon.colcon_core.environment:checking '/home/ubumtu/robot_ws/install/move_turtle_pkg/lib'
[2.513s] Level 1:colcon.colcon_core.environment:checking '/home/ubumtu/robot_ws/install/move_turtle_pkg/bin'
[2.513s] Level 1:colcon.colcon_core.environment:checking '/home/ubumtu/robot_ws/install/move_turtle_pkg/lib/pkgconfig/move_turtle_pkg.pc'
[2.514s] Level 1:colcon.colcon_core.environment:checking '/home/ubumtu/robot_ws/install/move_turtle_pkg/lib/python3.8/site-packages'
[2.514s] Level 1:colcon.colcon_core.shell:create_environment_hook('move_turtle_pkg', 'pythonpath')
[2.518s] INFO:colcon.colcon_core.shell:Creating environment hook '/home/ubumtu/robot_ws/install/move_turtle_pkg/share/move_turtle_pkg/hook/pythonpath.ps1'
[2.519s] INFO:colcon.colcon_core.shell:Creating environment descriptor '/home/ubumtu/robot_ws/install/move_turtle_pkg/share/move_turtle_pkg/hook/pythonpath.dsv'
[2.520s] INFO:colcon.colcon_core.shell:Creating environment hook '/home/ubumtu/robot_ws/install/move_turtle_pkg/share/move_turtle_pkg/hook/pythonpath.sh'
[2.520s] Level 1:colcon.colcon_core.environment:checking '/home/ubumtu/robot_ws/install/move_turtle_pkg/bin'
[2.521s] Level 1:colcon.colcon_core.environment:create_environment_scripts_only(move_turtle_pkg)
[2.527s] INFO:colcon.colcon_core.shell:Creating package script '/home/ubumtu/robot_ws/install/move_turtle_pkg/share/move_turtle_pkg/package.ps1'
[2.529s] INFO:colcon.colcon_core.shell:Creating package descriptor '/home/ubumtu/robot_ws/install/move_turtle_pkg/share/move_turtle_pkg/package.dsv'
[2.531s] INFO:colcon.colcon_core.shell:Creating package script '/home/ubumtu/robot_ws/install/move_turtle_pkg/share/move_turtle_pkg/package.sh'
[2.532s] INFO:colcon.colcon_core.shell:Creating package script '/home/ubumtu/robot_ws/install/move_turtle_pkg/share/move_turtle_pkg/package.bash'
[2.533s] INFO:colcon.colcon_core.shell:Creating package script '/home/ubumtu/robot_ws/install/move_turtle_pkg/share/move_turtle_pkg/package.zsh'
[2.535s] Level 1:colcon.colcon_core.environment:create_file_with_runtime_dependencies(/home/ubumtu/robot_ws/install/move_turtle_pkg/share/colcon-core/packages/move_turtle_pkg)
[2.536s] INFO:colcon.colcon_ros.task.ament_python.build:Building ROS package in '/home/ubumtu/robot_ws/src/mt_pubsub' with build type 'ament_python'
[2.536s] Level 1:colcon.colcon_core.shell:create_environment_hook('mt_pubsub', 'ament_prefix_path')
[2.544s] INFO:colcon.colcon_core.shell:Creating environment hook '/home/ubumtu/robot_ws/install/mt_pubsub/share/mt_pubsub/hook/ament_prefix_path.ps1'
[2.547s] INFO:colcon.colcon_core.shell:Creating environment descriptor '/home/ubumtu/robot_ws/install/mt_pubsub/share/mt_pubsub/hook/ament_prefix_path.dsv'
[2.548s] INFO:colcon.colcon_core.shell:Creating environment hook '/home/ubumtu/robot_ws/install/mt_pubsub/share/mt_pubsub/hook/ament_prefix_path.sh'
[2.559s] INFO:colcon.colcon_core.shell:Skip shell extension 'powershell' for command environment: Not usable outside of PowerShell
[2.559s] DEBUG:colcon.colcon_core.shell:Skip shell extension 'dsv' for command environment
[2.942s] INFO:colcon.colcon_core.task.python.build:Building Python package in '/home/ubumtu/robot_ws/src/mt_pubsub'
[2.947s] INFO:colcon.colcon_core.shell:Skip shell extension 'powershell' for command environment: Not usable outside of PowerShell
[2.947s] DEBUG:colcon.colcon_core.shell:Skip shell extension 'dsv' for command environment
[2.962s] Level 1:colcon.colcon_core.shell:create_environment_hook('m_pubsub', 'pythonpath_develop')
[2.967s] INFO:colcon.colcon_core.shell:Creating environment hook '/home/ubumtu/robot_ws/build/m_pubsub/share/m_pubsub/hook/pythonpath_develop.ps1'
[2.969s] INFO:colcon.colcon_core.shell:Creating environment descriptor '/home/ubumtu/robot_ws/build/m_pubsub/share/m_pubsub/hook/pythonpath_develop.dsv'
[2.970s] INFO:colcon.colcon_core.shell:Creating environment hook '/home/ubumtu/robot_ws/build/m_pubsub/share/m_pubsub/hook/pythonpath_develop.sh'
[2.971s] DEBUG:colcon.colcon_core.event_handler.log_command:Invoked command in '/home/ubumtu/robot_ws/build/m_pubsub' returned '0': PYTHONPATH=/home/ubumtu/robot_ws/build/m_pubsub/prefix_override:/home/ubumtu/robot_ws/install/m_pubsub/lib/python3.8/site-packages:${PYTHONPATH} /usr/bin/python3 setup.py develop --editable --build-directory /home/ubumtu/robot_ws/build/m_pubsub/build --no-deps install_data
[2.979s] Level 1:colcon.colcon_core.environment:checking '/home/ubumtu/robot_ws/install/m_pubsub' for CMake module files
[2.979s] Level 1:colcon.colcon_core.environment:checking '/home/ubumtu/robot_ws/install/m_pubsub' for CMake config files
[2.980s] Level 1:colcon.colcon_core.environment:checking '/home/ubumtu/robot_ws/install/m_pubsub/lib'
[2.980s] Level 1:colcon.colcon_core.environment:checking '/home/ubumtu/robot_ws/install/m_pubsub/bin'
[2.980s] Level 1:colcon.colcon_core.environment:checking '/home/ubumtu/robot_ws/install/m_pubsub/lib/pkgconfig/m_pubsub.pc'
[2.981s] Level 1:colcon.colcon_core.environment:checking '/home/ubumtu/robot_ws/install/m_pubsub/lib/python3.8/site-packages'
[2.981s] Level 1:colcon.colcon_core.shell:create_environment_hook('m_pubsub', 'pythonpath')
[2.985s] INFO:colcon.colcon_core.shell:Creating environment hook '/home/ubumtu/robot_ws/install/m_pubsub/share/m_pubsub/hook/pythonpath.ps1'
[2.986s] INFO:colcon.colcon_core.shell:Creating environment descriptor '/home/ubumtu/robot_ws/install/m_pubsub/share/m_pubsub/hook/pythonpath.dsv'
[2.986s] INFO:colcon.colcon_core.shell:Creating environment hook '/home/ubumtu/robot_ws/install/m_pubsub/share/m_pubsub/hook/pythonpath.sh'
[2.987s] Level 1:colcon.colcon_core.environment:checking '/home/ubumtu/robot_ws/install/m_pubsub/bin'
[2.988s] Level 1:colcon.colcon_core.environment:create_environment_scripts_only(m_pubsub)
[2.992s] INFO:colcon.colcon_core.shell:Creating package script '/home/ubumtu/robot_ws/install/m_pubsub/share/m_pubsub/package.ps1'
[2.994s] INFO:colcon.colcon_core.shell:Creating package descriptor '/home/ubumtu/robot_ws/install/m_pubsub/share/m_pubsub/package.dsv'
[2.994s] INFO:colcon.colcon_core.shell:Creating package script '/home/ubumtu/robot_ws/install/m_pubsub/share/m_pubsub/package.sh'
[2.995s] INFO:colcon.colcon_core.shell:Creating package script '/home/ubumtu/robot_ws/install/m_pubsub/share/m_pubsub/package.bash'
[2.996s] INFO:colcon.colcon_core.shell:Creating package script '/home/ubumtu/robot_ws/install/m_pubsub/share/m_pubsub/package.zsh'
[2.997s] Level 1:colcon.colcon_core.environment:create_file_with_runtime_dependencies(/home/ubumtu/robot_ws/install/m_pubsub/share/colcon-core/packages/m_pubsub)
[2.998s] INFO:colcon.colcon_ros.task.ament_python.build:Building ROS package in '/home/ubumtu/robot_ws/src/tb3_move' with build type 'ament_python'
[2.998s] Level 1:colcon.colcon_core.shell:create_environment_hook('tb3_move', 'ament_prefix_path')
[3.002s] INFO:colcon.colcon_core.shell:Creating environment hook '/home/ubumtu/robot_ws/install/tb3_move/share/tb3_move/hook/ament_prefix_path.ps1'
[3.004s] INFO:colcon.colcon_core.shell:Creating environment descriptor '/home/ubumtu/robot_ws/install/tb3_move/share/tb3_move/hook/ament_prefix_path.dsv'
[3.005s] INFO:colcon.colcon_core.shell:Creating environment hook '/home/ubumtu/robot_ws/install/tb3_move/share/tb3_move/hook/ament_prefix_path.sh'
[3.009s] INFO:colcon.colcon_core.shell:Skip shell extension 'powershell' for command environment: Not usable outside of PowerShell
[3.009s] DEBUG:colcon.colcon_core.shell:Skip shell extension 'dsv' for command environment
[3.417s] INFO:colcon.colcon_core.task.python.build:Building Python package in '/home/ubumtu/robot_ws/src/tb3_move'
[3.424s] INFO:colcon.colcon_core.shell:Skip shell extension 'powershell' for command environment: Not usable outside of PowerShell
[3.424s] DEBUG:colcon.colcon_core.shell:Skip shell extension 'dsv' for command environment
[3.610s] DEBUG:colcon.colcon_core.event_handler.log_command:Invoking command in '/home/ubumtu/robot_ws/build/mt_pubsub': PYTHONPATH=/home/ubumtu/robot_ws/build/mt_pubsub/prefix_override:/home/ubumtu/robot_ws/install/mt_pubsub/lib/python3.8/site-packages:${PYTHONPATH} /usr/bin/python3 setup.py develop --editable --build-directory /home/ubumtu/robot_ws/build/mt_pubsub/build --no-deps install_data
[4.061s] DEBUG:colcon.colcon_core.event_handler.log_command:Invoking command in '/home/ubumtu/robot_ws/build/tb3_move': PYTHONPATH=/home/ubumtu/robot_ws/build/tb3_move/prefix_override:/home/ubumtu/robot_ws/install/tb3_move/lib/python3.8/site-packages:${PYTHONPATH} /usr/bin/python3 setup.py develop --editable --build-directory /home/ubumtu/robot_ws/build/tb3_move/build --no-deps install_data
[4.304s] Level 1:colcon.colcon_core.shell:create_environment_hook('mt_pubsub', 'pythonpath_develop')
[4.308s] INFO:colcon.colcon_core.shell:Creating environment hook '/home/ubumtu/robot_ws/build/mt_pubsub/share/mt_pubsub/hook/pythonpath_develop.ps1'
[4.310s] DEBUG:colcon.colcon_core.event_handler.log_command:Invoked command in '/home/ubumtu/robot_ws/build/mt_pubsub' returned '0': PYTHONPATH=/home/ubumtu/robot_ws/build/mt_pubsub/prefix_override:/home/ubumtu/robot_ws/install/mt_pubsub/lib/python3.8/site-packages:${PYTHONPATH} /usr/bin/python3 setup.py develop --editable --build-directory /home/ubumtu/robot_ws/build/mt_pubsub/build --no-deps install_data
[4.310s] INFO:colcon.colcon_core.shell:Creating environment descriptor '/home/ubumtu/robot_ws/build/mt_pubsub/share/mt_pubsub/hook/pythonpath_develop.dsv'
[4.311s] INFO:colcon.colcon_core.shell:Creating environment hook '/home/ubumtu/robot_ws/build/mt_pubsub/share/mt_pubsub/hook/pythonpath_develop.sh'
[4.318s] Level 1:colcon.colcon_core.environment:checking '/home/ubumtu/robot_ws/install/mt_pubsub' for CMake module files
[4.319s] Level 1:colcon.colcon_core.environment:checking '/home/ubumtu/robot_ws/install/mt_pubsub' for CMake config files
[4.319s] Level 1:colcon.colcon_core.environment:checking '/home/ubumtu/robot_ws/install/mt_pubsub/lib'
[4.319s] Level 1:colcon.colcon_core.environment:checking '/home/ubumtu/robot_ws/install/mt_pubsub/bin'
[4.319s] Level 1:colcon.colcon_core.environment:checking '/home/ubumtu/robot_ws/install/mt_pubsub/lib/pkgconfig/mt_pubsub.pc'
[4.320s] Level 1:colcon.colcon_core.environment:checking '/home/ubumtu/robot_ws/install/mt_pubsub/lib/python3.8/site-packages'
[4.320s] Level 1:colcon.colcon_core.shell:create_environment_hook('mt_pubsub', 'pythonpath')
[4.324s] INFO:colcon.colcon_core.shell:Creating environment hook '/home/ubumtu/robot_ws/install/mt_pubsub/share/mt_pubsub/hook/pythonpath.ps1'
[4.325s] INFO:colcon.colcon_core.shell:Creating environment descriptor '/home/ubumtu/robot_ws/install/mt_pubsub/share/mt_pubsub/hook/pythonpath.dsv'
[4.325s] INFO:colcon.colcon_core.shell:Creating environment hook '/home/ubumtu/robot_ws/install/mt_pubsub/share/mt_pubsub/hook/pythonpath.sh'
[4.326s] Level 1:colcon.colcon_core.environment:checking '/home/ubumtu/robot_ws/install/mt_pubsub/bin'
[4.326s] Level 1:colcon.colcon_core.environment:create_environment_scripts_only(mt_pubsub)
[4.330s] INFO:colcon.colcon_core.shell:Creating package script '/home/ubumtu/robot_ws/install/mt_pubsub/share/mt_pubsub/package.ps1'
[4.331s] INFO:colcon.colcon_core.shell:Creating package descriptor '/home/ubumtu/robot_ws/install/mt_pubsub/share/mt_pubsub/package.dsv'
[4.332s] INFO:colcon.colcon_core.shell:Creating package script '/home/ubumtu/robot_ws/install/mt_pubsub/share/mt_pubsub/package.sh'
[4.333s] INFO:colcon.colcon_core.shell:Creating package script '/home/ubumtu/robot_ws/install/mt_pubsub/share/mt_pubsub/package.bash'
[4.334s] INFO:colcon.colcon_core.shell:Creating package script '/home/ubumtu/robot_ws/install/mt_pubsub/share/mt_pubsub/package.zsh'
[4.334s] Level 1:colcon.colcon_core.environment:create_file_with_runtime_dependencies(/home/ubumtu/robot_ws/install/mt_pubsub/share/colcon-core/packages/mt_pubsub)
[4.336s] INFO:colcon.colcon_ros.task.ament_cmake.build:Building ROS package in '/home/ubumtu/robot_ws/src/test_interface' with build type 'ament_cmake'
[4.336s] INFO:colcon.colcon_cmake.task.cmake.build:Building CMake package in '/home/ubumtu/robot_ws/src/test_interface'
[4.340s] INFO:colcon.colcon_core.shell:Skip shell extension 'powershell' for command environment: Not usable outside of PowerShell
[4.340s] DEBUG:colcon.colcon_core.shell:Skip shell extension 'dsv' for command environment
[4.369s] DEBUG:colcon.colcon_core.event_handler.log_command:Invoking command in '/home/ubumtu/robot_ws/build/test_interface': CMAKE_PREFIX_PATH=${CMAKE_PREFIX_PATH}:/home/ubumtu/robot_ws/install/tb3_move:/home/ubumtu/robot_ws/install/test_para:/home/ubumtu/robot_ws/install/test_num:/home/ubumtu/robot_ws/install/mt_pubsub:/home/ubumtu/robot_ws/install/move_turtle_pkg:/home/ubumtu/robot_ws/install/m_pubsub:/opt/ros/foxy /usr/bin/cmake --build /home/ubumtu/robot_ws/build/test_interface -- -j2 -l2
[5.054s] Level 1:colcon.colcon_core.shell:create_environment_hook('tb3_move', 'pythonpath_develop')
[5.055s] DEBUG:colcon.colcon_core.event_handler.log_command:Invoked command in '/home/ubumtu/robot_ws/build/tb3_move' returned '0': PYTHONPATH=/home/ubumtu/robot_ws/build/tb3_move/prefix_override:/home/ubumtu/robot_ws/install/tb3_move/lib/python3.8/site-packages:${PYTHONPATH} /usr/bin/python3 setup.py develop --editable --build-directory /home/ubumtu/robot_ws/build/tb3_move/build --no-deps install_data
[5.060s] INFO:colcon.colcon_core.shell:Creating environment hook '/home/ubumtu/robot_ws/build/tb3_move/share/tb3_move/hook/pythonpath_develop.ps1'
[5.061s] INFO:colcon.colcon_core.shell:Creating environment descriptor '/home/ubumtu/robot_ws/build/tb3_move/share/tb3_move/hook/pythonpath_develop.dsv'
[5.061s] INFO:colcon.colcon_core.shell:Creating environment hook '/home/ubumtu/robot_ws/build/tb3_move/share/tb3_move/hook/pythonpath_develop.sh'
[5.068s] Level 1:colcon.colcon_core.environment:checking '/home/ubumtu/robot_ws/install/tb3_move' for CMake module files
[5.068s] Level 1:colcon.colcon_core.environment:checking '/home/ubumtu/robot_ws/install/tb3_move' for CMake config files
[5.069s] Level 1:colcon.colcon_core.environment:checking '/home/ubumtu/robot_ws/install/tb3_move/lib'
[5.069s] Level 1:colcon.colcon_core.environment:checking '/home/ubumtu/robot_ws/install/tb3_move/bin'
[5.069s] Level 1:colcon.colcon_core.environment:checking '/home/ubumtu/robot_ws/install/tb3_move/lib/pkgconfig/tb3_move.pc'
[5.070s] Level 1:colcon.colcon_core.environment:checking '/home/ubumtu/robot_ws/install/tb3_move/lib/python3.8/site-packages'
[5.070s] Level 1:colcon.colcon_core.shell:create_environment_hook('tb3_move', 'pythonpath')
[5.074s] INFO:colcon.colcon_core.shell:Creating environment hook '/home/ubumtu/robot_ws/install/tb3_move/share/tb3_move/hook/pythonpath.ps1'
[5.076s] INFO:colcon.colcon_core.shell:Creating environment descriptor '/home/ubumtu/robot_ws/install/tb3_move/share/tb3_move/hook/pythonpath.dsv'
[5.077s] INFO:colcon.colcon_core.shell:Creating environment hook '/home/ubumtu/robot_ws/install/tb3_move/share/tb3_move/hook/pythonpath.sh'
[5.078s] Level 1:colcon.colcon_core.environment:checking '/home/ubumtu/robot_ws/install/tb3_move/bin'
[5.078s] Level 1:colcon.colcon_core.environment:create_environment_scripts_only(tb3_move)
[5.082s] INFO:colcon.colcon_core.shell:Creating package script '/home/ubumtu/robot_ws/install/tb3_move/share/tb3_move/package.ps1'
[5.087s] INFO:colcon.colcon_core.shell:Creating package descriptor '/home/ubumtu/robot_ws/install/tb3_move/share/tb3_move/package.dsv'
[5.087s] INFO:colcon.colcon_core.shell:Creating package script '/home/ubumtu/robot_ws/install/tb3_move/share/tb3_move/package.sh'
[5.089s] INFO:colcon.colcon_core.shell:Creating package script '/home/ubumtu/robot_ws/install/tb3_move/share/tb3_move/package.bash'
[5.090s] INFO:colcon.colcon_core.shell:Creating package script '/home/ubumtu/robot_ws/install/tb3_move/share/tb3_move/package.zsh'
[5.090s] Level 1:colcon.colcon_core.environment:create_file_with_runtime_dependencies(/home/ubumtu/robot_ws/install/tb3_move/share/colcon-core/packages/tb3_move)
[5.091s] INFO:colcon.colcon_ros.task.ament_python.build:Building ROS package in '/home/ubumtu/robot_ws/src/test_num' with build type 'ament_python'
[5.092s] Level 1:colcon.colcon_core.shell:create_environment_hook('test_num', 'ament_prefix_path')
[5.096s] INFO:colcon.colcon_core.shell:Creating environment hook '/home/ubumtu/robot_ws/install/test_num/share/test_num/hook/ament_prefix_path.ps1'
[5.097s] INFO:colcon.colcon_core.shell:Creating environment descriptor '/home/ubumtu/robot_ws/install/test_num/share/test_num/hook/ament_prefix_path.dsv'
[5.098s] INFO:colcon.colcon_core.shell:Creating environment hook '/home/ubumtu/robot_ws/install/test_num/share/test_num/hook/ament_prefix_path.sh'
[5.112s] INFO:colcon.colcon_core.shell:Skip shell extension 'powershell' for command environment: Not usable outside of PowerShell
[5.112s] DEBUG:colcon.colcon_core.shell:Skip shell extension 'dsv' for command environment
[5.129s] DEBUG:colcon.colcon_core.event_handler.log_command:Invoked command in '/home/ubumtu/robot_ws/build/test_interface' returned '0': CMAKE_PREFIX_PATH=${CMAKE_PREFIX_PATH}:/home/ubumtu/robot_ws/install/tb3_move:/home/ubumtu/robot_ws/install/test_para:/home/ubumtu/robot_ws/install/test_num:/home/ubumtu/robot_ws/install/mt_pubsub:/home/ubumtu/robot_ws/install/move_turtle_pkg:/home/ubumtu/robot_ws/install/m_pubsub:/opt/ros/foxy /usr/bin/cmake --build /home/ubumtu/robot_ws/build/test_interface -- -j2 -l2
[5.436s] INFO:colcon.colcon_core.task.python.build:Building Python package in '/home/ubumtu/robot_ws/src/test_num'
[5.441s] INFO:colcon.colcon_core.shell:Skip shell extension 'powershell' for command environment: Not usable outside of PowerShell
[5.441s] DEBUG:colcon.colcon_core.shell:Skip shell extension 'dsv' for command environment
[5.473s] DEBUG:colcon.colcon_core.event_handler.log_command:Invoking command in '/home/ubumtu/robot_ws/build/test_interface': CMAKE_PREFIX_PATH=${CMAKE_PREFIX_PATH}:/home/ubumtu/robot_ws/install/tb3_move:/home/ubumtu/robot_ws/install/test_para:/home/ubumtu/robot_ws/install/test_num:/home/ubumtu/robot_ws/install/mt_pubsub:/home/ubumtu/robot_ws/install/move_turtle_pkg:/home/ubumtu/robot_ws/install/m_pubsub:/opt/ros/foxy /usr/bin/cmake --install /home/ubumtu/robot_ws/build/test_interface
[5.650s] Level 1:colcon.colcon_core.environment:create_environment_scripts_only(test_interface)
[5.657s] DEBUG:colcon.colcon_core.event_handler.log_command:Invoked command in '/home/ubumtu/robot_ws/build/test_interface' returned '0': CMAKE_PREFIX_PATH=${CMAKE_PREFIX_PATH}:/home/ubumtu/robot_ws/install/tb3_move:/home/ubumtu/robot_ws/install/test_para:/home/ubumtu/robot_ws/install/test_num:/home/ubumtu/robot_ws/install/mt_pubsub:/home/ubumtu/robot_ws/install/move_turtle_pkg:/home/ubumtu/robot_ws/install/m_pubsub:/opt/ros/foxy /usr/bin/cmake --install /home/ubumtu/robot_ws/build/test_interface
[5.658s] Level 1:colcon.colcon_core.environment:checking '/home/ubumtu/robot_ws/install/test_interface' for CMake module files
[5.659s] Level 1:colcon.colcon_core.environment:checking '/home/ubumtu/robot_ws/install/test_interface' for CMake config files
[5.660s] Level 1:colcon.colcon_core.shell:create_environment_hook('test_interface', 'cmake_prefix_path')
[5.664s] INFO:colcon.colcon_core.shell:Creating environment hook '/home/ubumtu/robot_ws/install/test_interface/share/test_interface/hook/cmake_prefix_path.ps1'
[5.665s] INFO:colcon.colcon_core.shell:Creating environment descriptor '/home/ubumtu/robot_ws/install/test_interface/share/test_interface/hook/cmake_prefix_path.dsv'
[5.665s] INFO:colcon.colcon_core.shell:Creating environment hook '/home/ubumtu/robot_ws/install/test_interface/share/test_interface/hook/cmake_prefix_path.sh'
[5.666s] Level 1:colcon.colcon_core.environment:checking '/home/ubumtu/robot_ws/install/test_interface/lib'
[5.666s] Level 1:colcon.colcon_core.shell:create_environment_hook('test_interface', 'ld_library_path_lib')
[5.671s] INFO:colcon.colcon_core.shell:Creating environment hook '/home/ubumtu/robot_ws/install/test_interface/share/test_interface/hook/ld_library_path_lib.ps1'
[5.671s] INFO:colcon.colcon_core.shell:Creating environment descriptor '/home/ubumtu/robot_ws/install/test_interface/share/test_interface/hook/ld_library_path_lib.dsv'
[5.672s] INFO:colcon.colcon_core.shell:Creating environment hook '/home/ubumtu/robot_ws/install/test_interface/share/test_interface/hook/ld_library_path_lib.sh'
[5.673s] Level 1:colcon.colcon_core.environment:checking '/home/ubumtu/robot_ws/install/test_interface/bin'
[5.673s] Level 1:colcon.colcon_core.environment:checking '/home/ubumtu/robot_ws/install/test_interface/lib/pkgconfig/test_interface.pc'
[5.673s] Level 1:colcon.colcon_core.environment:checking '/home/ubumtu/robot_ws/install/test_interface/lib/python3.8/site-packages'
[5.673s] Level 1:colcon.colcon_core.shell:create_environment_hook('test_interface', 'pythonpath')
[5.677s] INFO:colcon.colcon_core.shell:Creating environment hook '/home/ubumtu/robot_ws/install/test_interface/share/test_interface/hook/pythonpath.ps1'
[5.678s] INFO:colcon.colcon_core.shell:Creating environment descriptor '/home/ubumtu/robot_ws/install/test_interface/share/test_interface/hook/pythonpath.dsv'
[5.678s] INFO:colcon.colcon_core.shell:Creating environment hook '/home/ubumtu/robot_ws/install/test_interface/share/test_interface/hook/pythonpath.sh'
[5.679s] Level 1:colcon.colcon_core.environment:checking '/home/ubumtu/robot_ws/install/test_interface/bin'
[5.683s] INFO:colcon.colcon_core.shell:Creating package script '/home/ubumtu/robot_ws/install/test_interface/share/test_interface/package.ps1'
[5.684s] INFO:colcon.colcon_core.shell:Creating package descriptor '/home/ubumtu/robot_ws/install/test_interface/share/test_interface/package.dsv'
[5.685s] INFO:colcon.colcon_core.shell:Creating package script '/home/ubumtu/robot_ws/install/test_interface/share/test_interface/package.sh'
[5.686s] INFO:colcon.colcon_core.shell:Creating package script '/home/ubumtu/robot_ws/install/test_interface/share/test_interface/package.bash'
[5.687s] INFO:colcon.colcon_core.shell:Creating package script '/home/ubumtu/robot_ws/install/test_interface/share/test_interface/package.zsh'
[5.687s] Level 1:colcon.colcon_core.environment:create_file_with_runtime_dependencies(/home/ubumtu/robot_ws/install/test_interface/share/colcon-core/packages/test_interface)
[6.071s] Level 1:colcon.colcon_core.environment:create_environment_scripts_only(test_interface)
[6.077s] Level 1:colcon.colcon_core.environment:checking '/home/ubumtu/robot_ws/install/test_interface' for CMake module files
[6.079s] Level 1:colcon.colcon_core.environment:checking '/home/ubumtu/robot_ws/install/test_interface' for CMake config files
[6.079s] Level 1:colcon.colcon_core.shell:create_environment_hook('test_interface', 'cmake_prefix_path')
[6.083s] INFO:colcon.colcon_core.shell:Creating environment hook '/home/ubumtu/robot_ws/install/test_interface/share/test_interface/hook/cmake_prefix_path.ps1'
[6.084s] INFO:colcon.colcon_core.shell:Creating environment descriptor '/home/ubumtu/robot_ws/install/test_interface/share/test_interface/hook/cmake_prefix_path.dsv'
[6.085s] INFO:colcon.colcon_core.shell:Creating environment hook '/home/ubumtu/robot_ws/install/test_interface/share/test_interface/hook/cmake_prefix_path.sh'
[6.086s] Level 1:colcon.colcon_core.environment:checking '/home/ubumtu/robot_ws/install/test_interface/lib'
[6.086s] Level 1:colcon.colcon_core.shell:create_environment_hook('test_interface', 'ld_library_path_lib')
[6.090s] INFO:colcon.colcon_core.shell:Creating environment hook '/home/ubumtu/robot_ws/install/test_interface/share/test_interface/hook/ld_library_path_lib.ps1'
[6.092s] INFO:colcon.colcon_core.shell:Creating environment descriptor '/home/ubumtu/robot_ws/install/test_interface/share/test_interface/hook/ld_library_path_lib.dsv'
[6.093s] INFO:colcon.colcon_core.shell:Creating environment hook '/home/ubumtu/robot_ws/install/test_interface/share/test_interface/hook/ld_library_path_lib.sh'
[6.093s] Level 1:colcon.colcon_core.environment:checking '/home/ubumtu/robot_ws/install/test_interface/bin'
[6.094s] Level 1:colcon.colcon_core.environment:checking '/home/ubumtu/robot_ws/install/test_interface/lib/pkgconfig/test_interface.pc'
[6.094s] Level 1:colcon.colcon_core.environment:checking '/home/ubumtu/robot_ws/install/test_interface/lib/python3.8/site-packages'
[6.095s] Level 1:colcon.colcon_core.shell:create_environment_hook('test_interface', 'pythonpath')
[6.098s] INFO:colcon.colcon_core.shell:Creating environment hook '/home/ubumtu/robot_ws/install/test_interface/share/test_interface/hook/pythonpath.ps1'
[6.099s] INFO:colcon.colcon_core.shell:Creating environment descriptor '/home/ubumtu/robot_ws/install/test_interface/share/test_interface/hook/pythonpath.dsv'
[6.100s] INFO:colcon.colcon_core.shell:Creating environment hook '/home/ubumtu/robot_ws/install/test_interface/share/test_interface/hook/pythonpath.sh'
[6.101s] Level 1:colcon.colcon_core.environment:checking '/home/ubumtu/robot_ws/install/test_interface/bin'
[6.105s] INFO:colcon.colcon_core.shell:Creating package script '/home/ubumtu/robot_ws/install/test_interface/share/test_interface/package.ps1'
[6.106s] INFO:colcon.colcon_core.shell:Creating package descriptor '/home/ubumtu/robot_ws/install/test_interface/share/test_interface/package.dsv'
[6.107s] INFO:colcon.colcon_core.shell:Creating package script '/home/ubumtu/robot_ws/install/test_interface/share/test_interface/package.sh'
[6.108s] INFO:colcon.colcon_core.shell:Creating package script '/home/ubumtu/robot_ws/install/test_interface/share/test_interface/package.bash'
[6.108s] INFO:colcon.colcon_core.shell:Creating package script '/home/ubumtu/robot_ws/install/test_interface/share/test_interface/package.zsh'
[6.109s] Level 1:colcon.colcon_core.environment:create_file_with_runtime_dependencies(/home/ubumtu/robot_ws/install/test_interface/share/colcon-core/packages/test_interface)
[6.111s] INFO:colcon.colcon_ros.task.ament_python.build:Building ROS package in '/home/ubumtu/robot_ws/src/test_para' with build type 'ament_python'
[6.111s] Level 1:colcon.colcon_core.shell:create_environment_hook('test_para', 'ament_prefix_path')
[6.118s] INFO:colcon.colcon_core.shell:Creating environment hook '/home/ubumtu/robot_ws/install/test_para/share/test_para/hook/ament_prefix_path.ps1'
[6.119s] INFO:colcon.colcon_core.shell:Creating environment descriptor '/home/ubumtu/robot_ws/install/test_para/share/test_para/hook/ament_prefix_path.dsv'
[6.119s] INFO:colcon.colcon_core.shell:Creating environment hook '/home/ubumtu/robot_ws/install/test_para/share/test_para/hook/ament_prefix_path.sh'
[6.124s] INFO:colcon.colcon_core.shell:Skip shell extension 'powershell' for command environment: Not usable outside of PowerShell
[6.124s] DEBUG:colcon.colcon_core.shell:Skip shell extension 'dsv' for command environment
[6.140s] DEBUG:colcon.colcon_core.event_handler.log_command:Invoking command in '/home/ubumtu/robot_ws/build/test_num': PYTHONPATH=/home/ubumtu/robot_ws/build/test_num/prefix_override:/home/ubumtu/robot_ws/install/test_num/lib/python3.8/site-packages:${PYTHONPATH} /usr/bin/python3 setup.py develop --editable --build-directory /home/ubumtu/robot_ws/build/test_num/build --no-deps install_data
[6.459s] INFO:colcon.colcon_core.task.python.build:Building Python package in '/home/ubumtu/robot_ws/src/test_para'
[6.463s] INFO:colcon.colcon_core.shell:Skip shell extension 'powershell' for command environment: Not usable outside of PowerShell
[6.463s] DEBUG:colcon.colcon_core.shell:Skip shell extension 'dsv' for command environment
[6.851s] Level 1:colcon.colcon_core.shell:create_environment_hook('test_num', 'pythonpath_develop')
[6.855s] INFO:colcon.colcon_core.shell:Creating environment hook '/home/ubumtu/robot_ws/build/test_num/share/test_num/hook/pythonpath_develop.ps1'
[6.857s] DEBUG:colcon.colcon_core.event_handler.log_command:Invoked command in '/home/ubumtu/robot_ws/build/test_num' returned '0': PYTHONPATH=/home/ubumtu/robot_ws/build/test_num/prefix_override:/home/ubumtu/robot_ws/install/test_num/lib/python3.8/site-packages:${PYTHONPATH} /usr/bin/python3 setup.py develop --editable --build-directory /home/ubumtu/robot_ws/build/test_num/build --no-deps install_data
[6.860s] INFO:colcon.colcon_core.shell:Creating environment descriptor '/home/ubumtu/robot_ws/build/test_num/share/test_num/hook/pythonpath_develop.dsv'
[6.861s] INFO:colcon.colcon_core.shell:Creating environment hook '/home/ubumtu/robot_ws/build/test_num/share/test_num/hook/pythonpath_develop.sh'
[6.868s] Level 1:colcon.colcon_core.environment:checking '/home/ubumtu/robot_ws/install/test_num' for CMake module files
[6.869s] Level 1:colcon.colcon_core.environment:checking '/home/ubumtu/robot_ws/install/test_num' for CMake config files
[6.869s] Level 1:colcon.colcon_core.environment:checking '/home/ubumtu/robot_ws/install/test_num/lib'
[6.869s] Level 1:colcon.colcon_core.environment:checking '/home/ubumtu/robot_ws/install/test_num/bin'
[6.870s] Level 1:colcon.colcon_core.environment:checking '/home/ubumtu/robot_ws/install/test_num/lib/pkgconfig/test_num.pc'
[6.870s] Level 1:colcon.colcon_core.environment:checking '/home/ubumtu/robot_ws/install/test_num/lib/python3.8/site-packages'
[6.870s] Level 1:colcon.colcon_core.shell:create_environment_hook('test_num', 'pythonpath')
[6.874s] INFO:colcon.colcon_core.shell:Creating environment hook '/home/ubumtu/robot_ws/install/test_num/share/test_num/hook/pythonpath.ps1'
[6.875s] INFO:colcon.colcon_core.shell:Creating environment descriptor '/home/ubumtu/robot_ws/install/test_num/share/test_num/hook/pythonpath.dsv'
[6.875s] INFO:colcon.colcon_core.shell:Creating environment hook '/home/ubumtu/robot_ws/install/test_num/share/test_num/hook/pythonpath.sh'
[6.876s] Level 1:colcon.colcon_core.environment:checking '/home/ubumtu/robot_ws/install/test_num/bin'
[6.876s] Level 1:colcon.colcon_core.environment:create_environment_scripts_only(test_num)
[6.887s] INFO:colcon.colcon_core.shell:Creating package script '/home/ubumtu/robot_ws/install/test_num/share/test_num/package.ps1'
[6.888s] INFO:colcon.colcon_core.shell:Creating package descriptor '/home/ubumtu/robot_ws/install/test_num/share/test_num/package.dsv'
[6.889s] INFO:colcon.colcon_core.shell:Creating package script '/home/ubumtu/robot_ws/install/test_num/share/test_num/package.sh'
[6.891s] INFO:colcon.colcon_core.shell:Creating package script '/home/ubumtu/robot_ws/install/test_num/share/test_num/package.bash'
[6.891s] INFO:colcon.colcon_core.shell:Creating package script '/home/ubumtu/robot_ws/install/test_num/share/test_num/package.zsh'
[6.892s] Level 1:colcon.colcon_core.environment:create_file_with_runtime_dependencies(/home/ubumtu/robot_ws/install/test_num/share/colcon-core/packages/test_num)
[7.013s] DEBUG:colcon.colcon_core.event_handler.log_command:Invoking command in '/home/ubumtu/robot_ws/build/test_para': PYTHONPATH=/home/ubumtu/robot_ws/build/test_para/prefix_override:/home/ubumtu/robot_ws/install/test_para/lib/python3.8/site-packages:${PYTHONPATH} /usr/bin/python3 setup.py develop --editable --build-directory /home/ubumtu/robot_ws/build/test_para/build --no-deps install_data
[7.676s] Level 1:colcon.colcon_core.shell:create_environment_hook('test_para', 'pythonpath_develop')
[7.681s] INFO:colcon.colcon_core.shell:Creating environment hook '/home/ubumtu/robot_ws/build/test_para/share/test_para/hook/pythonpath_develop.ps1'
[7.683s] INFO:colcon.colcon_core.shell:Creating environment descriptor '/home/ubumtu/robot_ws/build/test_para/share/test_para/hook/pythonpath_develop.dsv'
[7.684s] INFO:colcon.colcon_core.shell:Creating environment hook '/home/ubumtu/robot_ws/build/test_para/share/test_para/hook/pythonpath_develop.sh'
[7.696s] Level 1:colcon.colcon_core.environment:checking '/home/ubumtu/robot_ws/install/test_para' for CMake module files
[7.696s] DEBUG:colcon.colcon_core.event_handler.log_command:Invoked command in '/home/ubumtu/robot_ws/build/test_para' returned '0': PYTHONPATH=/home/ubumtu/robot_ws/build/test_para/prefix_override:/home/ubumtu/robot_ws/install/test_para/lib/python3.8/site-packages:${PYTHONPATH} /usr/bin/python3 setup.py develop --editable --build-directory /home/ubumtu/robot_ws/build/test_para/build --no-deps install_data
[7.697s] Level 1:colcon.colcon_core.environment:checking '/home/ubumtu/robot_ws/install/test_para' for CMake config files
[7.697s] Level 1:colcon.colcon_core.environment:checking '/home/ubumtu/robot_ws/install/test_para/lib'
[7.698s] Level 1:colcon.colcon_core.environment:checking '/home/ubumtu/robot_ws/install/test_para/bin'
[7.698s] Level 1:colcon.colcon_core.environment:checking '/home/ubumtu/robot_ws/install/test_para/lib/pkgconfig/test_para.pc'
[7.698s] Level 1:colcon.colcon_core.environment:checking '/home/ubumtu/robot_ws/install/test_para/lib/python3.8/site-packages'
[7.698s] Level 1:colcon.colcon_core.shell:create_environment_hook('test_para', 'pythonpath')
[7.702s] INFO:colcon.colcon_core.shell:Creating environment hook '/home/ubumtu/robot_ws/install/test_para/share/test_para/hook/pythonpath.ps1'
[7.703s] INFO:colcon.colcon_core.shell:Creating environment descriptor '/home/ubumtu/robot_ws/install/test_para/share/test_para/hook/pythonpath.dsv'
[7.703s] INFO:colcon.colcon_core.shell:Creating environment hook '/home/ubumtu/robot_ws/install/test_para/share/test_para/hook/pythonpath.sh'
[7.705s] Level 1:colcon.colcon_core.environment:checking '/home/ubumtu/robot_ws/install/test_para/bin'
[7.705s] Level 1:colcon.colcon_core.environment:create_environment_scripts_only(test_para)
[7.709s] INFO:colcon.colcon_core.shell:Creating package script '/home/ubumtu/robot_ws/install/test_para/share/test_para/package.ps1'
[7.710s] INFO:colcon.colcon_core.shell:Creating package descriptor '/home/ubumtu/robot_ws/install/test_para/share/test_para/package.dsv'
[7.711s] INFO:colcon.colcon_core.shell:Creating package script '/home/ubumtu/robot_ws/install/test_para/share/test_para/package.sh'
[7.712s] INFO:colcon.colcon_core.shell:Creating package script '/home/ubumtu/robot_ws/install/test_para/share/test_para/package.bash'
[7.712s] INFO:colcon.colcon_core.shell:Creating package script '/home/ubumtu/robot_ws/install/test_para/share/test_para/package.zsh'
[7.713s] Level 1:colcon.colcon_core.environment:create_file_with_runtime_dependencies(/home/ubumtu/robot_ws/install/test_para/share/colcon-core/packages/test_para)
[7.714s] DEBUG:colcon.colcon_parallel_executor.executor.parallel:closing loop
[7.714s] DEBUG:colcon.colcon_parallel_executor.executor.parallel:loop closed
[7.715s] DEBUG:colcon.colcon_parallel_executor.executor.parallel:run_until_complete finished with '0'
[7.715s] DEBUG:colcon.colcon_core.event_reactor:joining thread
[7.726s] INFO:colcon.colcon_core.plugin_system:Skipping extension 'colcon_notification.desktop_notification.terminal_notifier': Not used on non-Darwin systems
[7.726s] INFO:colcon.colcon_core.plugin_system:Skipping extension 'colcon_notification.desktop_notification.win32': Not used on non-Windows systems
[7.726s] INFO:colcon.colcon_notification.desktop_notification:Sending desktop notification using 'notify2'
[7.750s] DEBUG:colcon.colcon_core.event_reactor:joined thread
[7.755s] INFO:colcon.colcon_core.shell:Creating prefix script '/home/ubumtu/robot_ws/install/local_setup.ps1'
[7.756s] INFO:colcon.colcon_core.shell:Creating prefix util module '/home/ubumtu/robot_ws/install/_local_setup_util_ps1.py'
[7.759s] INFO:colcon.colcon_core.shell:Creating prefix chain script '/home/ubumtu/robot_ws/install/setup.ps1'
[7.761s] INFO:colcon.colcon_core.shell:Creating prefix script '/home/ubumtu/robot_ws/install/local_setup.sh'
[7.762s] INFO:colcon.colcon_core.shell:Creating prefix util module '/home/ubumtu/robot_ws/install/_local_setup_util_sh.py'
[7.763s] INFO:colcon.colcon_core.shell:Creating prefix chain script '/home/ubumtu/robot_ws/install/setup.sh'
[7.765s] INFO:colcon.colcon_core.shell:Creating prefix script '/home/ubumtu/robot_ws/install/local_setup.bash'
[7.766s] INFO:colcon.colcon_core.shell:Creating prefix chain script '/home/ubumtu/robot_ws/install/setup.bash'
[7.769s] INFO:colcon.colcon_core.shell:Creating prefix script '/home/ubumtu/robot_ws/install/local_setup.zsh'
[7.770s] INFO:colcon.colcon_core.shell:Creating prefix chain script '/home/ubumtu/robot_ws/install/setup.zsh'
