[1.250s] Invoking command in '/home/ubumtu/robot_ws/build/m_pubsub': PYTHONPATH=/home/ubumtu/robot_ws/build/m_pubsub/prefix_override:/home/ubumtu/robot_ws/install/m_pubsub/lib/python3.8/site-packages:${PYTHONPATH} /usr/bin/python3 setup.py develop --editable --build-directory /home/ubumtu/robot_ws/build/m_pubsub/build --no-deps install_data
[1.549s] running develop
[1.723s] running egg_info
[1.723s] writing m_pubsub.egg-info/PKG-INFO
[1.724s] writing dependency_links to m_pubsub.egg-info/dependency_links.txt
[1.725s] writing entry points to m_pubsub.egg-info/entry_points.txt
[1.725s] writing requirements to m_pubsub.egg-info/requires.txt
[1.726s] writing top-level names to m_pubsub.egg-info/top_level.txt
[1.765s] reading manifest file 'm_pubsub.egg-info/SOURCES.txt'
[1.766s] writing manifest file 'm_pubsub.egg-info/SOURCES.txt'
[1.810s] running build_ext
[1.810s] Creating /home/ubumtu/robot_ws/install/m_pubsub/lib/python3.8/site-packages/m-pubsub.egg-link (link to .)
[1.812s] Installing mp script to /home/ubumtu/robot_ws/install/m_pubsub/lib/m_pubsub
[1.812s] Installing ms script to /home/ubumtu/robot_ws/install/m_pubsub/lib/m_pubsub
[1.813s] Installing mst script to /home/ubumtu/robot_ws/install/m_pubsub/lib/m_pubsub
[1.813s] Installing mts script to /home/ubumtu/robot_ws/install/m_pubsub/lib/m_pubsub
[1.813s] 
[1.814s] Installed /home/ubumtu/robot_ws/build/m_pubsub
[1.814s] running install_data
[1.843s] Invoked command in '/home/ubumtu/robot_ws/build/m_pubsub' returned '0': PYTHONPATH=/home/ubumtu/robot_ws/build/m_pubsub/prefix_override:/home/ubumtu/robot_ws/install/m_pubsub/lib/python3.8/site-packages:${PYTHONPATH} /usr/bin/python3 setup.py develop --editable --build-directory /home/ubumtu/robot_ws/build/m_pubsub/build --no-deps install_data
