[1.255s] Invoking command in '/home/ubumtu/robot_ws/build/m_pubsub': PYTHONPATH=/home/ubumtu/robot_ws/build/m_pubsub/prefix_override:/home/ubumtu/robot_ws/install/m_pubsub/lib/python3.8/site-packages:${PYTHONPATH} /usr/bin/python3 setup.py develop --editable --build-directory /home/ubumtu/robot_ws/build/m_pubsub/build --no-deps install_data
[1.589s] running develop
[1.778s] running egg_info
[1.779s] writing m_pubsub.egg-info/PKG-INFO
[1.779s] writing dependency_links to m_pubsub.egg-info/dependency_links.txt
[1.780s] writing entry points to m_pubsub.egg-info/entry_points.txt
[1.780s] writing requirements to m_pubsub.egg-info/requires.txt
[1.780s] writing top-level names to m_pubsub.egg-info/top_level.txt
[1.820s] reading manifest file 'm_pubsub.egg-info/SOURCES.txt'
[1.821s] writing manifest file 'm_pubsub.egg-info/SOURCES.txt'
[1.867s] running build_ext
[1.867s] Creating /home/ubumtu/robot_ws/install/m_pubsub/lib/python3.8/site-packages/m-pubsub.egg-link (link to .)
[1.869s] Installing mp script to /home/ubumtu/robot_ws/install/m_pubsub/lib/m_pubsub
[1.869s] Installing ms script to /home/ubumtu/robot_ws/install/m_pubsub/lib/m_pubsub
[1.870s] Installing mst script to /home/ubumtu/robot_ws/install/m_pubsub/lib/m_pubsub
[1.870s] Installing mts script to /home/ubumtu/robot_ws/install/m_pubsub/lib/m_pubsub
[1.870s] 
[1.870s] Installed /home/ubumtu/robot_ws/build/m_pubsub
[1.870s] running install_data
[1.901s] Invoked command in '/home/ubumtu/robot_ws/build/m_pubsub' returned '0': PYTHONPATH=/home/ubumtu/robot_ws/build/m_pubsub/prefix_override:/home/ubumtu/robot_ws/install/m_pubsub/lib/python3.8/site-packages:${PYTHONPATH} /usr/bin/python3 setup.py develop --editable --build-directory /home/ubumtu/robot_ws/build/m_pubsub/build --no-deps install_data
