[1.215s] Invoking command in '/home/ubumtu/robot_ws/build/m_pubsub': PYTHONPATH=/home/ubumtu/robot_ws/build/m_pubsub/prefix_override:/home/ubumtu/robot_ws/install/m_pubsub/lib/python3.8/site-packages:${PYTHONPATH} /usr/bin/python3 setup.py develop --editable --build-directory /home/ubumtu/robot_ws/build/m_pubsub/build --no-deps install_data
[1.788s] running develop
[2.181s] running egg_info
[2.182s] writing m_pubsub.egg-info/PKG-INFO
[2.182s] writing dependency_links to m_pubsub.egg-info/dependency_links.txt
[2.189s] writing entry points to m_pubsub.egg-info/entry_points.txt
[2.190s] writing requirements to m_pubsub.egg-info/requires.txt
[2.190s] writing top-level names to m_pubsub.egg-info/top_level.txt
[2.297s] reading manifest file 'm_pubsub.egg-info/SOURCES.txt'
[2.303s] writing manifest file 'm_pubsub.egg-info/SOURCES.txt'
[2.387s] running build_ext
[2.389s] Creating /home/ubumtu/robot_ws/install/m_pubsub/lib/python3.8/site-packages/m-pubsub.egg-link (link to .)
[2.389s] Installing mp script to /home/ubumtu/robot_ws/install/m_pubsub/lib/m_pubsub
[2.389s] Installing ms script to /home/ubumtu/robot_ws/install/m_pubsub/lib/m_pubsub
[2.389s] Installing mst script to /home/ubumtu/robot_ws/install/m_pubsub/lib/m_pubsub
[2.389s] Installing mts script to /home/ubumtu/robot_ws/install/m_pubsub/lib/m_pubsub
[2.390s] 
[2.390s] Installed /home/ubumtu/robot_ws/build/m_pubsub
[2.390s] running install_data
[2.438s] Invoked command in '/home/ubumtu/robot_ws/build/m_pubsub' returned '0': PYTHONPATH=/home/ubumtu/robot_ws/build/m_pubsub/prefix_override:/home/ubumtu/robot_ws/install/m_pubsub/lib/python3.8/site-packages:${PYTHONPATH} /usr/bin/python3 setup.py develop --editable --build-directory /home/ubumtu/robot_ws/build/m_pubsub/build --no-deps install_data
