[0.225s] DEBUG:colcon:Command line arguments: ['/usr/bin/colcon', 'build', '--symlink-install']
[0.225s] DEBUG:colcon:Parsed command line arguments: Namespace(allow_overriding=[], ament_cmake_args=None, base_paths=['.'], build_base='build', catkin_cmake_args=None, catkin_skip_building_tests=False, cmake_args=None, cmake_clean_cache=False, cmake_clean_first=False, cmake_force_configure=False, cmake_target=None, cmake_target_skip_unavailable=False, continue_on_error=False, event_handlers=None, executor='parallel', ignore_user_meta=False, install_base='install', log_base=None, log_level=None, main=<bound method BuildVerb.main of <colcon_core.verb.build.BuildVerb object at 0x7f527d92a520>>, merge_install=False, metas=['./colcon.meta'], packages_above=None, packages_above_and_dependencies=None, packages_above_depth=None, packages_end=None, packages_ignore=None, packages_ignore_regex=None, packages_select=None, packages_select_build_failed=False, packages_select_by_dep=None, packages_select_regex=None, packages_select_test_failures=False, packages_skip=None, packages_skip_build_finished=False, packages_skip_by_dep=None, packages_skip_regex=None, packages_skip_test_passed=False, packages_skip_up_to=None, packages_start=None, packages_up_to=None, packages_up_to_regex=None, parallel_workers=2, paths=None, symlink_install=True, test_result_base=None, verb_extension=<colcon_core.verb.build.BuildVerb object at 0x7f527d92a520>, verb_name='build', verb_parser=<colcon_defaults.argument_parser.defaults.DefaultArgumentsDecorator object at 0x7f527d92aa60>)
[0.258s] Level 1:colcon.colcon_core.package_discovery:discover_packages(colcon_meta) check parameters
[0.258s] Level 1:colcon.colcon_core.package_discovery:discover_packages(recursive) check parameters
[0.258s] Level 1:colcon.colcon_core.package_discovery:discover_packages(ignore) check parameters
[0.258s] Level 1:colcon.colcon_core.package_discovery:discover_packages(path) check parameters
[0.258s] Level 1:colcon.colcon_core.package_discovery:discover_packages(colcon_meta) discover
[0.259s] Level 1:colcon.colcon_core.package_discovery:discover_packages(recursive) discover
[0.259s] INFO:colcon.colcon_core.package_discovery:Crawling recursively for packages in '/home/ubumtu/robot_ws'
[0.259s] Level 1:colcon.colcon_core.package_identification:_identify(.) by extensions ['ignore', 'ignore_ament_install']
[0.259s] Level 1:colcon.colcon_core.package_identification:_identify(.) by extension 'ignore'
[0.259s] Level 1:colcon.colcon_core.package_identification:_identify(.) by extension 'ignore_ament_install'
[0.259s] Level 1:colcon.colcon_core.package_identification:_identify(.) by extensions ['colcon_pkg']
[0.259s] Level 1:colcon.colcon_core.package_identification:_identify(.) by extension 'colcon_pkg'
[0.259s] Level 1:colcon.colcon_core.package_identification:_identify(.) by extensions ['colcon_meta']
[0.259s] Level 1:colcon.colcon_core.package_identification:_identify(.) by extension 'colcon_meta'
[0.260s] Level 1:colcon.colcon_core.package_identification:_identify(.) by extensions ['ros']
[0.260s] Level 1:colcon.colcon_core.package_identification:_identify(.) by extension 'ros'
[0.281s] Level 1:colcon.colcon_core.package_identification:_identify(.) by extensions ['cmake', 'python']
[0.281s] Level 1:colcon.colcon_core.package_identification:_identify(.) by extension 'cmake'
[0.281s] Level 1:colcon.colcon_core.package_identification:_identify(.) by extension 'python'
[0.281s] Level 1:colcon.colcon_core.package_identification:_identify(.) by extensions ['python_setup_py']
[0.281s] Level 1:colcon.colcon_core.package_identification:_identify(.) by extension 'python_setup_py'
[0.282s] Level 1:colcon.colcon_core.package_identification:_identify(build) by extensions ['ignore', 'ignore_ament_install']
[0.282s] Level 1:colcon.colcon_core.package_identification:_identify(build) by extension 'ignore'
[0.282s] Level 1:colcon.colcon_core.package_identification:_identify(build) ignored
[0.282s] Level 1:colcon.colcon_core.package_identification:_identify(install) by extensions ['ignore', 'ignore_ament_install']
[0.282s] Level 1:colcon.colcon_core.package_identification:_identify(install) by extension 'ignore'
[0.282s] Level 1:colcon.colcon_core.package_identification:_identify(install) ignored
[0.282s] Level 1:colcon.colcon_core.package_identification:_identify(log) by extensions ['ignore', 'ignore_ament_install']
[0.283s] Level 1:colcon.colcon_core.package_identification:_identify(log) by extension 'ignore'
[0.283s] Level 1:colcon.colcon_core.package_identification:_identify(log) ignored
[0.283s] Level 1:colcon.colcon_core.package_identification:_identify(opencv_test) by extensions ['ignore', 'ignore_ament_install']
[0.283s] Level 1:colcon.colcon_core.package_identification:_identify(opencv_test) by extension 'ignore'
[0.283s] Level 1:colcon.colcon_core.package_identification:_identify(opencv_test) by extension 'ignore_ament_install'
[0.283s] Level 1:colcon.colcon_core.package_identification:_identify(opencv_test) by extensions ['colcon_pkg']
[0.283s] Level 1:colcon.colcon_core.package_identification:_identify(opencv_test) by extension 'colcon_pkg'
[0.283s] Level 1:colcon.colcon_core.package_identification:_identify(opencv_test) by extensions ['colcon_meta']
[0.284s] Level 1:colcon.colcon_core.package_identification:_identify(opencv_test) by extension 'colcon_meta'
[0.284s] Level 1:colcon.colcon_core.package_identification:_identify(opencv_test) by extensions ['ros']
[0.284s] Level 1:colcon.colcon_core.package_identification:_identify(opencv_test) by extension 'ros'
[0.284s] Level 1:colcon.colcon_core.package_identification:_identify(opencv_test) by extensions ['cmake', 'python']
[0.284s] Level 1:colcon.colcon_core.package_identification:_identify(opencv_test) by extension 'cmake'
[0.284s] Level 1:colcon.colcon_core.package_identification:_identify(opencv_test) by extension 'python'
[0.284s] Level 1:colcon.colcon_core.package_identification:_identify(opencv_test) by extensions ['python_setup_py']
[0.284s] Level 1:colcon.colcon_core.package_identification:_identify(opencv_test) by extension 'python_setup_py'
[0.284s] Level 1:colcon.colcon_core.package_identification:_identify(src) by extensions ['ignore', 'ignore_ament_install']
[0.285s] Level 1:colcon.colcon_core.package_identification:_identify(src) by extension 'ignore'
[0.285s] Level 1:colcon.colcon_core.package_identification:_identify(src) by extension 'ignore_ament_install'
[0.285s] Level 1:colcon.colcon_core.package_identification:_identify(src) by extensions ['colcon_pkg']
[0.285s] Level 1:colcon.colcon_core.package_identification:_identify(src) by extension 'colcon_pkg'
[0.285s] Level 1:colcon.colcon_core.package_identification:_identify(src) by extensions ['colcon_meta']
[0.285s] Level 1:colcon.colcon_core.package_identification:_identify(src) by extension 'colcon_meta'
[0.285s] Level 1:colcon.colcon_core.package_identification:_identify(src) by extensions ['ros']
[0.285s] Level 1:colcon.colcon_core.package_identification:_identify(src) by extension 'ros'
[0.285s] Level 1:colcon.colcon_core.package_identification:_identify(src) by extensions ['cmake', 'python']
[0.285s] Level 1:colcon.colcon_core.package_identification:_identify(src) by extension 'cmake'
[0.286s] Level 1:colcon.colcon_core.package_identification:_identify(src) by extension 'python'
[0.286s] Level 1:colcon.colcon_core.package_identification:_identify(src) by extensions ['python_setup_py']
[0.286s] Level 1:colcon.colcon_core.package_identification:_identify(src) by extension 'python_setup_py'
[0.286s] Level 1:colcon.colcon_core.package_identification:_identify(src/m_pubsub) by extensions ['ignore', 'ignore_ament_install']
[0.286s] Level 1:colcon.colcon_core.package_identification:_identify(src/m_pubsub) by extension 'ignore'
[0.286s] Level 1:colcon.colcon_core.package_identification:_identify(src/m_pubsub) by extension 'ignore_ament_install'
[0.286s] Level 1:colcon.colcon_core.package_identification:_identify(src/m_pubsub) by extensions ['colcon_pkg']
[0.286s] Level 1:colcon.colcon_core.package_identification:_identify(src/m_pubsub) by extension 'colcon_pkg'
[0.287s] Level 1:colcon.colcon_core.package_identification:_identify(src/m_pubsub) by extensions ['colcon_meta']
[0.287s] Level 1:colcon.colcon_core.package_identification:_identify(src/m_pubsub) by extension 'colcon_meta'
[0.287s] Level 1:colcon.colcon_core.package_identification:_identify(src/m_pubsub) by extensions ['ros']
[0.287s] Level 1:colcon.colcon_core.package_identification:_identify(src/m_pubsub) by extension 'ros'
[0.290s] DEBUG:colcon.colcon_core.package_identification:Package 'src/m_pubsub' with type 'ros.ament_python' and name 'm_pubsub'
[0.290s] Level 1:colcon.colcon_core.package_identification:_identify(src/move_turtle_pkg) by extensions ['ignore', 'ignore_ament_install']
[0.290s] Level 1:colcon.colcon_core.package_identification:_identify(src/move_turtle_pkg) by extension 'ignore'
[0.290s] Level 1:colcon.colcon_core.package_identification:_identify(src/move_turtle_pkg) by extension 'ignore_ament_install'
[0.290s] Level 1:colcon.colcon_core.package_identification:_identify(src/move_turtle_pkg) by extensions ['colcon_pkg']
[0.290s] Level 1:colcon.colcon_core.package_identification:_identify(src/move_turtle_pkg) by extension 'colcon_pkg'
[0.290s] Level 1:colcon.colcon_core.package_identification:_identify(src/move_turtle_pkg) by extensions ['colcon_meta']
[0.291s] Level 1:colcon.colcon_core.package_identification:_identify(src/move_turtle_pkg) by extension 'colcon_meta'
[0.291s] Level 1:colcon.colcon_core.package_identification:_identify(src/move_turtle_pkg) by extensions ['ros']
[0.291s] Level 1:colcon.colcon_core.package_identification:_identify(src/move_turtle_pkg) by extension 'ros'
[0.291s] DEBUG:colcon.colcon_core.package_identification:Package 'src/move_turtle_pkg' with type 'ros.ament_python' and name 'move_turtle_pkg'
[0.291s] Level 1:colcon.colcon_core.package_identification:_identify(src/mt_pubsub) by extensions ['ignore', 'ignore_ament_install']
[0.292s] Level 1:colcon.colcon_core.package_identification:_identify(src/mt_pubsub) by extension 'ignore'
[0.292s] Level 1:colcon.colcon_core.package_identification:_identify(src/mt_pubsub) by extension 'ignore_ament_install'
[0.292s] Level 1:colcon.colcon_core.package_identification:_identify(src/mt_pubsub) by extensions ['colcon_pkg']
[0.292s] Level 1:colcon.colcon_core.package_identification:_identify(src/mt_pubsub) by extension 'colcon_pkg'
[0.292s] Level 1:colcon.colcon_core.package_identification:_identify(src/mt_pubsub) by extensions ['colcon_meta']
[0.292s] Level 1:colcon.colcon_core.package_identification:_identify(src/mt_pubsub) by extension 'colcon_meta'
[0.292s] Level 1:colcon.colcon_core.package_identification:_identify(src/mt_pubsub) by extensions ['ros']
[0.292s] Level 1:colcon.colcon_core.package_identification:_identify(src/mt_pubsub) by extension 'ros'
[0.293s] DEBUG:colcon.colcon_core.package_identification:Package 'src/mt_pubsub' with type 'ros.ament_python' and name 'mt_pubsub'
[0.293s] Level 1:colcon.colcon_core.package_identification:_identify(src/test_interface) by extensions ['ignore', 'ignore_ament_install']
[0.293s] Level 1:colcon.colcon_core.package_identification:_identify(src/test_interface) by extension 'ignore'
[0.293s] Level 1:colcon.colcon_core.package_identification:_identify(src/test_interface) by extension 'ignore_ament_install'
[0.293s] Level 1:colcon.colcon_core.package_identification:_identify(src/test_interface) by extensions ['colcon_pkg']
[0.294s] Level 1:colcon.colcon_core.package_identification:_identify(src/test_interface) by extension 'colcon_pkg'
[0.294s] Level 1:colcon.colcon_core.package_identification:_identify(src/test_interface) by extensions ['colcon_meta']
[0.294s] Level 1:colcon.colcon_core.package_identification:_identify(src/test_interface) by extension 'colcon_meta'
[0.294s] Level 1:colcon.colcon_core.package_identification:_identify(src/test_interface) by extensions ['ros']
[0.294s] Level 1:colcon.colcon_core.package_identification:_identify(src/test_interface) by extension 'ros'
[0.295s] DEBUG:colcon.colcon_core.package_identification:Found ROS schema reference in package manifest in 'src/test_interface'
[0.295s] WARNING:colcon.colcon_core.package_identification:Failed to parse ROS package manifest in 'src/test_interface': Error(s) in package 'src/test_interface/package.xml':
Error(s):
- The manifest of package "test_interface" (with format version 3) must not contain the following tags: exrc_depend
[0.295s] Level 1:colcon.colcon_core.package_identification:_identify(src/test_interface) by extensions ['cmake', 'python']
[0.295s] Level 1:colcon.colcon_core.package_identification:_identify(src/test_interface) by extension 'cmake'
[0.297s] Level 1:colcon.colcon_core.package_identification:_identify(src/test_interface) by extension 'python'
[0.297s] DEBUG:colcon.colcon_core.package_identification:Package 'src/test_interface' with type 'cmake' and name 'test_interface'
[0.297s] Level 1:colcon.colcon_core.package_discovery:discover_packages(recursive) using defaults
[0.297s] Level 1:colcon.colcon_core.package_discovery:discover_packages(ignore) discover
[0.297s] Level 1:colcon.colcon_core.package_discovery:discover_packages(ignore) using defaults
[0.297s] Level 1:colcon.colcon_core.package_discovery:discover_packages(path) discover
[0.298s] Level 1:colcon.colcon_core.package_discovery:discover_packages(path) using defaults
[0.329s] Level 1:colcon.colcon_core.package_discovery:discover_packages(prefix_path) check parameters
[0.329s] Level 1:colcon.colcon_core.package_discovery:discover_packages(prefix_path) discover
[0.333s] DEBUG:colcon.colcon_installed_package_information.package_discovery:Found 3 installed packages in /home/ubumtu/robot_ws/install
[0.336s] DEBUG:colcon.colcon_installed_package_information.package_discovery:Found 258 installed packages in /opt/ros/foxy
[0.338s] Level 1:colcon.colcon_core.package_discovery:discover_packages(prefix_path) using defaults
[0.429s] Level 5:colcon.colcon_core.verb:set package 'm_pubsub' build argument 'cmake_args' from command line to 'None'
[0.429s] Level 5:colcon.colcon_core.verb:set package 'm_pubsub' build argument 'cmake_target' from command line to 'None'
[0.429s] Level 5:colcon.colcon_core.verb:set package 'm_pubsub' build argument 'cmake_target_skip_unavailable' from command line to 'False'
[0.429s] Level 5:colcon.colcon_core.verb:set package 'm_pubsub' build argument 'cmake_clean_cache' from command line to 'False'
[0.429s] Level 5:colcon.colcon_core.verb:set package 'm_pubsub' build argument 'cmake_clean_first' from command line to 'False'
[0.429s] Level 5:colcon.colcon_core.verb:set package 'm_pubsub' build argument 'cmake_force_configure' from command line to 'False'
[0.429s] Level 5:colcon.colcon_core.verb:set package 'm_pubsub' build argument 'ament_cmake_args' from command line to 'None'
[0.429s] Level 5:colcon.colcon_core.verb:set package 'm_pubsub' build argument 'catkin_cmake_args' from command line to 'None'
[0.429s] Level 5:colcon.colcon_core.verb:set package 'm_pubsub' build argument 'catkin_skip_building_tests' from command line to 'False'
[0.429s] DEBUG:colcon.colcon_core.verb:Building package 'm_pubsub' with the following arguments: {'ament_cmake_args': None, 'build_base': '/home/ubumtu/robot_ws/build/m_pubsub', 'catkin_cmake_args': None, 'catkin_skip_building_tests': False, 'cmake_args': None, 'cmake_clean_cache': False, 'cmake_clean_first': False, 'cmake_force_configure': False, 'cmake_target': None, 'cmake_target_skip_unavailable': False, 'install_base': '/home/ubumtu/robot_ws/install/m_pubsub', 'merge_install': False, 'path': '/home/ubumtu/robot_ws/src/m_pubsub', 'symlink_install': True, 'test_result_base': None}
[0.432s] Level 5:colcon.colcon_core.verb:set package 'move_turtle_pkg' build argument 'cmake_args' from command line to 'None'
[0.432s] Level 5:colcon.colcon_core.verb:set package 'move_turtle_pkg' build argument 'cmake_target' from command line to 'None'
[0.432s] Level 5:colcon.colcon_core.verb:set package 'move_turtle_pkg' build argument 'cmake_target_skip_unavailable' from command line to 'False'
[0.432s] Level 5:colcon.colcon_core.verb:set package 'move_turtle_pkg' build argument 'cmake_clean_cache' from command line to 'False'
[0.432s] Level 5:colcon.colcon_core.verb:set package 'move_turtle_pkg' build argument 'cmake_clean_first' from command line to 'False'
[0.432s] Level 5:colcon.colcon_core.verb:set package 'move_turtle_pkg' build argument 'cmake_force_configure' from command line to 'False'
[0.432s] Level 5:colcon.colcon_core.verb:set package 'move_turtle_pkg' build argument 'ament_cmake_args' from command line to 'None'
[0.432s] Level 5:colcon.colcon_core.verb:set package 'move_turtle_pkg' build argument 'catkin_cmake_args' from command line to 'None'
[0.432s] Level 5:colcon.colcon_core.verb:set package 'move_turtle_pkg' build argument 'catkin_skip_building_tests' from command line to 'False'
[0.432s] DEBUG:colcon.colcon_core.verb:Building package 'move_turtle_pkg' with the following arguments: {'ament_cmake_args': None, 'build_base': '/home/ubumtu/robot_ws/build/move_turtle_pkg', 'catkin_cmake_args': None, 'catkin_skip_building_tests': False, 'cmake_args': None, 'cmake_clean_cache': False, 'cmake_clean_first': False, 'cmake_force_configure': False, 'cmake_target': None, 'cmake_target_skip_unavailable': False, 'install_base': '/home/ubumtu/robot_ws/install/move_turtle_pkg', 'merge_install': False, 'path': '/home/ubumtu/robot_ws/src/move_turtle_pkg', 'symlink_install': True, 'test_result_base': None}
[0.434s] Level 5:colcon.colcon_core.verb:set package 'mt_pubsub' build argument 'cmake_args' from command line to 'None'
[0.434s] Level 5:colcon.colcon_core.verb:set package 'mt_pubsub' build argument 'cmake_target' from command line to 'None'
[0.434s] Level 5:colcon.colcon_core.verb:set package 'mt_pubsub' build argument 'cmake_target_skip_unavailable' from command line to 'False'
[0.434s] Level 5:colcon.colcon_core.verb:set package 'mt_pubsub' build argument 'cmake_clean_cache' from command line to 'False'
[0.434s] Level 5:colcon.colcon_core.verb:set package 'mt_pubsub' build argument 'cmake_clean_first' from command line to 'False'
[0.434s] Level 5:colcon.colcon_core.verb:set package 'mt_pubsub' build argument 'cmake_force_configure' from command line to 'False'
[0.435s] Level 5:colcon.colcon_core.verb:set package 'mt_pubsub' build argument 'ament_cmake_args' from command line to 'None'
[0.435s] Level 5:colcon.colcon_core.verb:set package 'mt_pubsub' build argument 'catkin_cmake_args' from command line to 'None'
[0.435s] Level 5:colcon.colcon_core.verb:set package 'mt_pubsub' build argument 'catkin_skip_building_tests' from command line to 'False'
[0.435s] DEBUG:colcon.colcon_core.verb:Building package 'mt_pubsub' with the following arguments: {'ament_cmake_args': None, 'build_base': '/home/ubumtu/robot_ws/build/mt_pubsub', 'catkin_cmake_args': None, 'catkin_skip_building_tests': False, 'cmake_args': None, 'cmake_clean_cache': False, 'cmake_clean_first': False, 'cmake_force_configure': False, 'cmake_target': None, 'cmake_target_skip_unavailable': False, 'install_base': '/home/ubumtu/robot_ws/install/mt_pubsub', 'merge_install': False, 'path': '/home/ubumtu/robot_ws/src/mt_pubsub', 'symlink_install': True, 'test_result_base': None}
[0.437s] Level 5:colcon.colcon_core.verb:set package 'test_interface' build argument 'cmake_args' from command line to 'None'
[0.437s] Level 5:colcon.colcon_core.verb:set package 'test_interface' build argument 'cmake_target' from command line to 'None'
[0.437s] Level 5:colcon.colcon_core.verb:set package 'test_interface' build argument 'cmake_target_skip_unavailable' from command line to 'False'
[0.437s] Level 5:colcon.colcon_core.verb:set package 'test_interface' build argument 'cmake_clean_cache' from command line to 'False'
[0.437s] Level 5:colcon.colcon_core.verb:set package 'test_interface' build argument 'cmake_clean_first' from command line to 'False'
[0.437s] Level 5:colcon.colcon_core.verb:set package 'test_interface' build argument 'cmake_force_configure' from command line to 'False'
[0.437s] Level 5:colcon.colcon_core.verb:set package 'test_interface' build argument 'ament_cmake_args' from command line to 'None'
[0.437s] Level 5:colcon.colcon_core.verb:set package 'test_interface' build argument 'catkin_cmake_args' from command line to 'None'
[0.437s] Level 5:colcon.colcon_core.verb:set package 'test_interface' build argument 'catkin_skip_building_tests' from command line to 'False'
[0.437s] DEBUG:colcon.colcon_core.verb:Building package 'test_interface' with the following arguments: {'ament_cmake_args': None, 'build_base': '/home/ubumtu/robot_ws/build/test_interface', 'catkin_cmake_args': None, 'catkin_skip_building_tests': False, 'cmake_args': None, 'cmake_clean_cache': False, 'cmake_clean_first': False, 'cmake_force_configure': False, 'cmake_target': None, 'cmake_target_skip_unavailable': False, 'install_base': '/home/ubumtu/robot_ws/install/test_interface', 'merge_install': False, 'path': '/home/ubumtu/robot_ws/src/test_interface', 'symlink_install': True, 'test_result_base': None}
[0.439s] INFO:colcon.colcon_core.executor:Executing jobs using 'parallel' executor
[0.450s] DEBUG:colcon.colcon_parallel_executor.executor.parallel:run_until_complete
[0.450s] INFO:colcon.colcon_ros.task.ament_python.build:Building ROS package in '/home/ubumtu/robot_ws/src/m_pubsub' with build type 'ament_python'
[0.450s] Level 1:colcon.colcon_core.shell:create_environment_hook('m_pubsub', 'ament_prefix_path')
[0.458s] INFO:colcon.colcon_core.plugin_system:Skipping extension 'colcon_core.shell.bat': Not used on non-Windows systems
[0.458s] INFO:colcon.colcon_core.shell:Creating environment hook '/home/ubumtu/robot_ws/install/m_pubsub/share/m_pubsub/hook/ament_prefix_path.ps1'
[0.459s] INFO:colcon.colcon_core.shell:Creating environment descriptor '/home/ubumtu/robot_ws/install/m_pubsub/share/m_pubsub/hook/ament_prefix_path.dsv'
[0.460s] INFO:colcon.colcon_core.shell:Creating environment hook '/home/ubumtu/robot_ws/install/m_pubsub/share/m_pubsub/hook/ament_prefix_path.sh'
[0.465s] INFO:colcon.colcon_core.shell:Skip shell extension 'powershell' for command environment: Not usable outside of PowerShell
[0.465s] DEBUG:colcon.colcon_core.shell:Skip shell extension 'dsv' for command environment
[0.475s] INFO:colcon.colcon_ros.task.ament_python.build:Building ROS package in '/home/ubumtu/robot_ws/src/move_turtle_pkg' with build type 'ament_python'
[0.476s] Level 1:colcon.colcon_core.shell:create_environment_hook('move_turtle_pkg', 'ament_prefix_path')
[0.483s] INFO:colcon.colcon_core.shell:Creating environment hook '/home/ubumtu/robot_ws/install/move_turtle_pkg/share/move_turtle_pkg/hook/ament_prefix_path.ps1'
[0.484s] INFO:colcon.colcon_core.shell:Creating environment descriptor '/home/ubumtu/robot_ws/install/move_turtle_pkg/share/move_turtle_pkg/hook/ament_prefix_path.dsv'
[0.485s] INFO:colcon.colcon_core.shell:Creating environment hook '/home/ubumtu/robot_ws/install/move_turtle_pkg/share/move_turtle_pkg/hook/ament_prefix_path.sh'
[0.490s] INFO:colcon.colcon_core.shell:Skip shell extension 'powershell' for command environment: Not usable outside of PowerShell
[0.490s] DEBUG:colcon.colcon_core.shell:Skip shell extension 'dsv' for command environment
[0.780s] INFO:colcon.colcon_core.task.python.build:Building Python package in '/home/ubumtu/robot_ws/src/m_pubsub'
[0.784s] INFO:colcon.colcon_core.shell:Skip shell extension 'powershell' for command environment: Not usable outside of PowerShell
[0.784s] DEBUG:colcon.colcon_core.shell:Skip shell extension 'dsv' for command environment
[1.103s] INFO:colcon.colcon_core.task.python.build:Building Python package in '/home/ubumtu/robot_ws/src/move_turtle_pkg'
[1.108s] INFO:colcon.colcon_core.shell:Skip shell extension 'powershell' for command environment: Not usable outside of PowerShell
[1.108s] DEBUG:colcon.colcon_core.shell:Skip shell extension 'dsv' for command environment
[1.611s] DEBUG:colcon.colcon_core.event_handler.log_command:Invoking command in '/home/ubumtu/robot_ws/build/move_turtle_pkg': PYTHONPATH=/home/ubumtu/robot_ws/build/move_turtle_pkg/prefix_override:/home/ubumtu/robot_ws/install/move_turtle_pkg/lib/python3.8/site-packages:${PYTHONPATH} /usr/bin/python3 setup.py develop --editable --build-directory /home/ubumtu/robot_ws/build/move_turtle_pkg/build --no-deps install_data
[1.648s] DEBUG:colcon.colcon_core.event_handler.log_command:Invoking command in '/home/ubumtu/robot_ws/build/m_pubsub': PYTHONPATH=/home/ubumtu/robot_ws/build/m_pubsub/prefix_override:/home/ubumtu/robot_ws/install/m_pubsub/lib/python3.8/site-packages:${PYTHONPATH} /usr/bin/python3 setup.py develop --editable --build-directory /home/ubumtu/robot_ws/build/m_pubsub/build --no-deps install_data
[2.221s] Level 1:colcon.colcon_core.shell:create_environment_hook('move_turtle_pkg', 'pythonpath_develop')
[2.225s] INFO:colcon.colcon_core.shell:Creating environment hook '/home/ubumtu/robot_ws/build/move_turtle_pkg/share/move_turtle_pkg/hook/pythonpath_develop.ps1'
[2.226s] DEBUG:colcon.colcon_core.event_handler.log_command:Invoked command in '/home/ubumtu/robot_ws/build/move_turtle_pkg' returned '0': PYTHONPATH=/home/ubumtu/robot_ws/build/move_turtle_pkg/prefix_override:/home/ubumtu/robot_ws/install/move_turtle_pkg/lib/python3.8/site-packages:${PYTHONPATH} /usr/bin/python3 setup.py develop --editable --build-directory /home/ubumtu/robot_ws/build/move_turtle_pkg/build --no-deps install_data
[2.227s] INFO:colcon.colcon_core.shell:Creating environment descriptor '/home/ubumtu/robot_ws/build/move_turtle_pkg/share/move_turtle_pkg/hook/pythonpath_develop.dsv'
[2.227s] INFO:colcon.colcon_core.shell:Creating environment hook '/home/ubumtu/robot_ws/build/move_turtle_pkg/share/move_turtle_pkg/hook/pythonpath_develop.sh'
[2.240s] Level 1:colcon.colcon_core.environment:checking '/home/ubumtu/robot_ws/install/move_turtle_pkg' for CMake module files
[2.242s] Level 1:colcon.colcon_core.environment:checking '/home/ubumtu/robot_ws/install/move_turtle_pkg' for CMake config files
[2.243s] Level 1:colcon.colcon_core.environment:checking '/home/ubumtu/robot_ws/install/move_turtle_pkg/lib'
[2.244s] Level 1:colcon.colcon_core.environment:checking '/home/ubumtu/robot_ws/install/move_turtle_pkg/bin'
[2.244s] Level 1:colcon.colcon_core.environment:checking '/home/ubumtu/robot_ws/install/move_turtle_pkg/lib/pkgconfig/move_turtle_pkg.pc'
[2.244s] Level 1:colcon.colcon_core.environment:checking '/home/ubumtu/robot_ws/install/move_turtle_pkg/lib/python3.8/site-packages'
[2.244s] Level 1:colcon.colcon_core.shell:create_environment_hook('move_turtle_pkg', 'pythonpath')
[2.248s] INFO:colcon.colcon_core.shell:Creating environment hook '/home/ubumtu/robot_ws/install/move_turtle_pkg/share/move_turtle_pkg/hook/pythonpath.ps1'
[2.249s] INFO:colcon.colcon_core.shell:Creating environment descriptor '/home/ubumtu/robot_ws/install/move_turtle_pkg/share/move_turtle_pkg/hook/pythonpath.dsv'
[2.249s] INFO:colcon.colcon_core.shell:Creating environment hook '/home/ubumtu/robot_ws/install/move_turtle_pkg/share/move_turtle_pkg/hook/pythonpath.sh'
[2.250s] Level 1:colcon.colcon_core.environment:checking '/home/ubumtu/robot_ws/install/move_turtle_pkg/bin'
[2.250s] Level 1:colcon.colcon_core.environment:create_environment_scripts_only(move_turtle_pkg)
[2.254s] INFO:colcon.colcon_core.shell:Creating package script '/home/ubumtu/robot_ws/install/move_turtle_pkg/share/move_turtle_pkg/package.ps1'
[2.255s] INFO:colcon.colcon_core.shell:Creating package descriptor '/home/ubumtu/robot_ws/install/move_turtle_pkg/share/move_turtle_pkg/package.dsv'
[2.256s] INFO:colcon.colcon_core.shell:Creating package script '/home/ubumtu/robot_ws/install/move_turtle_pkg/share/move_turtle_pkg/package.sh'
[2.257s] INFO:colcon.colcon_core.shell:Creating package script '/home/ubumtu/robot_ws/install/move_turtle_pkg/share/move_turtle_pkg/package.bash'
[2.259s] INFO:colcon.colcon_core.shell:Creating package script '/home/ubumtu/robot_ws/install/move_turtle_pkg/share/move_turtle_pkg/package.zsh'
[2.260s] Level 1:colcon.colcon_core.environment:create_file_with_runtime_dependencies(/home/ubumtu/robot_ws/install/move_turtle_pkg/share/colcon-core/packages/move_turtle_pkg)
[2.267s] INFO:colcon.colcon_ros.task.ament_python.build:Building ROS package in '/home/ubumtu/robot_ws/src/mt_pubsub' with build type 'ament_python'
[2.267s] Level 1:colcon.colcon_core.shell:create_environment_hook('mt_pubsub', 'ament_prefix_path')
[2.271s] INFO:colcon.colcon_core.shell:Creating environment hook '/home/ubumtu/robot_ws/install/mt_pubsub/share/mt_pubsub/hook/ament_prefix_path.ps1'
[2.273s] INFO:colcon.colcon_core.shell:Creating environment descriptor '/home/ubumtu/robot_ws/install/mt_pubsub/share/mt_pubsub/hook/ament_prefix_path.dsv'
[2.274s] INFO:colcon.colcon_core.shell:Creating environment hook '/home/ubumtu/robot_ws/install/mt_pubsub/share/mt_pubsub/hook/ament_prefix_path.sh'
[2.278s] INFO:colcon.colcon_core.shell:Skip shell extension 'powershell' for command environment: Not usable outside of PowerShell
[2.278s] DEBUG:colcon.colcon_core.shell:Skip shell extension 'dsv' for command environment
[2.294s] Level 1:colcon.colcon_core.shell:create_environment_hook('m_pubsub', 'pythonpath_develop')
[2.299s] INFO:colcon.colcon_core.shell:Creating environment hook '/home/ubumtu/robot_ws/build/m_pubsub/share/m_pubsub/hook/pythonpath_develop.ps1'
[2.300s] DEBUG:colcon.colcon_core.event_handler.log_command:Invoked command in '/home/ubumtu/robot_ws/build/m_pubsub' returned '0': PYTHONPATH=/home/ubumtu/robot_ws/build/m_pubsub/prefix_override:/home/ubumtu/robot_ws/install/m_pubsub/lib/python3.8/site-packages:${PYTHONPATH} /usr/bin/python3 setup.py develop --editable --build-directory /home/ubumtu/robot_ws/build/m_pubsub/build --no-deps install_data
[2.301s] INFO:colcon.colcon_core.shell:Creating environment descriptor '/home/ubumtu/robot_ws/build/m_pubsub/share/m_pubsub/hook/pythonpath_develop.dsv'
[2.302s] INFO:colcon.colcon_core.shell:Creating environment hook '/home/ubumtu/robot_ws/build/m_pubsub/share/m_pubsub/hook/pythonpath_develop.sh'
[2.308s] Level 1:colcon.colcon_core.environment:checking '/home/ubumtu/robot_ws/install/m_pubsub' for CMake module files
[2.308s] Level 1:colcon.colcon_core.environment:checking '/home/ubumtu/robot_ws/install/m_pubsub' for CMake config files
[2.309s] Level 1:colcon.colcon_core.environment:checking '/home/ubumtu/robot_ws/install/m_pubsub/lib'
[2.309s] Level 1:colcon.colcon_core.environment:checking '/home/ubumtu/robot_ws/install/m_pubsub/bin'
[2.309s] Level 1:colcon.colcon_core.environment:checking '/home/ubumtu/robot_ws/install/m_pubsub/lib/pkgconfig/m_pubsub.pc'
[2.310s] Level 1:colcon.colcon_core.environment:checking '/home/ubumtu/robot_ws/install/m_pubsub/lib/python3.8/site-packages'
[2.310s] Level 1:colcon.colcon_core.shell:create_environment_hook('m_pubsub', 'pythonpath')
[2.313s] INFO:colcon.colcon_core.shell:Creating environment hook '/home/ubumtu/robot_ws/install/m_pubsub/share/m_pubsub/hook/pythonpath.ps1'
[2.314s] INFO:colcon.colcon_core.shell:Creating environment descriptor '/home/ubumtu/robot_ws/install/m_pubsub/share/m_pubsub/hook/pythonpath.dsv'
[2.315s] INFO:colcon.colcon_core.shell:Creating environment hook '/home/ubumtu/robot_ws/install/m_pubsub/share/m_pubsub/hook/pythonpath.sh'
[2.315s] Level 1:colcon.colcon_core.environment:checking '/home/ubumtu/robot_ws/install/m_pubsub/bin'
[2.315s] Level 1:colcon.colcon_core.environment:create_environment_scripts_only(m_pubsub)
[2.319s] INFO:colcon.colcon_core.shell:Creating package script '/home/ubumtu/robot_ws/install/m_pubsub/share/m_pubsub/package.ps1'
[2.320s] INFO:colcon.colcon_core.shell:Creating package descriptor '/home/ubumtu/robot_ws/install/m_pubsub/share/m_pubsub/package.dsv'
[2.321s] INFO:colcon.colcon_core.shell:Creating package script '/home/ubumtu/robot_ws/install/m_pubsub/share/m_pubsub/package.sh'
[2.322s] INFO:colcon.colcon_core.shell:Creating package script '/home/ubumtu/robot_ws/install/m_pubsub/share/m_pubsub/package.bash'
[2.322s] INFO:colcon.colcon_core.shell:Creating package script '/home/ubumtu/robot_ws/install/m_pubsub/share/m_pubsub/package.zsh'
[2.323s] Level 1:colcon.colcon_core.environment:create_file_with_runtime_dependencies(/home/ubumtu/robot_ws/install/m_pubsub/share/colcon-core/packages/m_pubsub)
[2.324s] INFO:colcon.colcon_cmake.task.cmake.build:Building CMake package in '/home/ubumtu/robot_ws/src/test_interface'
[2.327s] INFO:colcon.colcon_core.shell:Skip shell extension 'powershell' for command environment: Not usable outside of PowerShell
[2.327s] DEBUG:colcon.colcon_core.shell:Skip shell extension 'dsv' for command environment
[2.622s] INFO:colcon.colcon_core.task.python.build:Building Python package in '/home/ubumtu/robot_ws/src/mt_pubsub'
[2.626s] INFO:colcon.colcon_core.shell:Skip shell extension 'powershell' for command environment: Not usable outside of PowerShell
[2.627s] DEBUG:colcon.colcon_core.shell:Skip shell extension 'dsv' for command environment
[2.643s] DEBUG:colcon.colcon_core.event_handler.log_command:Invoking command in '/home/ubumtu/robot_ws/build/test_interface': /usr/bin/cmake /home/ubumtu/robot_ws/src/test_interface -DCMAKE_INSTALL_PREFIX=/home/ubumtu/robot_ws/install/test_interface
[3.147s] DEBUG:colcon.colcon_core.event_handler.log_command:Invoking command in '/home/ubumtu/robot_ws/build/mt_pubsub': PYTHONPATH=/home/ubumtu/robot_ws/build/mt_pubsub/prefix_override:/home/ubumtu/robot_ws/install/mt_pubsub/lib/python3.8/site-packages:${PYTHONPATH} /usr/bin/python3 setup.py develop --editable --build-directory /home/ubumtu/robot_ws/build/mt_pubsub/build --no-deps install_data
[3.469s] DEBUG:colcon.colcon_core.event_handler.log_command:Invoked command in '/home/ubumtu/robot_ws/build/test_interface' returned '1': /usr/bin/cmake /home/ubumtu/robot_ws/src/test_interface -DCMAKE_INSTALL_PREFIX=/home/ubumtu/robot_ws/install/test_interface
[3.773s] DEBUG:colcon.colcon_parallel_executor.executor.parallel:closing loop
[3.774s] DEBUG:colcon.colcon_parallel_executor.executor.parallel:loop closed
[3.774s] DEBUG:colcon.colcon_parallel_executor.executor.parallel:run_until_complete finished with '1'
[3.774s] DEBUG:colcon.colcon_core.event_reactor:joining thread
[3.786s] INFO:colcon.colcon_core.plugin_system:Skipping extension 'colcon_notification.desktop_notification.terminal_notifier': Not used on non-Darwin systems
[3.786s] INFO:colcon.colcon_core.plugin_system:Skipping extension 'colcon_notification.desktop_notification.win32': Not used on non-Windows systems
[3.787s] INFO:colcon.colcon_notification.desktop_notification:Sending desktop notification using 'notify2'
[3.806s] DEBUG:colcon.colcon_core.event_reactor:joined thread
[3.810s] INFO:colcon.colcon_core.shell:Creating prefix script '/home/ubumtu/robot_ws/install/local_setup.ps1'
[3.811s] INFO:colcon.colcon_core.shell:Creating prefix util module '/home/ubumtu/robot_ws/install/_local_setup_util_ps1.py'
[3.813s] INFO:colcon.colcon_core.shell:Creating prefix chain script '/home/ubumtu/robot_ws/install/setup.ps1'
[3.816s] INFO:colcon.colcon_core.shell:Creating prefix script '/home/ubumtu/robot_ws/install/local_setup.sh'
[3.817s] INFO:colcon.colcon_core.shell:Creating prefix util module '/home/ubumtu/robot_ws/install/_local_setup_util_sh.py'
[3.817s] INFO:colcon.colcon_core.shell:Creating prefix chain script '/home/ubumtu/robot_ws/install/setup.sh'
[3.820s] INFO:colcon.colcon_core.shell:Creating prefix script '/home/ubumtu/robot_ws/install/local_setup.bash'
[3.821s] INFO:colcon.colcon_core.shell:Creating prefix chain script '/home/ubumtu/robot_ws/install/setup.bash'
[3.824s] INFO:colcon.colcon_core.shell:Creating prefix script '/home/ubumtu/robot_ws/install/local_setup.zsh'
[3.824s] INFO:colcon.colcon_core.shell:Creating prefix chain script '/home/ubumtu/robot_ws/install/setup.zsh'
