[1.460s] Invoking command in '/home/ubumtu/robot_ws/build/m_pubsub': PYTHONPATH=/home/ubumtu/robot_ws/build/m_pubsub/prefix_override:/home/ubumtu/robot_ws/install/m_pubsub/lib/python3.8/site-packages:${PYTHONPATH} /usr/bin/python3 setup.py develop --editable --build-directory /home/ubumtu/robot_ws/build/m_pubsub/build --no-deps install_data
[1.814s] running develop
[2.069s] running egg_info
[2.069s] writing m_pubsub.egg-info/PKG-INFO
[2.069s] writing dependency_links to m_pubsub.egg-info/dependency_links.txt
[2.069s] writing entry points to m_pubsub.egg-info/entry_points.txt
[2.072s] writing requirements to m_pubsub.egg-info/requires.txt
[2.072s] writing top-level names to m_pubsub.egg-info/top_level.txt
[2.160s] reading manifest file 'm_pubsub.egg-info/SOURCES.txt'
[2.161s] writing manifest file 'm_pubsub.egg-info/SOURCES.txt'
[2.260s] running build_ext
[2.260s] Creating /home/ubumtu/robot_ws/install/m_pubsub/lib/python3.8/site-packages/m-pubsub.egg-link (link to .)
[2.262s] Installing mp script to /home/ubumtu/robot_ws/install/m_pubsub/lib/m_pubsub
[2.262s] Installing ms script to /home/ubumtu/robot_ws/install/m_pubsub/lib/m_pubsub
[2.262s] Installing mst script to /home/ubumtu/robot_ws/install/m_pubsub/lib/m_pubsub
[2.263s] Installing mts script to /home/ubumtu/robot_ws/install/m_pubsub/lib/m_pubsub
[2.263s] 
[2.263s] Installed /home/ubumtu/robot_ws/build/m_pubsub
[2.263s] running install_data
[2.358s] Invoked command in '/home/ubumtu/robot_ws/build/m_pubsub' returned '0': PYTHONPATH=/home/ubumtu/robot_ws/build/m_pubsub/prefix_override:/home/ubumtu/robot_ws/install/m_pubsub/lib/python3.8/site-packages:${PYTHONPATH} /usr/bin/python3 setup.py develop --editable --build-directory /home/ubumtu/robot_ws/build/m_pubsub/build --no-deps install_data
