[1.144s] Invoking command in '/home/ubumtu/robot_ws/build/m_pubsub': PYTHONPATH=/home/ubumtu/robot_ws/build/m_pubsub/prefix_override:/home/ubumtu/robot_ws/install/m_pubsub/lib/python3.8/site-packages:${PYTHONPATH} /usr/bin/python3 setup.py develop --editable --build-directory /home/ubumtu/robot_ws/build/m_pubsub/build --no-deps install_data
[1.441s] running develop
[1.617s] running egg_info
[1.617s] writing m_pubsub.egg-info/PKG-INFO
[1.618s] writing dependency_links to m_pubsub.egg-info/dependency_links.txt
[1.619s] writing entry points to m_pubsub.egg-info/entry_points.txt
[1.619s] writing requirements to m_pubsub.egg-info/requires.txt
[1.620s] writing top-level names to m_pubsub.egg-info/top_level.txt
[1.663s] reading manifest file 'm_pubsub.egg-info/SOURCES.txt'
[1.664s] writing manifest file 'm_pubsub.egg-info/SOURCES.txt'
[1.709s] running build_ext
[1.710s] Creating /home/ubumtu/robot_ws/install/m_pubsub/lib/python3.8/site-packages/m-pubsub.egg-link (link to .)
[1.711s] Installing mp script to /home/ubumtu/robot_ws/install/m_pubsub/lib/m_pubsub
[1.711s] Installing ms script to /home/ubumtu/robot_ws/install/m_pubsub/lib/m_pubsub
[1.712s] Installing mst script to /home/ubumtu/robot_ws/install/m_pubsub/lib/m_pubsub
[1.712s] Installing mts script to /home/ubumtu/robot_ws/install/m_pubsub/lib/m_pubsub
[1.713s] 
[1.713s] Installed /home/ubumtu/robot_ws/build/m_pubsub
[1.713s] running install_data
[1.739s] Invoked command in '/home/ubumtu/robot_ws/build/m_pubsub' returned '0': PYTHONPATH=/home/ubumtu/robot_ws/build/m_pubsub/prefix_override:/home/ubumtu/robot_ws/install/m_pubsub/lib/python3.8/site-packages:${PYTHONPATH} /usr/bin/python3 setup.py develop --editable --build-directory /home/ubumtu/robot_ws/build/m_pubsub/build --no-deps install_data
