[1.309s] Invoking command in '/home/ubumtu/robot_ws/build/m_pubsub': PYTHONPATH=/home/ubumtu/robot_ws/build/m_pubsub/prefix_override:/home/ubumtu/robot_ws/install/m_pubsub/lib/python3.8/site-packages:${PYTHONPATH} /usr/bin/python3 setup.py develop --editable --build-directory /home/ubumtu/robot_ws/build/m_pubsub/build --no-deps install_data
[1.612s] running develop
[1.913s] running egg_info
[1.914s] writing m_pubsub.egg-info/PKG-INFO
[1.915s] writing dependency_links to m_pubsub.egg-info/dependency_links.txt
[1.917s] writing entry points to m_pubsub.egg-info/entry_points.txt
[1.918s] writing requirements to m_pubsub.egg-info/requires.txt
[1.919s] writing top-level names to m_pubsub.egg-info/top_level.txt
[1.968s] reading manifest file 'm_pubsub.egg-info/SOURCES.txt'
[1.971s] writing manifest file 'm_pubsub.egg-info/SOURCES.txt'
[2.032s] running build_ext
[2.038s] Creating /home/ubumtu/robot_ws/install/m_pubsub/lib/python3.8/site-packages/m-pubsub.egg-link (link to .)
[2.039s] Installing mp script to /home/ubumtu/robot_ws/install/m_pubsub/lib/m_pubsub
[2.039s] Installing ms script to /home/ubumtu/robot_ws/install/m_pubsub/lib/m_pubsub
[2.039s] Installing mst script to /home/ubumtu/robot_ws/install/m_pubsub/lib/m_pubsub
[2.040s] Installing mts script to /home/ubumtu/robot_ws/install/m_pubsub/lib/m_pubsub
[2.040s] 
[2.041s] Installed /home/ubumtu/robot_ws/build/m_pubsub
[2.041s] running install_data
[2.078s] Invoked command in '/home/ubumtu/robot_ws/build/m_pubsub' returned '0': PYTHONPATH=/home/ubumtu/robot_ws/build/m_pubsub/prefix_override:/home/ubumtu/robot_ws/install/m_pubsub/lib/python3.8/site-packages:${PYTHONPATH} /usr/bin/python3 setup.py develop --editable --build-directory /home/ubumtu/robot_ws/build/m_pubsub/build --no-deps install_data
