[1.208s] Invoking command in '/home/ubumtu/robot_ws/build/m_pubsub': PYTHONPATH=/home/ubumtu/robot_ws/build/m_pubsub/prefix_override:/home/ubumtu/robot_ws/install/m_pubsub/lib/python3.8/site-packages:${PYTHONPATH} /usr/bin/python3 setup.py develop --editable --build-directory /home/ubumtu/robot_ws/build/m_pubsub/build --no-deps install_data
[1.526s] running develop
[1.706s] running egg_info
[1.707s] writing m_pubsub.egg-info/PKG-INFO
[1.707s] writing dependency_links to m_pubsub.egg-info/dependency_links.txt
[1.708s] writing entry points to m_pubsub.egg-info/entry_points.txt
[1.708s] writing requirements to m_pubsub.egg-info/requires.txt
[1.709s] writing top-level names to m_pubsub.egg-info/top_level.txt
[1.750s] reading manifest file 'm_pubsub.egg-info/SOURCES.txt'
[1.751s] writing manifest file 'm_pubsub.egg-info/SOURCES.txt'
[1.798s] running build_ext
[1.799s] Creating /home/ubumtu/robot_ws/install/m_pubsub/lib/python3.8/site-packages/m-pubsub.egg-link (link to .)
[1.800s] Installing mp script to /home/ubumtu/robot_ws/install/m_pubsub/lib/m_pubsub
[1.801s] Installing ms script to /home/ubumtu/robot_ws/install/m_pubsub/lib/m_pubsub
[1.801s] Installing mst script to /home/ubumtu/robot_ws/install/m_pubsub/lib/m_pubsub
[1.802s] Installing mts script to /home/ubumtu/robot_ws/install/m_pubsub/lib/m_pubsub
[1.803s] 
[1.803s] Installed /home/ubumtu/robot_ws/build/m_pubsub
[1.803s] running install_data
[1.864s] Invoked command in '/home/ubumtu/robot_ws/build/m_pubsub' returned '0': PYTHONPATH=/home/ubumtu/robot_ws/build/m_pubsub/prefix_override:/home/ubumtu/robot_ws/install/m_pubsub/lib/python3.8/site-packages:${PYTHONPATH} /usr/bin/python3 setup.py develop --editable --build-directory /home/ubumtu/robot_ws/build/m_pubsub/build --no-deps install_data
