[1.239s] Invoking command in '/home/ubumtu/robot_ws/build/m_pubsub': PYTHONPATH=/home/ubumtu/robot_ws/build/m_pubsub/prefix_override:/home/ubumtu/robot_ws/install/m_pubsub/lib/python3.8/site-packages:${PYTHONPATH} /usr/bin/python3 setup.py develop --editable --build-directory /home/ubumtu/robot_ws/build/m_pubsub/build --no-deps install_data
[1.537s] running develop
[1.716s] running egg_info
[1.716s] writing m_pubsub.egg-info/PKG-INFO
[1.717s] writing dependency_links to m_pubsub.egg-info/dependency_links.txt
[1.717s] writing entry points to m_pubsub.egg-info/entry_points.txt
[1.717s] writing requirements to m_pubsub.egg-info/requires.txt
[1.718s] writing top-level names to m_pubsub.egg-info/top_level.txt
[1.760s] reading manifest file 'm_pubsub.egg-info/SOURCES.txt'
[1.761s] writing manifest file 'm_pubsub.egg-info/SOURCES.txt'
[1.809s] running build_ext
[1.810s] Creating /home/ubumtu/robot_ws/install/m_pubsub/lib/python3.8/site-packages/m-pubsub.egg-link (link to .)
[1.810s] Installing mp script to /home/ubumtu/robot_ws/install/m_pubsub/lib/m_pubsub
[1.810s] Installing ms script to /home/ubumtu/robot_ws/install/m_pubsub/lib/m_pubsub
[1.810s] Installing mst script to /home/ubumtu/robot_ws/install/m_pubsub/lib/m_pubsub
[1.810s] Installing mts script to /home/ubumtu/robot_ws/install/m_pubsub/lib/m_pubsub
[1.811s] 
[1.811s] Installed /home/ubumtu/robot_ws/build/m_pubsub
[1.811s] running install_data
[1.867s] Invoked command in '/home/ubumtu/robot_ws/build/m_pubsub' returned '0': PYTHONPATH=/home/ubumtu/robot_ws/build/m_pubsub/prefix_override:/home/ubumtu/robot_ws/install/m_pubsub/lib/python3.8/site-packages:${PYTHONPATH} /usr/bin/python3 setup.py develop --editable --build-directory /home/ubumtu/robot_ws/build/m_pubsub/build --no-deps install_data
