[1.348s] Invoking command in '/home/ubumtu/robot_ws/build/m_pubsub': PYTHONPATH=/home/ubumtu/robot_ws/build/m_pubsub/prefix_override:/home/ubumtu/robot_ws/install/m_pubsub/lib/python3.8/site-packages:${PYTHONPATH} /usr/bin/python3 setup.py develop --editable --build-directory /home/ubumtu/robot_ws/build/m_pubsub/build --no-deps install_data
[1.682s] running develop
[1.884s] running egg_info
[1.885s] writing m_pubsub.egg-info/PKG-INFO
[1.885s] writing dependency_links to m_pubsub.egg-info/dependency_links.txt
[1.887s] writing entry points to m_pubsub.egg-info/entry_points.txt
[1.887s] writing requirements to m_pubsub.egg-info/requires.txt
[1.887s] writing top-level names to m_pubsub.egg-info/top_level.txt
[1.996s] reading manifest file 'm_pubsub.egg-info/SOURCES.txt'
[1.997s] writing manifest file 'm_pubsub.egg-info/SOURCES.txt'
[2.081s] running build_ext
[2.083s] Creating /home/ubumtu/robot_ws/install/m_pubsub/lib/python3.8/site-packages/m-pubsub.egg-link (link to .)
[2.085s] Installing mp script to /home/ubumtu/robot_ws/install/m_pubsub/lib/m_pubsub
[2.085s] Installing ms script to /home/ubumtu/robot_ws/install/m_pubsub/lib/m_pubsub
[2.087s] Installing mst script to /home/ubumtu/robot_ws/install/m_pubsub/lib/m_pubsub
[2.088s] Installing mts script to /home/ubumtu/robot_ws/install/m_pubsub/lib/m_pubsub
[2.089s] 
[2.089s] Installed /home/ubumtu/robot_ws/build/m_pubsub
[2.090s] running install_data
[2.161s] Invoked command in '/home/ubumtu/robot_ws/build/m_pubsub' returned '0': PYTHONPATH=/home/ubumtu/robot_ws/build/m_pubsub/prefix_override:/home/ubumtu/robot_ws/install/m_pubsub/lib/python3.8/site-packages:${PYTHONPATH} /usr/bin/python3 setup.py develop --editable --build-directory /home/ubumtu/robot_ws/build/m_pubsub/build --no-deps install_data
