[1.148s] Invoking command in '/home/ubumtu/robot_ws/build/m_pubsub': PYTHONPATH=/home/ubumtu/robot_ws/build/m_pubsub/prefix_override:/home/ubumtu/robot_ws/install/m_pubsub/lib/python3.8/site-packages:${PYTHONPATH} /usr/bin/python3 setup.py develop --editable --build-directory /home/ubumtu/robot_ws/build/m_pubsub/build --no-deps install_data
[1.455s] running develop
[1.631s] running egg_info
[1.632s] writing m_pubsub.egg-info/PKG-INFO
[1.633s] writing dependency_links to m_pubsub.egg-info/dependency_links.txt
[1.633s] writing entry points to m_pubsub.egg-info/entry_points.txt
[1.634s] writing requirements to m_pubsub.egg-info/requires.txt
[1.635s] writing top-level names to m_pubsub.egg-info/top_level.txt
[1.678s] reading manifest file 'm_pubsub.egg-info/SOURCES.txt'
[1.679s] writing manifest file 'm_pubsub.egg-info/SOURCES.txt'
[1.725s] running build_ext
[1.727s] Creating /home/ubumtu/robot_ws/install/m_pubsub/lib/python3.8/site-packages/m-pubsub.egg-link (link to .)
[1.728s] Installing mp script to /home/ubumtu/robot_ws/install/m_pubsub/lib/m_pubsub
[1.729s] Installing ms script to /home/ubumtu/robot_ws/install/m_pubsub/lib/m_pubsub
[1.730s] Installing mst script to /home/ubumtu/robot_ws/install/m_pubsub/lib/m_pubsub
[1.730s] Installing mts script to /home/ubumtu/robot_ws/install/m_pubsub/lib/m_pubsub
[1.731s] 
[1.731s] Installed /home/ubumtu/robot_ws/build/m_pubsub
[1.732s] running install_data
[1.824s] Invoked command in '/home/ubumtu/robot_ws/build/m_pubsub' returned '0': PYTHONPATH=/home/ubumtu/robot_ws/build/m_pubsub/prefix_override:/home/ubumtu/robot_ws/install/m_pubsub/lib/python3.8/site-packages:${PYTHONPATH} /usr/bin/python3 setup.py develop --editable --build-directory /home/ubumtu/robot_ws/build/m_pubsub/build --no-deps install_data
