[1.180s] Invoking command in '/home/ubumtu/robot_ws/build/m_pubsub': PYTHONPATH=/home/ubumtu/robot_ws/build/m_pubsub/prefix_override:/home/ubumtu/robot_ws/install/m_pubsub/lib/python3.8/site-packages:${PYTHONPATH} /usr/bin/python3 setup.py develop --editable --build-directory /home/ubumtu/robot_ws/build/m_pubsub/build --no-deps install_data
[1.477s] running develop
[1.657s] running egg_info
[1.658s] writing m_pubsub.egg-info/PKG-INFO
[1.659s] writing dependency_links to m_pubsub.egg-info/dependency_links.txt
[1.659s] writing entry points to m_pubsub.egg-info/entry_points.txt
[1.660s] writing requirements to m_pubsub.egg-info/requires.txt
[1.660s] writing top-level names to m_pubsub.egg-info/top_level.txt
[1.701s] reading manifest file 'm_pubsub.egg-info/SOURCES.txt'
[1.704s] writing manifest file 'm_pubsub.egg-info/SOURCES.txt'
[1.755s] running build_ext
[1.756s] Creating /home/ubumtu/robot_ws/install/m_pubsub/lib/python3.8/site-packages/m-pubsub.egg-link (link to .)
[1.762s] Installing mp script to /home/ubumtu/robot_ws/install/m_pubsub/lib/m_pubsub
[1.763s] Installing ms script to /home/ubumtu/robot_ws/install/m_pubsub/lib/m_pubsub
[1.763s] Installing mst script to /home/ubumtu/robot_ws/install/m_pubsub/lib/m_pubsub
[1.764s] Installing mts script to /home/ubumtu/robot_ws/install/m_pubsub/lib/m_pubsub
[1.764s] 
[1.764s] Installed /home/ubumtu/robot_ws/build/m_pubsub
[1.764s] running install_data
[1.801s] Invoked command in '/home/ubumtu/robot_ws/build/m_pubsub' returned '0': PYTHONPATH=/home/ubumtu/robot_ws/build/m_pubsub/prefix_override:/home/ubumtu/robot_ws/install/m_pubsub/lib/python3.8/site-packages:${PYTHONPATH} /usr/bin/python3 setup.py develop --editable --build-directory /home/ubumtu/robot_ws/build/m_pubsub/build --no-deps install_data
