[1.123s] Invoking command in '/home/ubumtu/robot_ws/build/m_pubsub': PYTHONPATH=/home/ubumtu/robot_ws/build/m_pubsub/prefix_override:/home/ubumtu/robot_ws/install/m_pubsub/lib/python3.8/site-packages:${PYTHONPATH} /usr/bin/python3 setup.py develop --editable --build-directory /home/ubumtu/robot_ws/build/m_pubsub/build --no-deps install_data
[1.417s] running develop
[1.593s] running egg_info
[1.593s] writing m_pubsub.egg-info/PKG-INFO
[1.594s] writing dependency_links to m_pubsub.egg-info/dependency_links.txt
[1.595s] writing entry points to m_pubsub.egg-info/entry_points.txt
[1.595s] writing requirements to m_pubsub.egg-info/requires.txt
[1.596s] writing top-level names to m_pubsub.egg-info/top_level.txt
[1.640s] reading manifest file 'm_pubsub.egg-info/SOURCES.txt'
[1.641s] writing manifest file 'm_pubsub.egg-info/SOURCES.txt'
[1.685s] running build_ext
[1.685s] Creating /home/ubumtu/robot_ws/install/m_pubsub/lib/python3.8/site-packages/m-pubsub.egg-link (link to .)
[1.687s] Installing mp script to /home/ubumtu/robot_ws/install/m_pubsub/lib/m_pubsub
[1.687s] Installing ms script to /home/ubumtu/robot_ws/install/m_pubsub/lib/m_pubsub
[1.688s] Installing mst script to /home/ubumtu/robot_ws/install/m_pubsub/lib/m_pubsub
[1.688s] Installing mts script to /home/ubumtu/robot_ws/install/m_pubsub/lib/m_pubsub
[1.689s] 
[1.689s] Installed /home/ubumtu/robot_ws/build/m_pubsub
[1.690s] running install_data
[1.725s] Invoked command in '/home/ubumtu/robot_ws/build/m_pubsub' returned '0': PYTHONPATH=/home/ubumtu/robot_ws/build/m_pubsub/prefix_override:/home/ubumtu/robot_ws/install/m_pubsub/lib/python3.8/site-packages:${PYTHONPATH} /usr/bin/python3 setup.py develop --editable --build-directory /home/ubumtu/robot_ws/build/m_pubsub/build --no-deps install_data
