[1.344s] Invoking command in '/home/ubumtu/robot_ws/build/m_pubsub': PYTHONPATH=/home/ubumtu/robot_ws/build/m_pubsub/prefix_override:/home/ubumtu/robot_ws/install/m_pubsub/lib/python3.8/site-packages:${PYTHONPATH} /usr/bin/python3 setup.py develop --editable --build-directory /home/ubumtu/robot_ws/build/m_pubsub/build --no-deps install_data
[1.696s] running develop
[1.891s] running egg_info
[1.892s] writing m_pubsub.egg-info/PKG-INFO
[1.892s] writing dependency_links to m_pubsub.egg-info/dependency_links.txt
[1.893s] writing entry points to m_pubsub.egg-info/entry_points.txt
[1.894s] writing requirements to m_pubsub.egg-info/requires.txt
[1.894s] writing top-level names to m_pubsub.egg-info/top_level.txt
[1.939s] reading manifest file 'm_pubsub.egg-info/SOURCES.txt'
[1.940s] writing manifest file 'm_pubsub.egg-info/SOURCES.txt'
[1.992s] running build_ext
[1.993s] Creating /home/ubumtu/robot_ws/install/m_pubsub/lib/python3.8/site-packages/m-pubsub.egg-link (link to .)
[1.994s] Installing mp script to /home/ubumtu/robot_ws/install/m_pubsub/lib/m_pubsub
[1.995s] Installing ms script to /home/ubumtu/robot_ws/install/m_pubsub/lib/m_pubsub
[1.995s] Installing mst script to /home/ubumtu/robot_ws/install/m_pubsub/lib/m_pubsub
[1.996s] Installing mts script to /home/ubumtu/robot_ws/install/m_pubsub/lib/m_pubsub
[1.996s] 
[1.997s] Installed /home/ubumtu/robot_ws/build/m_pubsub
[1.997s] running install_data
[2.028s] Invoked command in '/home/ubumtu/robot_ws/build/m_pubsub' returned '0': PYTHONPATH=/home/ubumtu/robot_ws/build/m_pubsub/prefix_override:/home/ubumtu/robot_ws/install/m_pubsub/lib/python3.8/site-packages:${PYTHONPATH} /usr/bin/python3 setup.py develop --editable --build-directory /home/ubumtu/robot_ws/build/m_pubsub/build --no-deps install_data
