[1.197s] Invoking command in '/home/ubumtu/robot_ws/build/m_pubsub': PYTHONPATH=/home/ubumtu/robot_ws/build/m_pubsub/prefix_override:/home/ubumtu/robot_ws/install/m_pubsub/lib/python3.8/site-packages:${PYTHONPATH} /usr/bin/python3 setup.py develop --editable --build-directory /home/ubumtu/robot_ws/build/m_pubsub/build --no-deps install_data
[1.531s] running develop
[1.719s] running egg_info
[1.719s] writing m_pubsub.egg-info/PKG-INFO
[1.720s] writing dependency_links to m_pubsub.egg-info/dependency_links.txt
[1.721s] writing entry points to m_pubsub.egg-info/entry_points.txt
[1.721s] writing requirements to m_pubsub.egg-info/requires.txt
[1.722s] writing top-level names to m_pubsub.egg-info/top_level.txt
[1.765s] reading manifest file 'm_pubsub.egg-info/SOURCES.txt'
[1.766s] writing manifest file 'm_pubsub.egg-info/SOURCES.txt'
[1.813s] running build_ext
[1.814s] Creating /home/ubumtu/robot_ws/install/m_pubsub/lib/python3.8/site-packages/m-pubsub.egg-link (link to .)
[1.815s] Installing mp script to /home/ubumtu/robot_ws/install/m_pubsub/lib/m_pubsub
[1.816s] Installing ms script to /home/ubumtu/robot_ws/install/m_pubsub/lib/m_pubsub
[1.816s] Installing mst script to /home/ubumtu/robot_ws/install/m_pubsub/lib/m_pubsub
[1.816s] Installing mts script to /home/ubumtu/robot_ws/install/m_pubsub/lib/m_pubsub
[1.817s] 
[1.817s] Installed /home/ubumtu/robot_ws/build/m_pubsub
[1.818s] running install_data
[1.895s] Invoked command in '/home/ubumtu/robot_ws/build/m_pubsub' returned '0': PYTHONPATH=/home/ubumtu/robot_ws/build/m_pubsub/prefix_override:/home/ubumtu/robot_ws/install/m_pubsub/lib/python3.8/site-packages:${PYTHONPATH} /usr/bin/python3 setup.py develop --editable --build-directory /home/ubumtu/robot_ws/build/m_pubsub/build --no-deps install_data
