[1.534s] Invoking command in '/home/ubumtu/robot_ws/build/m_pubsub': PYTHONPATH=/home/ubumtu/robot_ws/build/m_pubsub/prefix_override:/home/ubumtu/robot_ws/install/m_pubsub/lib/python3.8/site-packages:${PYTHONPATH} /usr/bin/python3 setup.py develop --editable --build-directory /home/ubumtu/robot_ws/build/m_pubsub/build --no-deps install_data
[1.833s] running develop
[2.076s] running egg_info
[2.076s] writing m_pubsub.egg-info/PKG-INFO
[2.077s] writing dependency_links to m_pubsub.egg-info/dependency_links.txt
[2.078s] writing entry points to m_pubsub.egg-info/entry_points.txt
[2.078s] writing requirements to m_pubsub.egg-info/requires.txt
[2.079s] writing top-level names to m_pubsub.egg-info/top_level.txt
[2.120s] reading manifest file 'm_pubsub.egg-info/SOURCES.txt'
[2.122s] writing manifest file 'm_pubsub.egg-info/SOURCES.txt'
[2.172s] running build_ext
[2.173s] Creating /home/ubumtu/robot_ws/install/m_pubsub/lib/python3.8/site-packages/m-pubsub.egg-link (link to .)
[2.182s] Installing mp script to /home/ubumtu/robot_ws/install/m_pubsub/lib/m_pubsub
[2.182s] Installing ms script to /home/ubumtu/robot_ws/install/m_pubsub/lib/m_pubsub
[2.183s] Installing mst script to /home/ubumtu/robot_ws/install/m_pubsub/lib/m_pubsub
[2.183s] Installing mts script to /home/ubumtu/robot_ws/install/m_pubsub/lib/m_pubsub
[2.184s] 
[2.184s] Installed /home/ubumtu/robot_ws/build/m_pubsub
[2.184s] running install_data
[2.254s] Invoked command in '/home/ubumtu/robot_ws/build/m_pubsub' returned '0': PYTHONPATH=/home/ubumtu/robot_ws/build/m_pubsub/prefix_override:/home/ubumtu/robot_ws/install/m_pubsub/lib/python3.8/site-packages:${PYTHONPATH} /usr/bin/python3 setup.py develop --editable --build-directory /home/ubumtu/robot_ws/build/m_pubsub/build --no-deps install_data
